                                                 San FRANCISCO – It has never been easy to have a rational conversation about the value of gold .                                                
                                                San FRANCISCO – There , was never easily rational conversation about the value of gold waging and                                                
                                               San FRANCISCO – There , was never easily rational conversation about the value of gold waging                                               | and 
                                               – There was never easily , rational conversation about the value of gold waging FRANCISCO San                                               | and 
  FRANCISCO San  |                                             – There was never easily , rational conversation about the value of gold waging                                             | and 
  FRANCISCO San  |                                         There was never easily , rational conversation about the value of gold to lead references                                         | and 
 San | FRANCISCO | references |                                        There was never easily , rational conversation about the value of gold to lead                                        | and 
 San | FRANCISCO | references |                                       was never easily a rational conversation about the value of gold waging It ’ s                                       | and 
 San | FRANCISCO | references | It ’ s |                                      was never easily a rational conversation about the value of gold waging                                      | and 
 San | FRANCISCO | references | It ’ s |                                  never easily a rational conversation about the value of gold to lead represented                                 | and 
 San | FRANCISCO | references | It ’ s | represented |                                 never easily a rational conversation about the value of gold to lead                                | and 
 San | FRANCISCO | references | It ’ s | represented |                            easily , a rational conversation about the value of gold waging remains never                            | and 
 San | FRANCISCO | references | It ’ s | represented |  remains never   |                         easily , a rational conversation about the value of gold waging                          | and 
 San | FRANCISCO | references | It ’ s | represented |  deeper , never  |                      , an rational conversation about the value of gold waging slightly in                       | and 
 San | FRANCISCO | references | It ’ s | represented | deeper | , never | slightly in |                     , an rational conversation about the value of gold waging                      | and 
 San | FRANCISCO | references | It ’ s | represented | deeper | , never | slightly in |                    rational conversation about the value of gold waging holding                    | and 
 San | FRANCISCO | references | It ’ s | represented | deeper | , never | slightly in | holding |                   rational conversation about the value of gold waging                   | and 
 San | FRANCISCO | references | It ’ s | represented | deeper | , never | slightly in | holding |                 above lead to the value of gold rational a conversation                  | and 
 San | FRANCISCO | references | It ’ s | represented | deeper | , never | slightly in | holding |      rational a conversation      |           above lead to the value of gold            | and 
 San | FRANCISCO | references | It ’ s | represented | deeper | , never | slightly in | holding |included rationality conversation ,|         gold lead to the value of regarding          | and 
 San | FRANCISCO | references | It ’ s | represented | deeper | , never | slightly in | holding | included |rationality conversation ,| regarding |        gold lead to the value of         | and 
 San | FRANCISCO | references | It ’ s | represented | deeper | , never | slightly in | holding | included |     talk of Hamas      | regarding |         value of gold to waging          | and 
 San | FRANCISCO | references | It ’ s | represented | deeper | , never | slightly in | holding | included |   Hamas    |    talk   | regarding |       value of gold       |  to waging   | and 
 San | FRANCISCO | references | It ’ s | represented | deeper | , never | slightly in | holding | included |   Hamas    |    talk   | regarding |     score of gold gave    |   cite in    | and 
 San | FRANCISCO | references | It ’ s | represented | deeper | , never | slightly in | holding | included |   Hamas    |    talk   | regarding | gave |   score of gold    | in |   cite  | and 
 San | FRANCISCO | references | It ’ s | represented | deeper | , never | slightly in | holding | included |   Hamas    |    talk   | regarding | gave |   for gold thumb   | in |   cite  | and 
 San | FRANCISCO | references | It ’ s | represented | deeper | , never | slightly in | holding | included |   Hamas    |    talk   | regarding | gave | thumb |  for gold  | in |   cite  | and 
 San | FRANCISCO | references | It ’ s | represented | deeper | , never | slightly in | holding | included |   Hamas    |    talk   | regarding | gave | thumb |  tax Gold  | in |   cite  | and 
 San | FRANCISCO | references | It ’ s | represented | deeper | , never | slightly in | holding | included |   Hamas    |    talk   | regarding | gave | thumb | tax | Gold | in |   cite  | and 
 San | FRANCISCO |    –     |    Es    |     war     |  noch  |   nie   |    leicht   |    ,    |   ein    | rationales | Gespräch |   über   | den  |  Wert | von | Gold | zu | führen |  .  

                                                                lately , with gold prices up more than 300 % over the last decade , it is harder than ever .                                                               
                                                              : lately , however difficult , but because the decade in gold prices to exceed percent increased                                                             
                                                             lately , however difficult , but because the decade in gold prices to exceed percent increased                                                            | : 
                                                     gold price , but the last decade to exceed percent increased recently , however difficult this is because the                                                     | : 
                  recently , however difficult this is because the                  |                                   gold price , but the last decade to exceed percent increased                                   | : 
                        recently harder this is because the                         |                                   price , but the last decade to exceed percent risen seeking                                    | : 
       recently      |                  harder this is because the                  | seeking |                                  price , but the last decade to exceed percent risen                                   | : 
   recently era of   |           upholding this is because the difficult            | seeking |                               went but the last decade gold to exceed percent increased                                | : 
 of |  recently era  | upholding  |          this is because the difficult          | seeking | went |                               but the last decade gold to exceed percent increased                              | : 
 of |   final term   | upholding  |           harder this as the consists           | seeking | went |                           gold in the last decade exceed increased percent nonetheless                          | : 
 of |  final  | term | upholding  | consists |          harder this as the          | seeking | went | nonetheless |                          gold in the last decade exceed increased percent                         | : 
 of |  final  | term | upholding  | consists |      because the difficult done      | seeking | went | nonetheless |                        in the last decade exceed percent increased of gold                        | : 
 of |  final  | term | upholding  | consists | done |     because the difficult     | seeking | went | nonetheless |      of gold      |                  in the last decade exceed percent increased                  | : 
 of |  final  | term | upholding  | consists | done |       more depending for      | seeking | went | nonetheless |    ’ s price    |                     in the last decade to 300 % increased                     | : 
 of |  final  | term | upholding  | consists | done |     more    |  depending for  | seeking | went | nonetheless | ’ s |   price   |       in the last decade       |              to 300 % increased              | : 
 of |  final  | term | upholding  | consists | done |     more    |  possibly vary  | seeking | went | nonetheless | ’ s |   price   |    broadly previous decade     |               for exceed % has               | : 
 of |  final  | term | upholding  | consists | done |     more    | possibly | vary | seeking | went | nonetheless | ’ s |   price   | broadly |   previous decade    |          for exceed %          |     has     | : 
 of |  final  | term | upholding  | consists | done |     more    | possibly | vary | seeking | went | nonetheless | ’ s |   price   | broadly |      previous s      |         300 % on fell          |     has     | : 
 of |  final  | term | upholding  | consists | done |     more    | possibly | vary | seeking | went | nonetheless | ’ s |   price   | broadly | previous |     s     | fell |         300 % on        |     has     | : 
 of |  final  | term | upholding  | consists | done |     more    | possibly | vary | seeking | went | nonetheless | ’ s |   price   | broadly | previous |     s     | fell |        of 300 in        |     has     | : 
 of |  final  | term | upholding  | consists | done |     more    | possibly | vary | seeking | went | nonetheless | ’ s |   price   | broadly | previous |     s     | fell |     of 300    |    in   |     has     | : 
 of |  final  | term | upholding  | consists | done |     more    | possibly | vary | seeking | went | nonetheless | ’ s |   price   | broadly | previous |     s     | fell |    $ 300 of   |    in   |     has     | : 
 of |  final  | term | upholding  | consists | done |     more    | possibly | vary | seeking | went | nonetheless | ’ s |   price   | broadly | previous |     s     | fell |   of  | $ 300 |    in   |     has     | : 
 in | letzter | Zeit | allerdings |   ist    | dies | schwieriger |   denn   |  je  |    ,    | ist  |     doch    |  der  | Goldpreis |    im   | letzten  | Jahrzehnt |  um  | über |  300  | Prozent | angestiegen | . 

                         wouldn ’ t you know it ?                        
                    and came coping coming discovered :                    
                   and came coping coming discovered                   | : 
                      , as coming needed to store                      | : 
 store |                       , as coming needed                      | : 
 store |              came as arrive discovered succeeded              | : 
 store | succeeded |             came as arrive discovered             | : 
 store | succeeded |           took coping discovered coming           | : 
 store | succeeded | took |          coping discovered coming          | : 
 store | succeeded | took |        seeking as discovered coming        | : 
 store | succeeded | took | seeking |       as discovered coming       | : 
 store | succeeded | took | seeking |           to come seen           | : 
 store | succeeded | took | seeking | seen |          to come          | : 
 store | succeeded | took | seeking | seen | managed discovered coming | : 
 store | succeeded | took | seeking | seen | managed |discovered coming| : 
 store | succeeded | took | seeking | seen | managed |   arise needed  | : 
 store | succeeded | took | seeking | seen | managed | arise  | needed | : 
  und  |     es    | kam  |    ,    | wie  |    es   | kommen | musste | . 

                    since their articles appeared , the price of gold has moved up still further .                    
                                 . in for their articles is gold prices further risen                                 
                                for their articles is gold prices further risen                                | . in 
                          since the publication of articles is further gold increased                          | . in 
          since the publication of articles           |               is further gold increased                | . in 
             its publication Article For              |           went further gold prices increased           | . in 
 For  |            its publication Article            | went |          further gold prices increased          | . in 
 For  |        popular publication her Article        | went |                of gold nor risen                | . in 
 For  | popular |       publication her Article       | went |       of gold       |         nor risen         | . in 
 For  | popular |         issuing her Article         | went |     popular gold    |    add continues risen    | . in 
 For  | popular |      issuing      |   her Article   | went | popular |    gold   | add  |  continues risen   | . in 
 For  | popular |      issuing      |   Ever Nature   | went | popular |    gold   | add  |    onward grown    | . in 
 For  | popular |      issuing      |  Ever |  Nature | went | popular |    gold   | add  | onward |   grown   | . in 
 seit |   der   | Veröffentlichung | ihrer | Artikel | ist  |   der   | Goldpreis | noch | weiter | gestiegen |  .   

                          gold prices even hit a record-high $ 1,300 recently .                          
                            . in indeed recently reached a record-high $ 1.300                           
                          indeed recently reached a record-high $ 1.300                           | . in 
                       , most recently reached 1.300 indeed a record-high $                       | . in 
 , most recently |                      reached 1.300 indeed a record-high $                      | . in 
 , most recently |              reaching stating indeed a record-high dollars 1.300               | . in 
 , most recently |  reaching |             stating indeed a record-high dollars 1.300             | . in 
 , most recently |  reaching |             indeed a record-high 1.300 dollars having              | . in 
 , most recently |  reaching | having |             indeed a record-high 1.300 dollars            | . in 
 , most recently |  reaching | having |            1.300 a record-high dollars and even           | . in 
 , most recently |  reaching | having | and even |          1.300 a record-high dollars           | . in 
 , most recently |  reaching | having | and even |        enjoys 1.300 all-time high of $         | . in 
 , most recently |  reaching | having | and even | enjoys |        1.300 all-time high of $       | . in 
 , most recently |  reaching | having | and even | enjoys |       of 1.300 dollars new high       | . in 
 , most recently |  reaching | having | and even | enjoys |  new high  |     of 1.300 dollars     | . in 
 , most recently |  reaching | having | and even | enjoys |  new high  |    1.300 dollars tax     | . in 
 , most recently |  reaching | having | and even | enjoys |  new high  | tax |   1.300 dollars    | . in 
 , most recently |  reaching | having | and even | enjoys |  new high  | tax |  1.300 of dollars  | . in 
 , most recently |  reaching | having | and even | enjoys |  new high  | tax | 1.300 | of dollars | . in 
     jüngst     | erreichte |   er   |  sogar   |  ein   | Rekordhoch | von | 1.300 |   Dollar   |  .   

                                               last December , many gold bugs were arguing that the price was inevitably headed for $ 2,000 .                                              
                                                        , Goldbugs arguing the last December , the price undoubtedly towards $ 2,000                                                       
                                                       Goldbugs arguing the last December , the price undoubtedly towards $ 2,000                                                      | , 
                                                    arguing that of the Goldbugs price undoubtedly towards $ 2,000 last December of                                                    | , 
          last December of         |                                           arguing that of the Goldbugs price undoubtedly towards $ 2,000                                          | , 
      broadly last December of     |                                            Goldbugs that the cost undoubtedly towards $ 2,000 , arguing                                           | , 
 broadly |     last December of    |   , arguing    |                                        Goldbugs that the cost undoubtedly towards $ 2,000                                        | , 
 broadly |  closing December will  |   , arguing    |                                      that the price doubt towards $ 2,000 &apos;s Goldbugs                                       | , 
 broadly | closing | December will |   , arguing    |   &apos;s Goldbugs   |                                    that the price doubt towards $ 2,000                                   | , 
 broadly | closing | December will |   , arguing    |  financial Goldbugs  |                               that price undoubtedly towards $ 2,000 holding                              | , 
 broadly | closing | December will |   , arguing    | financial | Goldbugs | holding |                              that price undoubtedly towards $ 2,000                             | , 
 broadly | closing | December will |   , arguing    | financial | Goldbugs | holding |                           undoubtedly price of towards $ 2,000 seeing                           | , 
 broadly | closing | December will |   , arguing    | financial | Goldbugs | holding | seeing |                          undoubtedly price of towards $ 2,000                          | , 
 broadly | closing | December will |   , arguing    | financial | Goldbugs | holding | seeing |                         towards undoubtedly $ 2,000 ’ price                          | , 
 broadly | closing | December will |   , arguing    | financial | Goldbugs | holding | seeing |   ’ price   |                      towards undoubtedly $ 2,000                       | , 
 broadly | closing | December will |   , arguing    | financial | Goldbugs | holding | seeing |   costs , in  |                 opens undoubtedly 2,000 $ walk towards                 | , 
 broadly | closing | December will |   , arguing    | financial | Goldbugs | holding | seeing |  in | costs , |                undoubtedly 2,000 $ walk towards               | opens  | , 
 broadly | closing | December will |   , arguing    | financial | Goldbugs | holding | seeing |  in | costs , |                 towards walk 2,000 $ doubtless                | opens  | , 
 broadly | closing | December will |   , arguing    | financial | Goldbugs | holding | seeing |  in | costs , | doubtless  |               towards walk 2,000 $               | opens  | , 
 broadly | closing | December will |   , arguing    | financial | Goldbugs | holding | seeing |  in | costs , | doubtless  |             be 2,000 $ in direction              | opens  | , 
 broadly | closing | December will |   , arguing    | financial | Goldbugs | holding | seeing |  in | costs , | doubtless  |           2,000 $ in direction           |   be  | opens  | , 
 broadly | closing | December will |   , arguing    | financial | Goldbugs | holding | seeing |  in | costs , | doubtless  |         $ direction 2,000 among          |   be  | opens  | , 
 broadly | closing | December will |   , arguing    | financial | Goldbugs | holding | seeing |  in | costs , | doubtless  | among |        $ direction 2,000         |   be  | opens  | , 
 broadly | closing | December will |   , arguing    | financial | Goldbugs | holding | seeing |  in | costs , | doubtless  | among |           $ 2,000 path           |   be  | opens  | , 
 broadly | closing | December will |   , arguing    | financial | Goldbugs | holding | seeing |  in | costs , | doubtless  | among |   path   |        $ 2,000        |   be  | opens  | , 
 broadly | closing | December will |   , arguing    | financial | Goldbugs | holding | seeing |  in | costs , | doubtless  | among |   path   |    , $ two thousand   |   be  | opens  | , 
 broadly | closing | December will |   , arguing    | financial | Goldbugs | holding | seeing |  in | costs , | doubtless  | among |   path   | two thousand |  , $   |   be  | opens  | , 
    im   | letzten |    Dezember   | argumentierten |    die    | Goldbugs |    ,    |  dass  | der |  Preis  | zweifellos |   in  | Richtung |    2.000     | Dollar | gehen | würde | . 

                                     now , emboldened by continuing appreciation , some are suggesting that gold could be headed even higher than that .                                     
                                                 fueled given continuing upward , saying having elsewhere , even higher gold could rise to :                                                 
                                                  fueled given continuing upward , saying having elsewhere , even higher gold could rise                                                 | : 
                                                fueled ongoing owing upward believes , having elsewhere , even higher gold could increase                                                | : 
                 fueled ongoing owing upward                 |                               believes , having elsewhere , even higher gold could increase                               | : 
                  upward owing ongoing fires                 |                            seeking believes having elsewhere , even higher gold could increase                            | : 
   fires    |              upward owing ongoing              | seeking |                           believes having elsewhere , even higher gold could increase                           | : 
   fires    |              to of ongoing upward              | seeking |                             having elsewhere , gold even higher rise might suggests                             | : 
   fires    |    to    |          of ongoing upward          | seeking | suggests |                            having elsewhere , gold even higher rise might                            | : 
   fires    |    to    |         upward persistent in        | seeking | suggests |                         given being elsewhere , even higher gold rise could                          | : 
   fires    |    to    |  in |       upward persistent       | seeking | suggests | given |                        being elsewhere , even higher gold rise could                         | : 
   fires    |    to    |  in |        upward ongoing ,       | seeking | suggests | given |                       elsewhere , gold even higher rise might be stuck                       | : 
   fires    |    to    |  in |  ongoing ,  |      upward     | seeking | suggests | given | stuck |                       elsewhere , gold even higher rise might                        | : 
   fires    |    to    |  in |  ongoing ,  |      upward     | seeking | suggests | given | stuck |                           in gold , even higher rise could                           | : 
   fires    |    to    |  in |  ongoing ,  |      upward     | seeking | suggests | given | stuck |      in     |                     gold , even higher rise could                      | : 
   fires    |    to    |  in |  ongoing ,  |      upward     | seeking | suggests | given | stuck |      in     |                &quot; even higher gold that would rise                 | : 
   fires    |    to    |  in |  ongoing ,  |      upward     | seeking | suggests | given | stuck |      in     | &quot; |                even higher gold that would rise               | : 
   fires    |    to    |  in |  ongoing ,  |      upward     | seeking | suggests | given | stuck |      in     | &quot; |               even higher gold might rise being               | : 
   fires    |    to    |  in |  ongoing ,  |      upward     | seeking | suggests | given | stuck |      in     | &quot; | being |              even higher gold might rise              | : 
   fires    |    to    |  in |  ongoing ,  |      upward     | seeking | suggests | given | stuck |      in     | &quot; | being |              even higher might rise Gold              | : 
   fires    |    to    |  in |  ongoing ,  |      upward     | seeking | suggests | given | stuck |      in     | &quot; | being | Gold |             even higher might rise             | : 
   fires    |    to    |  in |  ongoing ,  |      upward     | seeking | suggests | given | stuck |      in     | &quot; | being | Gold |             pick higher rise even              | : 
   fires    |    to    |  in |  ongoing ,  |      upward     | seeking | suggests | given | stuck |      in     | &quot; | being | Gold |           higher rise even           |   pick  | : 
   fires    |    to    |  in |  ongoing ,  |      upward     | seeking | suggests | given | stuck |      in     | &quot; | being | Gold |       higher nor rise and even       |   pick  | : 
   fires    |    to    |  in |  ongoing ,  |      upward     | seeking | suggests | given | stuck |      in     | &quot; | being | Gold | and even |      higher nor rise      |   pick  | : 
   fires    |    to    |  in |  ongoing ,  |      upward     | seeking | suggests | given | stuck |      in     | &quot; | being | Gold | and even |     higher ascend add     |   pick  | : 
   fires    |    to    |  in |  ongoing ,  |      upward     | seeking | suggests | given | stuck |      in     | &quot; | being | Gold | and even | add  |   higher ascend    |   pick  | : 
   fires    |    to    |  in |  ongoing ,  |      upward     | seeking | suggests | given | stuck |      in     | &quot; | being | Gold | and even | add  |   a higher spike   |   pick  | : 
   fires    |    to    |  in |  ongoing ,  |      upward     | seeking | suggests | given | stuck |      in     | &quot; | being | Gold | and even | add  | a higher |  spike  |   pick  | : 
 beflügelt | aufgrund | des | anhaltenden | Aufwärtstrends |    ,    |  meint   |  man  |  nun  | mancherorts |   ,    |  dass | Gold |  sogar   | noch |  höher  | steigen | könnte | . 

                         since then , the index has climbed above 10,000 .                         
                            since then , he above 10,000 points rise and                           
                           since then , he above 10,000 points rise                          | and 
                    since controlled , it is over 11,000 points increased                    | and 
since controlled|                     , it is over 11,000 points increased                    | and 
  placed from  |                  being points above 10,000 risen represents                 | and 
 from | placed | represents |                being points above 10,000 risen                 | and 
 from | placed | represents |             bringing above 10,000 points increased             | and 
 from | placed | represents | bringing |            above 10,000 points increased            | and 
 from | placed | represents | bringing |           above points 10,000 increased by          | and 
 from | placed | represents | bringing |         above points 10,000          | increased by | and 
 from | placed | represents | bringing |     above 10,000 counts prospect     | increased by | and 
 from | placed | represents | bringing | prospect |    above 10,000 counts    | increased by | and 
 from | placed | represents | bringing | prospect |   issues 10,000 possess   | increased by | and 
 from | placed | represents | bringing | prospect | possess |  issues 10,000  | increased by | and 
 from | placed | represents | bringing | prospect | possess |    10,000 of    | increased by | and 
 from | placed | represents | bringing | prospect | possess | 10,000 |   of   | increased by | and 
 seit | damals |    ist     |    er    |   auf    |  über  | 10.000 | Punkte |  gestiegen   |  .  

                                                  now that gold has crossed the magic $ 1,000 barrier , why can ’ t it increase ten-fold , too ?                                                 
                                               gold instead , the magic $ 1,000 border crossed ought to be worth therefore &apos;t verzehnfachen in ?                                              
                                             gold instead , the magic $ 1,000 border crossed ought to be worth therefore &apos;t verzehnfachen                                              | in ? 
                                               why should be worth therefore verzehnfachen &apos;t gold border , so the magic $ 1,000 crossed                                               | in ? 
                           gold border , so the magic $ 1,000 crossed                           |                    why should be worth therefore verzehnfachen &apos;t                    | in ? 
                         stuck gold , the magic border $ 1,000 crossed                          |               accounts should be worth &apos;t verzehnfachen therefore aimed              | in ? 
 stuck |                        gold , the magic border $ 1,000 crossed                         | aimed |              accounts should be worth &apos;t verzehnfachen therefore             | in ? 
 stuck |                      didn border gold the magic $ 1,000 exceeded                       | aimed |               brains should be worth &apos;t therefore verzehnfachen              | in ? 
 stuck | didn |                      border gold the magic $ 1,000 exceeded                     | aimed | brains |             should be worth &apos;t therefore verzehnfachen              | in ? 
 stuck | didn |                    border the magic $ 1,000 exceeded and gold                   | aimed | brains |            themselves be worth thus &apos;t verzehnfachen is             | in ? 
 stuck | didn | and gold |                  border the magic $ 1,000 exceeded                   | aimed | brains |   is   |          themselves be worth thus &apos;t verzehnfachen         | in ? 
 stuck | didn | and gold |                   frontier the magic $ 1,000 time                    | aimed | brains |   is   |            reflected worth not be thus verzehnfachen            | in ? 
 stuck | didn | and gold |              frontier the magic $ 1,000             |      time      | aimed | brains |   is   | reflected |           worth not be thus verzehnfachen           | in ? 
 stuck | didn | and gold |             prices border magic $ 1,000             |      time      | aimed | brains |   is   | reflected |    succeed worth therefore &apos;t verzehnfachen    | in ? 
 stuck | didn | and gold | prices |            border magic $ 1,000            |      time      | aimed | brains |   is   | reflected |succeed worth |   therefore &apos;t verzehnfachen    | in ? 
 stuck | didn | and gold | prices |          magic of $ 1,000 border           |      time      | aimed | brains |   is   | reflected |  feel thumb  |  hence not including verzehnfachen   | in ? 
 stuck | didn | and gold | prices |  magic   |        of $ 1,000 border        |      time      | aimed | brains |   is   | reflected | feel | thumb | hence | not including verzehnfachen  | in ? 
 stuck | didn | and gold | prices |  magic   |       1,000 of $ boundary       |      time      | aimed | brains |   is   | reflected | feel | thumb | hence |  cannot also verzehnfachen   | in ? 
 stuck | didn | and gold | prices |  magic   | boundary |      1,000 of $      |      time      | aimed | brains |   is   | reflected | feel | thumb | hence | cannot also  | verzehnfachen | in ? 
 stuck | didn | and gold | prices |  magic   | boundary |    of 1,000 $ tax    |      time      | aimed | brains |   is   | reflected | feel | thumb | hence |    nor ,     | verzehnfachen | in ? 
 stuck | didn | and gold | prices |  magic   | boundary | tax |   of 1,000 $   |      time      | aimed | brains |   is   | reflected | feel | thumb | hence |  nor  |  ,   | verzehnfachen | in ? 
 stuck | didn | and gold | prices |  magic   | boundary | tax |    per , $     |      time      | aimed | brains |   is   | reflected | feel | thumb | hence |  nor  |  ,   | verzehnfachen | in ? 
 stuck | didn | and gold | prices |  magic   | boundary | tax |  per  |  , $   |      time      | aimed | brains |   is   | reflected | feel | thumb | hence |  nor  |  ,   | verzehnfachen | in ? 
  nun  | hat  |   Gold   |  die   | magische |  Grenze  | von | 1.000 | Dollar | überschritten |   ,   | warum  | sollte |    sich   | sein |  Wert | daher | nicht | auch | verzehnfachen |  ?   

                        admittedly , getting to a much higher price for gold is not quite the leap of imagination that it seems .                         
                                       admittedly needed : nobody large imagination to a higher price consider . in                                       
                                      admittedly needed : nobody large imagination to a higher price consider                                      | . in 
                                            to needed : neither large fantasy to a higher gold consider                                            | . in 
     to    |                                        needed : neither large fantasy to a higher gold consider                                       | . in 
     to    |                                     needed nobody large imagination to a higher gold consider that                                    | . in 
     to    | that |                                   needed nobody large imagination to a higher gold consider                                    | . in 
     to    | that |                              large neither requires imagination to a higher gold consider enable                               | . in 
     to    | that | enable |                              large neither requires imagination to a higher gold consider                             | . in 
     to    | that | enable |                               require large nobody imagination to a higher gold consider                              | . in 
     to    | that | enable | require |                              large nobody imagination to a higher gold consider                             | . in 
     to    | that | enable | require |                               any imagination to a large higher gold consider                               | . in 
     to    | that | enable | require |  any   |                            imagination to a large higher gold consider                             | . in 
     to    | that | enable | require |  any   |                           imaginations large , to a higher gold consider                           | . in 
     to    | that | enable | require |  any   |  imaginations large  |                         , to a higher gold consider                         | . in 
     to    | that | enable | require |  any   |   vast conjecture    |                    to a higher gold price consider aimed                    | . in 
     to    | that | enable | require |  any   |   vast  | conjecture | aimed |                   to a higher gold price consider                   | . in 
     to    | that | enable | require |  any   |   vast  | conjecture | aimed |                     nor to a higher gold dropped                    | . in 
     to    | that | enable | require |  any   |   vast  | conjecture | aimed | dropped |                    nor to a higher gold                   | . in 
     to    | that | enable | require |  any   |   vast  | conjecture | aimed | dropped |               a higher gold price consider ,              | . in 
     to    | that | enable | require |  any   |   vast  | conjecture | aimed | dropped |  ,   |            a higher gold price consider            | . in 
     to    | that | enable | require |  any   |   vast  | conjecture | aimed | dropped |  ,   |               nor a higher price to                | . in 
     to    | that | enable | require |  any   |   vast  | conjecture | aimed | dropped |  ,   |          nor a higher price         |      to      | . in 
     to    | that | enable | require |  any   |   vast  | conjecture | aimed | dropped |  ,   |        nor gold higher yield        |      to      | . in 
     to    | that | enable | require |  any   |   vast  | conjecture | aimed | dropped |  ,   | yield |       nor gold higher       |      to      | . in 
     to    | that | enable | require |  any   |   vast  | conjecture | aimed | dropped |  ,   | yield |       price higher nor      |      to      | . in 
     to    | that | enable | require |  any   |   vast  | conjecture | aimed | dropped |  ,   | yield |    higher nor   |   price   |      to      | . in 
     to    | that | enable | require |  any   |   vast  | conjecture | aimed | dropped |  ,   | yield |    larger add   |   price   |      to      | . in 
     to    | that | enable | require |  any   |   vast  | conjecture | aimed | dropped |  ,   | yield | add  |  larger  |   price   |      to      | . in 
 zugegeben |  :   |   es   |  bedarf | keiner | großen |  Fantasie  |   ,   |    um   | sich | einen | noch | höheren | Goldpreis | vorzustellen |  .   

                         after adjusting for inflation , today ’ s price is nowhere near the all-time high of January 1980 .                         
                        ? in inflation-adjusted dollars for gold prices reached nowadays nowhere Allzeithoch January of the 1980                       
                       in inflation-adjusted dollars for gold prices reached nowadays nowhere Allzeithoch January of the 1980                      | ? 
                   indeed in inflation-adjusted dollars reached gold prices nowadays nowhere near Allzeithoch January of the 1980                  | ? 
 indeed |                 in inflation-adjusted dollars reached gold prices nowadays nowhere near Allzeithoch January of the 1980                  | ? 
 indeed |                    gold prices reached nowadays nowhere near Allzeithoch of the 1980 January adjusting for inflation                     | ? 
 indeed | adjusting for inflation |                   gold prices reached nowadays nowhere near Allzeithoch of the 1980 January                    | ? 
 indeed | adjusting for inflation |                     gold prices nowadays nowhere near of the January 1980 Allzeithoch met                      | ? 
 indeed | adjusting for inflation |   met    |                  gold prices nowadays nowhere near of the January 1980 Allzeithoch                  | ? 
 indeed | adjusting for inflation |   met    |                nowadays Allzeithoch nowhere near of the January 1980 the gold prices                | ? 
 indeed | adjusting for inflation |   met    | the gold prices |               nowadays Allzeithoch nowhere near of the January 1980               | ? 
 indeed | adjusting for inflation |   met    |     in price    |               January Allzeithoch of the 1980 nowadays not remotely               | ? 
 indeed | adjusting for inflation |   met    |  in |   price   |       nowadays not remotely       |        January Allzeithoch of the 1980        | ? 
 indeed | adjusting for inflation |   met    |  in |   price   |          now nowhere tax          |      of Allzeithoch January 1980 banning      | ? 
 indeed | adjusting for inflation |   met    |  in |   price   | tax |         now nowhere         | banning |     of Allzeithoch January 1980     | ? 
 indeed | adjusting for inflation |   met    |  in |   price   | tax |        hinder nowhere       | banning |    Allzeithoch January from 1980    | ? 
 indeed | adjusting for inflation |   met    |  in |   price   | tax | hinder |      nowhere       | banning | Allzeithoch |   January from 1980   | ? 
 indeed | adjusting for inflation |   met    |  in |   price   | tax | hinder |   roughly fails    | banning | Allzeithoch |   January 1980 , tax  | ? 
 indeed | adjusting for inflation |   met    |  in |   price   | tax | hinder | fails |  roughly   | banning | Allzeithoch | tax |  January 1980 , | ? 
 indeed | adjusting for inflation |   met    |  in |   price   | tax | hinder | fails |  roughly   | banning | Allzeithoch | tax |     1980 , ,    | ? 
 indeed | adjusting for inflation |   met    |  in |   price   | tax | hinder | fails |  roughly   | banning | Allzeithoch | tax |   ,    | 1980 , | ? 
  denn  |   inflationsbereinigt   | erreicht | der | Goldpreis | von | heute  | nicht | annähernd |   das   | Allzeithoch | von | Januar |  1980  | . 

                                        back then , gold hit $ 850 , or well over $ 2,000 in today ’ s dollars .                                        
                                     . in then , gold hit $ 850 , or in today ’ s dollars considerably above 2,000                                      
                                     then , gold hit $ 850 , or in today ’ s dollars considerably above 2,000                                    | . in 
                                       , gold hit $ 850 , or in today ’ s 2,000 $ considerably above placed                                      | . in 
 placed |                                     , gold hit $ 850 , or in today ’ s 2,000 $ considerably above                                      | . in 
 placed |                              gold hit $ 850 , or in today ’ s value considerably above $ 2,000 has stood                               | . in 
 placed | has stood |                             gold hit $ 850 , or in today ’ s value considerably above $ 2,000                              | . in 
 placed | has stood |                                 gold in $ 850 thus in today ’ s above considerably $ 2,000                                 | . in 
 placed | has stood |                     gold in $ 850 thus in today ’ s                      |            above considerably $ 2,000           | . in 
 placed | has stood |                       Gold in $ 850 , so today ’ s                       |            deal unified 2,000 $ above           | . in 
 placed | has stood | Gold |                      in $ 850 , so today ’ s                      | deal |          unified 2,000 $ above           | . in 
 placed | has stood | Gold |                   , $ 850 thus in today ’ s upon                  | deal |         , $ above unified 2,000          | . in 
 placed | has stood | Gold | upon |                 , $ 850 thus in today ’ s                  | deal |       above unified 2,000       |  , $   | . in 
 placed | has stood | Gold | upon |              850 , thus dollars in today ’ s               | deal |           2,000 on far          |  , $   | . in 
 placed | has stood | Gold | upon | 850 |             , thus dollars in today ’ s              | deal |   far   |        2,000 on       |  , $   | . in 
 placed | has stood | Gold | upon | 850 |               , $ thus , in today ’ s                | deal |   far   |  two thousand exceed  |  , $   | . in 
 placed | has stood | Gold | upon | 850 |  , $   |             thus , in today ’ s             | deal |   far   | exceed | two thousand |  , $   | . in 
 placed | has stood | Gold | upon | 850 |  , $   |          thus in today ’ s seeking          | deal |   far   | exceed | two thousand |  , $   | . in 
 placed | has stood | Gold | upon | 850 |  , $   | seeking |         thus in today ’ s         | deal |   far   | exceed | two thousand |  , $   | . in 
 placed | has stood | Gold | upon | 850 |  , $   | seeking |         today ’ s to fleet        | deal |   far   | exceed | two thousand |  , $   | . in 
 placed | has stood | Gold | upon | 850 |  , $   | seeking | fleet |        today ’ s to       | deal |   far   | exceed | two thousand |  , $   | . in 
 placed | has stood | Gold | upon | 850 |  , $   | seeking | fleet |        of ’ s today       | deal |   far   | exceed | two thousand |  , $   | . in 
 placed | has stood | Gold | upon | 850 |  , $   | seeking | fleet | of |      ’ s today       | deal |   far   | exceed | two thousand |  , $   | . in 
 placed | has stood | Gold | upon | 850 |  , $   | seeking | fleet | of |   ’ s value today    | deal |   far   | exceed | two thousand |  , $   | . in 
 placed | has stood | Gold | upon | 850 |  , $   | seeking | fleet | of |  today   | ’ s value | deal |   far   | exceed | two thousand |  , $   | . in 
 damals |    lag    | Gold | bei  | 850 | Dollar |    ,    |  also | in | heutigem |   Geldwert  |  um  | einiges | über  |    2.000     | Dollar |  .   

                                               but January 1980 was arguably a “ freak peak ” during a period of heightened geo-political instability .                                              
                                                 and however January 1980 was arguably a “ freak peak ” in a era heightened geo-political instability                                                
                                                however January 1980 was arguably a “ freak peak ” in a era heightened geo-political instability                                               | and 
                                              though the January 1980 was arguably a “ freak peak ” heightened geo-political instability in an era                                             | and 
   though   |                                            January 1980 was arguably a “ freak peak ” heightened geo-political instability in an era                                             | and 
   though   |                                            January 1980 in a “ freak peak ” in an age heightened geo-political instability commented                                             | and 
   though   | commented |                                           January 1980 in a “ freak peak ” in an age heightened geo-political instability                                            | and 
   though   | commented |                                     in January 1980 a “ freak peak ” in an age heightened geo-political instability would allow                                      | and 
   though   | commented | allow |                                       in January 1980 a “ freak peak ” in an age heightened geo-political instability                                        | and 
   though   | commented | allow |                                       a “ freak peak ” heightened geo-political instability in an era in January 1980                                        | and 
   though   | commented | allow |      in January 1980      |                                 a “ freak peak ” heightened geo-political instability in an era                                  | and 
   though   | commented | allow |   within of January 1980  |                             Freak “ peak ” in an age heightened geo-political instability apparently                             | and 
   though   | commented | allow | within | of January 1980  |   apparently   |                          Freak “ peak ” in an age heightened geo-political instability                          | and 
   though   | commented | allow | within |    in to 1980    |   apparently   |                      in an age heightened geo-political instability as a “ Freak peak oil ”                     | and 
   though   | commented | allow | within |   in   | to 1980 |   apparently   |       a “ Freak peak oil ”       |                in an age heightened geo-political instability                | and 
   though   | commented | allow | within |   in   | to 1980 |   apparently   |        got peak ” “ Freak        |              heightened geo-political instability an era among               | and 
   though   | commented | allow | within |   in   | to 1980 |   apparently   |  got  |      peak ” “ Freak      | among |             heightened geo-political instability an era              | and 
   though   | commented | allow | within |   in   | to 1980 |   apparently   |  got  |      ‘ Freak ” peak      | among |          heightened geo-political era instability insurance          | and 
   though   | commented | allow | within |   in   | to 1980 |   apparently   |  got  | ‘ |     Freak ” peak     | among | insurance |         heightened geo-political era instability         | and 
   though   | commented | allow | within |   in   | to 1980 |   apparently   |  got  | ‘ |    Freak , ” peak    | among | insurance |    heightened geo-political instability , stewardship    | and 
   though   | commented | allow | within |   in   | to 1980 |   apparently   |  got  | ‘ | Freak |   , ” peak   | among | insurance | stewardship |   heightened geo-political instability ,   | and 
   though   | commented | allow | within |   in   | to 1980 |   apparently   |  got  | ‘ | Freak |  ’ ” peak  | among | insurance | stewardship |      geopolitical increased unstable       | and 
   though   | commented | allow | within |   in   | to 1980 |   apparently   |  got  | ‘ | Freak | peak | ’ ” | among | insurance | stewardship |   geopolitical increased   |    unstable   | and 
   though   | commented | allow | within |   in   | to 1980 |   apparently   |  got  | ‘ | Freak | peak | ’ ” | among | insurance | stewardship |   geopolitical increase    |    unstable   | and 
   though   | commented | allow | within |   in   | to 1980 |   apparently   |  got  | ‘ | Freak | peak | ’ ” | among | insurance | stewardship |  increase |  geopolitical  |    unstable   | and 
 allerdings |    gab    |   es  |   im   | Januar |   1980  | offensichtlich | einen | „ | Freak | Peak |   “   |   in  |   einer   |     Zeit    | erhöhter | geopolitischer | Instabilität |  .  

                                                      at $ 1,300 , today ’ s price is probably more than double very long-term , inflation-adjusted , average gold prices .                                                      
                                                        , at $ 1,300 , today ’ s price is probably twice the long-term , inflation-adjusted quite Durchschnitts-Goldpreise                                                       
                                                       at $ 1,300 , today ’ s price is probably twice the long-term , inflation-adjusted quite Durchschnitts-Goldpreise                                                      | , 
                                                           , nowadays price arguably twice very long-term , inflation-adjusted Durchschnitts-Goldpreise amid $ 1,300                                                           | , 
                    amid $ 1,300                   |                                        , nowadays price arguably twice very long-term , inflation-adjusted Durchschnitts-Goldpreise                                       | , 
                    amid $ 1,300                   |                                      ’ s cost arguably twice very long-term , inflation-adjusted Durchschnitts-Goldpreise consists                                      | , 
 amid |                  $ 1,300                   | consists |                                     ’ s cost arguably twice very long-term , inflation-adjusted Durchschnitts-Goldpreise                                     | , 
 amid |         worth of $ 1.300 somewhat          | consists |                                 justly twice very long-term , inflation-adjusted Durchschnitts-Goldpreise price today &apos;s                                  | , 
 amid | somewhat |         worth of $ 1.300        | consists |   price today &apos;s    |                              justly twice very long-term , inflation-adjusted Durchschnitts-Goldpreise                              | , 
 amid | somewhat |     virtue of dollars 1.300     | consists |carbon today &apos;s price|                        offsetting very long-run , inflation-adjusted Durchschnitts-Goldpreise twice arguably                        | , 
 amid | somewhat | virtue |    of dollars 1.300    | consists | carbon |today &apos;s price|     twice arguably     |                   offsetting very long-run , inflation-adjusted Durchschnitts-Goldpreise                   | , 
 amid | somewhat | virtue |    among , $ 1.300     | consists | carbon |    prize now    |    twice the bound     |               as the long-term , inflation-adjusted extremely Durchschnitts-Goldpreise large               | , 
 amid | somewhat | virtue | among |   , $ 1.300    | consists | carbon |   now   | prize | bound |   twice the    | large |              as the long-term , inflation-adjusted extremely Durchschnitts-Goldpreise              | , 
 amid | somewhat | virtue | among |   , $ 1.300    | consists | carbon |   now   | prize | bound |     , so a     | large |                  very long-run Durchschnitts-Goldpreise , inflation-adjusted akin                  | , 
 amid | somewhat | virtue | among | 1.300 |  , $   | consists | carbon |   now   | prize | bound |    a    | , so | large | akin |                 very long-run Durchschnitts-Goldpreise , inflation-adjusted                 | , 
 amid | somewhat | virtue | among | 1.300 |  , $   | consists | carbon |   now   | prize | bound |    a    | , so | large | akin |            , inflation-adjusted quite long-run Durchschnitts-Goldpreise inflation           | , 
 amid | somewhat | virtue | among | 1.300 |  , $   | consists | carbon |   now   | prize | bound |    a    | , so | large | akin | inflation |           , inflation-adjusted quite long-run Durchschnitts-Goldpreise          | , 
 amid | somewhat | virtue | among | 1.300 |  , $   | consists | carbon |   now   | prize | bound |    a    | , so | large | akin | inflation |         inflation-corrected , Durchschnitts-Goldpreise harshly long-run         | , 
 amid | somewhat | virtue | among | 1.300 |  , $   | consists | carbon |   now   | prize | bound |    a    | , so | large | akin | inflation |   harshly long-run   |      inflation-corrected , Durchschnitts-Goldpreise      | , 
 amid | somewhat | virtue | among | 1.300 |  , $   | consists | carbon |   now   | prize | bound |    a    | , so | large | akin | inflation |      wary long       |             being , Durchschnitts-Goldpreise             | , 
 amid | somewhat | virtue | among | 1.300 |  , $   | consists | carbon |   now   | prize | bound |    a    | , so | large | akin | inflation | wary |      long     | being |            , Durchschnitts-Goldpreise            | , 
 amid | somewhat | virtue | among | 1.300 |  , $   | consists | carbon |   now   | prize | bound |    a    | , so | large | akin | inflation | wary |      long     | being |   inflation-adjusted Durchschnitts-Goldpreise    | , 
 amid | somewhat | virtue | among | 1.300 |  , $   | consists | carbon |   now   | prize | bound |    a    | , so | large | akin | inflation | wary |      long     | being |   inflation-adjusted  | Durchschnitts-Goldpreise | , 
 bei  |  einem   |  Wert  |  von  | 1.300 | Dollar |   ist    |  der   | heutige | Preis |  wohl | doppelt |  so  |  hoch | wie  |    die    | sehr | langfristigen |   ,   | inflationsbereinigten | Durchschnitts-Goldpreise | . 

                                         so what could justify another huge increase in gold prices from here ?                                        
                                       what could colossal further increase in gold prices from here justify in ?                                      
                                     what could colossal further increase in gold prices from here justify                                      | in ? 
                                 could thus further colossal rise in gold prices from here establish benefiting                                 | in ? 
 benefiting |                                could thus further colossal rise in gold prices from here establish                                | in ? 
 benefiting |                               could further colossal rise in gold prices from here establish meaning                              | in ? 
 benefiting | meaning |                              could further colossal rise in gold prices from here establish                             | in ? 
 benefiting | meaning |                          further colossal rise in gold prices from here establish uncontrolled                          | in ? 
 benefiting | meaning | uncontrolled |                         further colossal rise in gold prices from here establish                         | in ? 
 benefiting | meaning | uncontrolled |                             further rise of gold colossal of here establish                              | in ? 
 benefiting | meaning | uncontrolled |                 further rise of gold colossal                 |            of here establish             | in ? 
 benefiting | meaning | uncontrolled |             colossal rise further of gold joining             |               here by base               | in ? 
 benefiting | meaning | uncontrolled | joining |            colossal rise further of gold            |           here by           |    base    | in ? 
 benefiting | meaning | uncontrolled | joining |           increase colossal of gold wider           |         here the tax        |    base    | in ? 
 benefiting | meaning | uncontrolled | joining |  wider   |        increase colossal of gold         | tax |          here         |    base    | in ? 
 benefiting | meaning | uncontrolled | joining |  wider   |            huge rise of gold             | tax |      of worth it      |    base    | in ? 
 benefiting | meaning | uncontrolled | joining |  wider   |    huge    |         rise of gold        | tax |   it   |   of worth   |    base    | in ? 
 benefiting | meaning | uncontrolled | joining |  wider   |    huge    |    gold prices of run-up    | tax |   it   |  mix merits  |    base    | in ? 
 benefiting | meaning | uncontrolled | joining |  wider   |    huge    |  run-up |   gold prices of  | tax |   it   | merits | mix |    base    | in ? 
 benefiting | meaning | uncontrolled | joining |  wider   |    huge    |  run-up |      gold th      | tax |   it   | merits | mix |    base    | in ? 
 benefiting | meaning | uncontrolled | joining |  wider   |    huge    |  run-up |  th |     gold    | tax |   it   | merits | mix |    base    | in ? 
    was     |   also  |   könnte    |  einen  | weiteren | kolossalen | Anstieg | des | Goldpreises | von | diesem |  Wert  | aus | begründen |  ?   

                    one answer , of course , is a complete collapse of the US dollar .                   
                 and the opportunity of course , is a complete collapse of the US dollars                
                  opportunity of course , is a complete collapse of the US dollars                 | and 
                 would obviously complete collapse of the US dollars a opportunity                 | and 
    a opportunity     |            would obviously complete collapse of the US dollars             | and 
     allow means      |          obviously complete the collapse of the US dollar imagery          | and 
 allow |    means     | imagery |         obviously complete the collapse of the US dollar         | and 
 allow |    means     | imagery |       complete the collapse of the US dollar is obviously        | and 
 allow |    means     | imagery | obviously  |        complete the collapse of the US dollar       | and 
 allow |    means     | imagery | obviously  |     complete breakdown of the US dollar popular     | and 
 allow |    means     | imagery | obviously  | popular |    complete breakdown of the US dollar    | and 
 allow |    means     | imagery | obviously  | popular |     issues breakdown of the US dollars    | and 
 allow |    means     | imagery | obviously  | popular | issues |   breakdown of the US dollars    | and 
 allow |    means     | imagery | obviously  | popular | issues |     US dollar the implosion      | and 
 allow |    means     | imagery | obviously  | popular | issues |   implosion   |  US dollar the   | and 
 allow |    means     | imagery | obviously  | popular | issues |   implosion   |  US dollars th   | and 
 allow |    means     | imagery | obviously  | popular | issues |   implosion   |  th | US dollars | and 
  eine | Möglichkeit |  wäre  | natürlich |   der   | totale | Zusammenbruch | des | US-Dollars |  .  

                                                and if you are really worried about that , gold might indeed be the most reliable hedge .                                                
                                           whoever and themselves really worried about that , gold might indeed be the most reliable hedge and                                           
                                          whoever and themselves really worried about that , gold might indeed be the most reliable hedge                                          | and 
                                         store whoever themselves really worried about that , gold might indeed be the most reliable hedge                                         | and 
 store |                                        whoever themselves really worried about that , gold might indeed be the most reliable hedge                                        | and 
 store |                                        that gold might indeed be the most reliable hedge whoever this respects makes really worries                                       | and 
 store |               whoever this respects makes really worries              |                         that gold might indeed be the most reliable hedge                         | and 
 store |                which this respects really makes worries               |                      gold might indeed found , the most reliable hedge &quot;                     | and 
 store | which |               this respects really makes worries              | &quot; |                    gold might indeed found , the most reliable hedge                     | and 
 store | which |                turns makes here really worries                | &quot; |                 gold indeed in the most reliable hedge found couldn ’                  | and 
 store | which | turns |               makes here really worries               | &quot; | couldn ’ |                 gold indeed in the most reliable hedge found                | and 
 store | which | turns |              here , makes really concerns             | &quot; | couldn ’ |               indeed , the most reliable hedge found gold , in              | and 
 store | which | turns |         here ,         |    makes really concerns     | &quot; | couldn ’ | gold , in |              indeed , the most reliable hedge found             | and 
 store | which | turns |    the respects of     |  makes preoccupations real   | &quot; | couldn ’ |  Gold of  |               hedge the most reliable found truly               | and 
 store | which | turns | of |    the respects   |   real   |makes preoccupations| &quot; | couldn ’ | of | Gold |    truly     |          hedge the most reliable found           | and 
 store | which | turns | of |    cope senses    |   real   |    is concerned   | &quot; | couldn ’ | of | Gold |    truly     |         the most reliable hedging mount          | and 
 store | which | turns | of |  cope  |  senses  |   real   | concerned |   is  | &quot; | couldn ’ | of | Gold |    truly     |        the most reliable hedging        | mount  | and 
 store | which | turns | of |  cope  |  senses  |   real   | concerned |   is  | &quot; | couldn ’ | of | Gold |    truly     |     safeguard most reliable capital     | mount  | and 
 store | which | turns | of |  cope  |  senses  |   real   | concerned |   is  | &quot; | couldn ’ | of | Gold |    truly     | capital |    safeguard most reliable    | mount  | and 
 store | which | turns | of |  cope  |  senses  |   real   | concerned |   is  | &quot; | couldn ’ | of | Gold |    truly     | capital |      hedges most reliable     | mount  | and 
 store | which | turns | of |  cope  |  senses  |   real   | concerned |   is  | &quot; | couldn ’ | of | Gold |    truly     | capital |  most reliable  |    hedges   | mount  | and 
  und  |  wer  |  sich | in | dieser | Hinsicht | wirklich |   Sorgen  | macht |   ,    |  könnte   | in | Gold | tatsächlich |   die   | verlässlichste | Absicherung | finden |  .  

