                            San FRANCISCO – It has never been easy to have a rational conversation about the value of gold .                           
                            San FRANCISCO – There was never easily , rational conversation about the value of gold to lead .                           
                           San FRANCISCO – There was never easily , rational conversation about the value of gold to lead                          | . 
  San FRANCISCO  |                         – There was never easily , rational conversation about the value of gold to lead                        | . 
 San | FRANCISCO | – |                        There was never easily , rational conversation about the value of gold to lead                       | . 
 San | FRANCISCO | – | There |                       was never easily , rational conversation about the value of gold to lead                      | . 
 San | FRANCISCO | – | There | was |                      never easily , rational conversation about the value of gold to lead                     | . 
 San | FRANCISCO | – | There | was |                     never easily , a rational conversation about the value of gold to lead                    | . 
 San | FRANCISCO | – | There | was |    never     |                easily , a rational conversation about the value of gold to lead                | . 
 San | FRANCISCO | – | There | was |  never nor   |                easily , a rational conversation about the value of gold to lead                | . 
 San | FRANCISCO | – | There | was | nor  | never | easily |               , a rational conversation about the value of gold to lead               | . 
 San | FRANCISCO | – | There | was | nor  | never | easily | , |              a rational conversation about the value of gold to lead              | . 
 San | FRANCISCO | – | There | was | nor  | never | easily | , |     a rational conversation     |         about the value of gold to lead         | . 
 San | FRANCISCO | – | There | was | nor  | never | easily | , |     a rational conversation     |         above the value of gold to lead         | . 
 San | FRANCISCO | – | There | was | nor  | never | easily | , |  a  |   rational conversation   | above |        the value of gold to lead        | . 
 San | FRANCISCO | – | There | was | nor  | never | easily | , |  a  |  rational  | conversation | above |    the value of gold     |   to lead    | . 
 San | FRANCISCO | – | There | was | nor  | never | easily | , |  a  |  rational  | conversation | above | the |   value of gold    | to |   lead  | . 
 San | FRANCISCO | – | There | was | nor  | never | easily | , |  a  |  rational  | conversation | above | the | value |  of gold   | to |   lead  | . 
 San | FRANCISCO | – | There | was | nor  | never | easily | , |  a  |  rational  | conversation | above | the | value |  of | gold | to |   lead  | . 
 San | FRANCISCO | – |   Es  | war | noch |  nie  | leicht | , | ein | rationales |  Gespräch   | über | den |  Wert | von | Gold | zu | führen | . 

                                                 lately , with gold prices up more than 300 % over the last decade , it is harder than ever .                                                
                                                lately , however difficult , but because the price of the last decade to exceed % increased .                                                
                                               lately , however difficult , but because the price of the last decade to exceed % increased                                               | . 
                                             lately , however difficult this is because the gold , but the last decade to exceed % increased                                             | . 
                 lately , however difficult this is because the                |                             gold , but the last decade to exceed % increased                            | . 
               recently in however difficult this is because the               |                            , gold , but the last decade to exceed % increased                           | . 
     recently in      |         however difficult this is because the          | , |                           gold , but the last decade to exceed % increased                          | . 
     recently in      |           however this is harder because the           | , |                          gold but the last decade to exceed % increased is                          | . 
 in |     recently    |  however   |         this is harder because the        | , |  is |                         gold but the last decade to exceed % increased                        | . 
 in |   recently era  |  however   |         is this harder because the        | , |  is |                         but gold in the last decade exceed % increased                        | . 
 in | recently | era  |  however   |  is |       this harder because the       | , |  is | but  |                       gold in the last decade exceed % increased                       | . 
 in | recently | era  |  however   |  is |      this is harder because the     | , |  is | but  |                 gold price the last decade to exceed percent increased                 | . 
 in | recently | era  |  however   |  is | this |      harder because the      | , |  is | but  |  gold price the  |               last decade to exceed percent increased               | . 
 in | recently | era  |  however   |  is | this |      harder because the      | , |  is | but  |  gold price the  |               last decade by more than 300 % increased              | . 
 in | recently | era  |  however   |  is | this |    harder   |  because the   | , |  is | but  | the | gold price |       last decade        |       by more than 300 % increased       | . 
 in | recently | era  |  however   |  is | this |    harder   |  because ever  | , |  is | but  | the | gold price |      last decade in      |       by more than 300 % increased       | . 
 in | recently | era  |  however   |  is | this |    harder   | because | ever | , |  is | but  | the | gold price | in |     last decade     |     by more than 300 %     |  increased  | . 
 in | recently | era  |  however   |  is | this |    harder   | because | ever | , |  is | but  | the | gold price | in |     last decade     |       to over 300 %        |  increased  | . 
 in | recently | era  |  however   |  is | this |    harder   | because | ever | , |  is | but  | the | gold price | in |   last  |   decade  | to |       over 300 %      |  increased  | . 
 in | recently | era  |  however   |  is | this |    harder   | because | ever | , |  is | but  | the | gold price | in |   last  |   decade  | to |   over 300  |    %    |  increased  | . 
 in | recently | era  |  however   |  is | this |    harder   | because | ever | , |  is | but  | the | gold price | in |   last  |   decade  | to |  above 300  |    %    |  increased  | . 
 in | recently | era  |  however   |  is | this |    harder   | because | ever | , |  is | but  | the | gold price | in |   last  |   decade  | to | above | 300 |    %    |  increased  | . 
 in | letzter  | Zeit | allerdings | ist | dies | schwieriger |   denn  |  je  | , | ist | doch | der | Goldpreis  | im | letzten | Jahrzehnt | um | über | 300 | Prozent | angestiegen | . 

               wouldn ’ t you know it ?              
                and came as coming to .                
               and came as coming to               | . 
               and , , bound to come               | . 
 and |              , , bound to come              | . 
 and |           it came , bound to come           | . 
 and | it |          came , bound to come          | . 
 and | it | came |         , bound to come         | . 
 and | it | came |          , like to come         | . 
 and | it | came | , |         like to come        | . 
 and | it | came | , |       like had to come      | . 
 and | it | came | , | like |     had to come      | . 
 and | it | came | , | like |   bound to come it   | . 
 and | it | came | , | like | it |  bound to come  | . 
 and | it | came | , | like | it |  coming had to  | . 
 and | it | came | , | like | it | coming | had to | . 
 und | es | kam  | , | wie  | es | kommen | musste | . 

                since their articles appeared , the price of gold has moved up still further .               
                              since their articles , gold prices further risen .                             
                             since their articles , gold prices further risen                            | . 
                           since of their articles is gold prices further risen                          | . 
              since of their articles              |             is gold prices further risen            | . 
         publication of their Article since        |           is the gold prices further risen          | . 
 since |        publication of their Article       |  is |           gold prices further risen           | . 
 since |      the publication of their Article     |  is |          gold price the further risen         | . 
 since | the |     publication of their Article    |  is |  gold price the  |       further risen        | . 
 since | the |     publication of their Article    |  is |  gold price the  |     further risen nor      | . 
 since | the |    publication    |  their Article  |  is | the | gold price | nor  |    further risen    | . 
 since | the |    publication    | their | Article |  is | the | gold price | nor  | further |   risen   | . 
  seit | der | Veröffentlichung | ihrer | Artikel | ist | der | Goldpreis  | noch |  weiter | gestiegen | . 

                gold prices even hit a record-high $ 1,300 recently .                 
                 recently reached even a record-high 1.300 dollars .                  
                recently reached even a record-high 1.300 dollars                 | . 
 recently |                reached even a record-high 1.300 dollars               | . 
 recently |             reached being even a record-high 1.300 dollars            | . 
 recently |  reached  |           being even a record-high 1.300 dollars          | . 
 recently |  reached  |             having even a record-high $ 1.300             | . 
 recently |  reached  | having |            even a record-high $ 1.300            | . 
 recently |  reached  | having |  even |          a record-high $ 1.300           | . 
 recently |  reached  | having |  even |  a  |        record-high $ 1.300         | . 
 recently |  reached  | having |  even |  a  |       record high of 1.300 $       | . 
 recently |  reached  | having |  even |  a  | record high |      of 1.300 $      | . 
 recently |  reached  | having |  even |  a  | record high |  of |    1.300 $     | . 
 recently |  reached  | having |  even |  a  | record high |  of | 1.300 |   $    | . 
 jüngst  | erreichte |   er   | sogar | ein |  Rekordhoch | von | 1.300 | Dollar | . 

                              last December , many gold bugs were arguing that the price was inevitably headed for $ 2,000 .                             
                                     the last December Goldbugs arguing that the price undoubtedly towards $ 2,000 .                                     
                                    the last December Goldbugs arguing that the price undoubtedly towards $ 2,000                                    | . 
                                     last December in argued that the Goldbugs price undoubtedly towards $ 2,000                                     | . 
     last December in    |                                 argued that the Goldbugs price undoubtedly towards $ 2,000                                | . 
     last December in    |                              argued that the Goldbugs that price undoubtedly towards $ 2,000                              | . 
 in |   last December    |     argued     |                           the Goldbugs that price undoubtedly towards $ 2,000                            | . 
 in |   last December    |     argued     |                         the Goldbugs that the price undoubtedly towards $ 2,000                          | . 
 in |   last  | December |     argued     |  the Goldbugs  |                        that the price undoubtedly towards $ 2,000                       | . 
 in |   last  | December |     argued     |  the Goldbugs  |                       , that the price undoubtedly towards $ 2,000                      | . 
 in |   last  | December |     argued     | the | Goldbugs | , |                      that the price undoubtedly towards $ 2,000                     | . 
 in |   last  | December |     argued     | the | Goldbugs | , |                    that is the price undoubtedly towards $ 2,000                    | . 
 in |   last  | December |     argued     | the | Goldbugs | , | that |                    the price undoubtedly towards $ 2,000                     | . 
 in |   last  | December |     argued     | the | Goldbugs | , | that |                  the price will undoubtedly towards $ 2,000                  | . 
 in |   last  | December |     argued     | the | Goldbugs | , | that |  the price  |                  undoubtedly towards $ 2,000                   | . 
 in |   last  | December |     argued     | the | Goldbugs | , | that |  the price  |             undoubtedly towards $ 2,000 walk would             | . 
 in |   last  | December |     argued     | the | Goldbugs | , | that | the | price |            undoubtedly towards $ 2,000 walk           | would  | . 
 in |   last  | December |     argued     | the | Goldbugs | , | that | the | price |             undoubtedly towards $ 2,000 go            | would  | . 
 in |   last  | December |     argued     | the | Goldbugs | , | that | the | price | undoubtedly |            towards $ 2,000 go           | would  | . 
 in |   last  | December |     argued     | the | Goldbugs | , | that | the | price | undoubtedly |         in direction $ 2,000 go         | would  | . 
 in |   last  | December |     argued     | the | Goldbugs | , | that | the | price | undoubtedly |       in direction $ 2,000      |   go  | would  | . 
 in |   last  | December |     argued     | the | Goldbugs | , | that | the | price | undoubtedly |    in this direction $ 2,000    |   go  | would  | . 
 in |   last  | December |     argued     | the | Goldbugs | , | that | the | price | undoubtedly | in |     direction $ 2,000      |   go  | would  | . 
 in |   last  | December |     argued     | the | Goldbugs | , | that | the | price | undoubtedly | in | direction |    $ 2,000     |   go  | would  | . 
 in |   last  | December |     argued     | the | Goldbugs | , | that | the | price | undoubtedly | in | direction |    $ 2,000     |   go  | would  | . 
 in |   last  | December |     argued     | the | Goldbugs | , | that | the | price | undoubtedly | in | direction | 2,000 |   $    |   go  | would  | . 
 im | letzten | Dezember | argumentierten | die | Goldbugs | , | dass | der | Preis |  zweifellos | in |  Richtung | 2.000 | Dollar | gehen | würde | . 

                         now , emboldened by continuing appreciation , some are suggesting that gold could be headed even higher than that .                         
                                       . fueled owing continuing upward , means having elsewhere , even higher gold could rise                                       
                                      fueled owing continuing upward , means having elsewhere , even higher gold could rise                                      | . 
                                       fueled owing ongoing upward , saying having elsewhere , even higher gold could rise                                       | . 
                 fueled owing ongoing upward                 |                      , saying having elsewhere , even higher gold could rise                      | . 
   fueled   |              owing ongoing upward              | , |                     saying having elsewhere , even higher gold could rise                     | . 
   fueled   |            owing of ongoing upward             | , |                      says having elsewhere , even higher gold could rise                      | . 
   fueled   |  owing   |          of ongoing upward          | , |  says |                     having elsewhere , even higher gold could rise                    | . 
   fueled   |  owing   |        of the ongoing upward        | , |  says |                    to mean elsewhere , even higher gold could rise                    | . 
   fueled   |  owing   |  of |         ongoing upward        | , |  says |  to |                   mean elsewhere , even higher gold could rise                  | . 
   fueled   |  owing   |  of |         ongoing upward        | , |  says |  to |                   now elsewhere , even higher gold could rise                   | . 
   fueled   |  owing   |  of |   ongoing   |      upward     | , |  says |  to | now |                  elsewhere , even higher gold could rise                  | . 
   fueled   |  owing   |  of |   ongoing   |      upward     | , |  says |  to | now |                     gold , even higher rise could some                    | . 
   fueled   |  owing   |  of |   ongoing   |      upward     | , |  says |  to | now |     some    |                gold , even higher rise could                | . 
   fueled   |  owing   |  of |   ongoing   |      upward     | , |  says |  to | now |     some    |              , that gold even higher rise could             | . 
   fueled   |  owing   |  of |   ongoing   |      upward     | , |  says |  to | now |     some    | , |             that gold even higher rise could            | . 
   fueled   |  owing   |  of |   ongoing   |      upward     | , |  says |  to | now |     some    | , | that |           gold even higher rise could            | . 
   fueled   |  owing   |  of |   ongoing   |      upward     | , |  says |  to | now |     some    | , | that |          gold is even higher rise could          | . 
   fueled   |  owing   |  of |   ongoing   |      upward     | , |  says |  to | now |     some    | , | that | gold |           even higher rise could          | . 
   fueled   |  owing   |  of |   ongoing   |      upward     | , |  says |  to | now |     some    | , | that | gold |         even higher rise        |  could  | . 
   fueled   |  owing   |  of |   ongoing   |      upward     | , |  says |  to | now |     some    | , | that | gold |       even higher rise nor      |  could  | . 
   fueled   |  owing   |  of |   ongoing   |      upward     | , |  says |  to | now |     some    | , | that | gold |  even |     higher rise nor     |  could  | . 
   fueled   |  owing   |  of |   ongoing   |      upward     | , |  says |  to | now |     some    | , | that | gold |  even |     higher rise nor     |  could  | . 
   fueled   |  owing   |  of |   ongoing   |      upward     | , |  says |  to | now |     some    | , | that | gold |  even | nor  |   higher rise    |  could  | . 
   fueled   |  owing   |  of |   ongoing   |      upward     | , |  says |  to | now |     some    | , | that | gold |  even | nor  | higher |   rise  |  could  | . 
 beflügelt | aufgrund | des | anhaltenden | Aufwärtstrends | , | meint | man | nun | mancherorts | , | dass | Gold | sogar | noch | höher | steigen | könnte | . 

               since then , the index has climbed above 10,000 .               
                  since then , he risen above 10,000 points .                  
                 since then , he risen above 10,000 points                 | . 
                since then deserve risen above 10,000 points               | . 
   since then   |            deserve risen above 10,000 points             | . 
   since then   |           is having risen above 10,000 points            | . 
 since |  then  |  is |          having risen above 10,000 points          | . 
 since |  then  |  is | having |         risen above 10,000 points         | . 
 since |  then  |  is | having |        risen in above 10,000 points       | . 
 since |  then  |  is | having |     in above 10,000 points    |   risen   | . 
 since |  then  |  is | having |     on above 10,000 points    |   risen   | . 
 since |  then  |  is | having |  on |   above 10,000 points   |   risen   | . 
 since |  then  |  is | having |  on | above |  10,000 points  |   risen   | . 
 since |  then  |  is | having |  on | above | 10,000 | points |   risen   | . 
  seit | damals | ist |   er   | auf | über | 10.000 | Punkte | gestiegen | . 

                                     now that gold has crossed the magic $ 1,000 barrier , why can ’ t it increase ten-fold , too ?                                     
                                        gold , so the magic $ 1,000 border crossed ought to be worth thus &apos;t verzehnfachen ?                                         
                                       gold , so the magic $ 1,000 border crossed ought to be worth thus &apos;t verzehnfachen                                        | ? 
                                        gold , so the magic $ 1,000 border crossed why should be worth thus not verzehnfachen                                         | ? 
                     gold , so the magic $ 1,000 border crossed                     |                    why should be worth thus not verzehnfachen                   | ? 
                    now , gold the magic $ 1,000 border crossed                     |                , accounts should be worth thus not verzehnfachen                | ? 
 now |                   , gold the magic $ 1,000 border crossed                    | , |               accounts should be worth thus not verzehnfachen               | ? 
 now |                  gold the magic $ 1,000 border crossed has                   | , |                  why should be worth thus not verzehnfachen                 | ? 
 now | has |                 gold the magic $ 1,000 border crossed                  | , |  why  |                should be worth thus not verzehnfachen               | ? 
 now | has |                gold is the magic $ 1,000 border crossed                | , |  why  |               should his worth thus not verzehnfachen               | ? 
 now | has | gold |                 the magic $ 1,000 border crossed                | , |  why  | should |              his worth thus not verzehnfachen              | ? 
 now | has | gold |                 the magic $ 1,000 border crossed                | , |  why  | should |             be worth thus not verzehnfachen ,              | ? 
 now | has | gold |            the magic $ 1,000 border            |    crossed     | , |  why  | should |  ,   |           be worth thus not verzehnfachen           | ? 
 now | has | gold |            the magic $ 1,000 border            |    crossed     | , |  why  | should |  ,   |       be worth thus cannot also verzehnfachen       | ? 
 now | has | gold | the |           magic $ 1,000 border           |    crossed     | , |  why  | should |  ,   |   be worth   |    thus cannot also verzehnfachen    | ? 
 now | has | gold | the |           magic $ 1,000 border           |    crossed     | , |  why  | should |  ,   |   be value   |     thus not also verzehnfachen      | ? 
 now | has | gold | the |  magic   |         $ 1,000 border        |    crossed     | , |  why  | should |  ,   |  be  | value |  thus |    not also verzehnfachen    | ? 
 now | has | gold | the |  magic   |         $ 1,000 border        |    crossed     | , |  why  | should |  ,   |  be  | value |  thus |    not also verzehnfachen    | ? 
 now | has | gold | the |  magic   | border |       $ 1,000        |    crossed     | , |  why  | should |  ,   |  be  | value |  thus |   not also   | verzehnfachen | ? 
 now | has | gold | the |  magic   | border |      $ 1,000 of      |    crossed     | , |  why  | should |  ,   |  be  | value |  thus |   not also   | verzehnfachen | ? 
 now | has | gold | the |  magic   | border |  of |    $ 1,000     |    crossed     | , |  why  | should |  ,   |  be  | value |  thus |  not  | also | verzehnfachen | ? 
 now | has | gold | the |  magic   | border |  of |    $ 1,000     |    crossed     | , |  why  | should |  ,   |  be  | value |  thus |  not  | also | verzehnfachen | ? 
 now | has | gold | the |  magic   | border |  of | 1,000 |   $    |    crossed     | , |  why  | should |  ,   |  be  | value |  thus |  not  | also | verzehnfachen | ? 
 nun | hat | Gold | die | magische | Grenze | von | 1.000 | Dollar | überschritten | , | warum | sollte | sich | sein |  Wert | daher | nicht | auch | verzehnfachen | ? 

                 admittedly , getting to a much higher price for gold is not quite the leap of imagination that it seems .                  
                                 admittedly , require neither large imagination to a higher gold consider .                                 
                                admittedly , require neither large imagination to a higher gold consider                                | . 
                                admittedly : require neither large imagination to a higher gold consider                                | . 
 admittedly |                               : require neither large imagination to a higher gold consider                               | . 
 admittedly |                               require neither large imagination to a higher gold consider :                               | . 
 admittedly | : |                              require neither large imagination to a higher gold consider                              | . 
 admittedly | : |                            it requires neither large imagination to a higher gold consider                            | . 
 admittedly | : | it |                           requires neither large imagination to a higher gold consider                           | . 
 admittedly | : | it |                        requires neither large imagination to a much higher price consider                        | . 
 admittedly | : | it | requires |                       neither large imagination to a much higher price consider                       | . 
 admittedly | : | it | requires |                       none of large imagination to a much higher price consider                       | . 
 admittedly | : | it | requires |  none  |                      large imagination to a much higher price consider                       | . 
 admittedly | : | it | requires |  none  |                       large imagination to a much higher gold consider                       | . 
 admittedly | : | it | requires |  none  |   large imagination   |                    to a much higher gold consider                    | . 
 admittedly | : | it | requires |  none  |   large imagination   |                   , to a much higher gold consider                   | . 
 admittedly | : | it | requires |  none  |  large  | imagination | , |                  to a much higher gold consider                  | . 
 admittedly | : | it | requires |  none  |  large  | imagination | , | to |                 a much higher gold consider                 | . 
 admittedly | : | it | requires |  none  |  large  | imagination | , | to |              , nor a higher gold price consider             | . 
 admittedly | : | it | requires |  none  |  large  | imagination | , | to |  ,   |           nor a higher gold price consider           | . 
 admittedly | : | it | requires |  none  |  large  | imagination | , | to |  ,   |        nor a higher gold price        |   consider   | . 
 admittedly | : | it | requires |  none  |  large  | imagination | , | to |  ,   |       a still higher gold price       |   consider   | . 
 admittedly | : | it | requires |  none  |  large  | imagination | , | to |  ,   |   a   |    still higher gold price    |   consider   | . 
 admittedly | : | it | requires |  none  |  large  | imagination | , | to |  ,   |   a   |   still higher   | gold price |   consider   | . 
 admittedly | : | it | requires |  none  |  large  | imagination | , | to |  ,   |   a   | still |  higher  | gold price |   consider   | . 
 zugegeben  | : | es |  bedarf  | keiner | großen |   Fantasie  | , | um | sich | einen |  noch | höheren | Goldpreis  | vorzustellen | . 

                          after adjusting for inflation , today ’ s price is nowhere near the all-time high of January 1980 .                          
                      reached in inflation-adjusted dollars for gold prices nowadays nowhere near the Allzeithoch of January 1980 .                      
                     reached in inflation-adjusted dollars for gold prices nowadays nowhere near the Allzeithoch of January 1980                     | . 
                   because in inflation-adjusted dollars reached gold prices nowadays nowhere near the Allzeithoch of January 1980                   | . 
 because |                  in inflation-adjusted dollars reached gold prices nowadays nowhere near the Allzeithoch of January 1980                  | . 
 because | in inflation-adjusted dollars |                 reached gold prices nowadays nowhere near the Allzeithoch of January 1980                 | . 
 because | in inflation-adjusted dollars | reached  |               gold prices nowadays nowhere near the Allzeithoch of January 1980                | . 
 because | in inflation-adjusted dollars | reached  |              gold price the nowadays nowhere near the Allzeithoch of January 1980              | . 
 because | in inflation-adjusted dollars | reached  |  gold price the  |            nowadays nowhere near the Allzeithoch of January 1980            | . 
 because | in inflation-adjusted dollars | reached  |  gold price the  |            nowadays not nearly as the Allzeithoch of January 1980           | . 
 because | in inflation-adjusted dollars | reached  | the | gold price |       nowadays not nearly        |     the Allzeithoch of January 1980      | . 
 because | in inflation-adjusted dollars | reached  | the | gold price |      of nowadays not nearly      |     the Allzeithoch of January 1980      | . 
 because | in inflation-adjusted dollars | reached  | the | gold price |  of |    nowadays not nearly     | the |    Allzeithoch of January 1980     | . 
 because | in inflation-adjusted dollars | reached  | the | gold price |  of |    today is not nearly     | the |    Allzeithoch of January 1980     | . 
 because | in inflation-adjusted dollars | reached  | the | gold price |  of | today |     not nearly     | the | Allzeithoch |   of January 1980    | . 
 because | in inflation-adjusted dollars | reached  | the | gold price |  of | today |  not  |   nearly   | the | Allzeithoch |  of |  January 1980  | . 
 because | in inflation-adjusted dollars | reached  | the | gold price |  of | today |  not  |   nearly   | the | Allzeithoch |  of | January | 1980 | . 
   denn  |      inflationsbereinigt      | erreicht | der | Goldpreis  | von | heute | nicht | annähernd | das | Allzeithoch | von |  Januar | 1980 | . 

                           back then , gold hit $ 850 , or well over $ 2,000 in today ’ s dollars .                           
                             . then , gold hit $ 850 , or in today ’ s considerably above 2,000 $                             
                            then , gold hit $ 850 , or in today ’ s considerably above 2,000 $                            | . 
  then  |                          , gold hit $ 850 , or in today ’ s considerably above 2,000 $                          | . 
  then  |                         was gold hit $ 850 , or in today ’ s considerably above 2,000 $                         | . 
  then  | was |                        gold hit $ 850 , or in today ’ s considerably above 2,000 $                        | . 
  then  | was |                         gold in $ 850 , so in today ’ s considerably above 2,000 $                        | . 
  then  | was |                  gold in $ 850 , so in today ’ s                  |       considerably above 2,000 $      | . 
  then  | was |                  gold in $ 850 , so in today ’ s                  |       to a unified above 2,000 $      | . 
  then  | was | gold |                 in $ 850 , so in today ’ s                 | to |      unified above 2,000 $       | . 
  then  | was | gold |              in 850 dollars , so in today ’ s              | to |      unified above 2,000 $       | . 
  then  | was | gold |  in |            850 dollars , so in today ’ s             | to |   unified above 2,000   |   $    | . 
  then  | was | gold |  in |            850 dollars , so in today ’ s             | to |     much above 2,000    |   $    | . 
  then  | was | gold |  in | 850 |           dollars , so in today ’ s            | to |   much  |  above 2,000  |   $    | . 
  then  | was | gold |  in | 850 | dollars |          , so in today ’ s           | to |   much  | above | 2,000 |   $    | . 
  then  | was | gold |  in | 850 | dollars | , |         so in today ’ s          | to |   much  | above | 2,000 |   $    | . 
  then  | was | gold |  in | 850 | dollars | , |  so  |        in today ’ s       | to |   much  | above | 2,000 |   $    | . 
  then  | was | gold |  in | 850 | dollars | , |  so  | in |      today ’ s       | to |   much  | above | 2,000 |   $    | . 
  then  | was | gold |  in | 850 | dollars | , |  so  | in |   today ’ s value    | to |   much  | above | 2,000 |   $    | . 
  then  | was | gold |  in | 850 | dollars | , |  so  | in |  today   | ’ s value | to |   much  | above | 2,000 |   $    | . 
 damals | lag | Gold | bei | 850 |  Dollar | , | also | in | heutigem |   Geldwert  | um | einiges | über | 2.000 | Dollar | . 

                              but January 1980 was arguably a “ freak peak ” during a period of heightened geo-political instability .                              
                                  but January 1980 was arguably a “ freak peak ” in an era heightened geo-political instability .                                   
                                 but January 1980 was arguably a “ freak peak ” in an era heightened geo-political instability                                  | . 
    but     |                             January 1980 was arguably a “ freak peak ” in an era heightened geo-political instability                             | . 
    but     |                                gave in January 1980 a “ freak peak ” in an era heightened geo-political instability                               | . 
    but     | gave |                              in January 1980 a “ freak peak ” in an era heightened geo-political instability                               | . 
    but     | gave |                             it in January 1980 a “ freak peak ” in an era heightened geo-political instability                             | . 
    but     | gave | it |                            in January 1980 a “ freak peak ” in an era heightened geo-political instability                            | . 
    but     | gave | it |                          in January 1980 was a “ freak peak ” in an era heightened geo-political instability                          | . 
    but     | gave | it |   in January 1980   |                         a “ freak peak ” in an era heightened geo-political instability                         | . 
    but     | gave | it |   in January 1980   |                     obvious an “ Freak peak ” in an era heightened geo-political instability                    | . 
    but     | gave | it | in |  January 1980  |    obvious     |                an “ Freak peak ” in an era heightened geo-political instability                | . 
    but     | gave | it | in |  January 1980  |    obvious     |                a “ Freak peak ” in an era heightened geo-political instability                 | . 
    but     | gave | it | in | January | 1980 |    obvious     |       a “ Freak peak ”       |          in an era heightened geo-political instability         | . 
    but     | gave | it | in | January | 1980 |    obvious     |       a “ Freak peak ”       |       in a period of heightened geo-political instability       | . 
    but     | gave | it | in | January | 1980 |    obvious     |   a   |    “ Freak peak ”    | in |      a period of heightened geo-political instability      | . 
    but     | gave | it | in | January | 1980 |    obvious     |   a   | “ |   Freak peak ”   | in |   a   |   period of heightened geo-political instability   | . 
    but     | gave | it | in | January | 1980 |    obvious     |   a   | “ |   Freak peak ”   | in |   a   |    era of heightened geo-political instability     | . 
    but     | gave | it | in | January | 1980 |    obvious     |   a   | “ | Freak |  peak ”  | in |   a   | era  |     heightened geo-political instability    | . 
    but     | gave | it | in | January | 1980 |    obvious     |   a   | “ | Freak | peak | ” | in |   a   | era  |   heightened geo-political  |  instability  | . 
    but     | gave | it | in | January | 1980 |    obvious     |   a   | “ | Freak | peak | ” | in |   a   | era  |   heightened geopolitical   |  instability  | . 
    but     | gave | it | in | January | 1980 |    obvious     |   a   | “ | Freak | peak | ” | in |   a   | era  | heightened |  geopolitical  |  instability  | . 
 allerdings | gab  | es | im |  Januar | 1980 | offensichtlich | einen | „ | Freak | Peak | “ | in | einer | Zeit | erhöhter  | geopolitischer | Instabilität | . 

                                            at $ 1,300 , today ’ s price is probably more than double very long-term , inflation-adjusted , average gold prices .                                            
                                                at $ 1,300 , today ’ s price is probably twice very long-term , inflation-adjusted Durchschnitts-Goldpreise .                                                
                                               at $ 1,300 , today ’ s price is probably twice very long-term , inflation-adjusted Durchschnitts-Goldpreise                                               | . 
                  at $ 1,300                 |                              , today ’ s price is probably twice very long-term , inflation-adjusted Durchschnitts-Goldpreise                             | . 
                 in a $ 1,300                |                               is today ’ s price arguably twice very long-term , inflation-adjusted Durchschnitts-Goldpreise                              | . 
  in |                $ 1,300                |  is |                             today ’ s price arguably twice very long-term , inflation-adjusted Durchschnitts-Goldpreise                             | . 
  in |           a value of $ 1.300          |  is |                            today ’ s price is arguably twice very long-term , inflation-adjusted Durchschnitts-Goldpreise                           | . 
  in |   a   |        value of $ 1.300       |  is |     today ’ s price     |                        arguably twice very long-term , inflation-adjusted Durchschnitts-Goldpreise                        | . 
  in |   a   |        value of $ 1.300       |  is |   the today ’ s price   |                arguably twice as high as the long-term , inflation-adjusted quite Durchschnitts-Goldpreise                | . 
  in |   a   | value |       of $ 1.300      |  is | the |  today ’ s price  |    arguably twice as    |            high as the long-term , inflation-adjusted quite Durchschnitts-Goldpreise            | . 
  in |   a   | value |      from $ 1.300     |  is | the |  today ’ s price  |    arguably twice as    |            high as the long-term , inflation-adjusted quite Durchschnitts-Goldpreise            | . 
  in |   a   | value | from |    $ 1.300     |  is | the | today ’ s | price | arguably |   twice as   | high |           as the long-term , inflation-adjusted quite Durchschnitts-Goldpreise           | . 
  in |   a   | value | from |    $ 1.300     |  is | the | today ’ s | price | arguably |   twice so   | high |            as a very long-term , inflation-adjusted Durchschnitts-Goldpreise             | . 
  in |   a   | value | from | 1.300 |   $    |  is | the | today ’ s | price | arguably |  twice  | so | high |  as |            very long-term , inflation-adjusted Durchschnitts-Goldpreise            | . 
  in |   a   | value | from | 1.300 |   $    |  is | the | today ’ s | price | arguably |  twice  | so | high |  as |          the quite long-run , inflation-adjusted Durchschnitts-Goldpreise          | . 
  in |   a   | value | from | 1.300 |   $    |  is | the | today ’ s | price | arguably |  twice  | so | high |  as | the |         quite long-run , inflation-adjusted Durchschnitts-Goldpreise         | . 
  in |   a   | value | from | 1.300 |   $    |  is | the | today ’ s | price | arguably |  twice  | so | high |  as | the |     quite long-run    |    , inflation-adjusted Durchschnitts-Goldpreise     | . 
  in |   a   | value | from | 1.300 |   $    |  is | the | today ’ s | price | arguably |  twice  | so | high |  as | the |    quite long-term    |    , inflation-adjusted Durchschnitts-Goldpreise     | . 
  in |   a   | value | from | 1.300 |   $    |  is | the | today ’ s | price | arguably |  twice  | so | high |  as | the | quite |   long-term   | , |   inflation-adjusted  | Durchschnitts-Goldpreise | . 
  in |   a   | value | from | 1.300 |   $    |  is | the | today ’ s | price | arguably |  twice  | so | high |  as | the | quite |   long-term   | , |   inflation-adjusted Durchschnitts-Goldpreise    | . 
 bei | einem |  Wert | von  | 1.300 | Dollar | ist | der |   heutige   | Preis |   wohl   | doppelt | so | hoch | wie | die |  sehr | langfristigen | , | inflationsbereinigten | Durchschnitts-Goldpreise | . 

                                so what could justify another huge increase in gold prices from here ?                               
                              ? what could further colossal increase in gold prices from here establish                              
                             what could further colossal increase in gold prices from here establish                             | ? 
                          thus could further colossal increase in gold prices from here establish owing                          | ? 
 owing |                         thus could further colossal increase in gold prices from here establish                         | ? 
 owing | thus |                        could further colossal increase in gold prices from here establish                        | ? 
 owing | thus |  could  |                      further colossal increase in gold prices from here establish                      | ? 
 owing | thus |  could  |                           further colossal rise of gold from here establish                            | ? 
 owing | thus |  could  |                further colossal rise of gold                |           from here establish            | ? 
 owing | thus |  could  |               a further colossal rise of gold               |          from here to establish          | ? 
 owing | thus |  could  |   a   |            further colossal rise of gold            |          from here          | establish  | ? 
 owing | thus |  could  |   a   |            further colossal rise of gold            |       value of this of      | establish  | ? 
 owing | thus |  could  |   a   | further  |          colossal rise of gold           |  of |     value of this     | establish  | ? 
 owing | thus |  could  |   a   | further  |          colossal rise of gold           |  of |     value of this     | establish  | ? 
 owing | thus |  could  |   a   | further  |  colossal  |         rise of gold        |  of |  this  |   value of   | establish  | ? 
 owing | thus |  could  |   a   | further  |  colossal  |         rise of gold        |  of |  this  |  value from  | establish  | ? 
 owing | thus |  could  |   a   | further  |  colossal  |   rise  |      of gold      |  of |  this  | value | from | establish  | ? 
 owing | thus |  could  |   a   | further  |  colossal  |   rise  |  of |     gold    |  of |  this  | value | from | establish  | ? 
  was  | also | könnte | einen | weiteren | kolossalen | Anstieg | des | Goldpreises | von | diesem |  Wert | aus  | begründen | ? 

                one answer , of course , is a complete collapse of the US dollar .                
                  a possibility course , a complete collapse of the US dollars .                  
                 a possibility course , a complete collapse of the US dollars                 | . 
              a possibility would obviously a complete collapse of the US dollar              | . 
    a possibility    |          would obviously a complete collapse of the US dollar          | . 
  a   | possibility  | would |         obviously a complete collapse of the US dollar         | . 
  a   | possibility  | would |       of course is a complete collapse of the US dollar        | . 
  a   | possibility  | would | of course  |        a complete collapse of the US dollar       | . 
  a   | possibility  | would | of course  |       the complete collapse of the US dollar      | . 
  a   | possibility  | would | of course  | the |      complete collapse of the US dollar     | . 
  a   | possibility  | would | of course  | the | complete |    collapse of the US dollar     | . 
  a   | possibility  | would | of course  | the | complete |    collapse   |  of | US dollar  | . 
  a   | possibility  | would | of course  | the | complete |    collapse   | of the US dollar | . 
 eine | Möglichkeit | wäre | natürlich | der |  totale  | Zusammenbruch | des | US-Dollars | . 

                                           and if you are really worried about that , gold might indeed be the most reliable hedge .                                            
                                       and whoever themselves really worried about that , gold might indeed be the most reliable hedge .                                        
                                      and whoever themselves really worried about that , gold might indeed be the most reliable hedge                                       | . 
                                     , and whoever themselves really worried about that , gold might indeed be the most reliable hedge                                      | . 
 , and |                                    whoever themselves really worried about that , gold might indeed be the most reliable hedge                                     | . 
 , and |                                   whoever in these respects really worries makes , gold might indeed be the most reliable hedge                                    | . 
 , and |               whoever in these respects really worries makes               |                     , gold might indeed be the most reliable hedge                    | . 
 , and | whoever |              in these respects really worries makes              | , |                    gold might indeed be the most reliable hedge                   | . 
 , and | whoever |               themselves here really worries makes               | , |                  could in gold indeed be the most reliable hedge                  | . 
 , and | whoever | themselves |              here really worries makes              | , |  could  |                in gold indeed be the most reliable hedge                | . 
 , and | whoever | themselves |        in this respects really worries makes        | , |  could  |              in gold may indeed be the most reliable hedge              | . 
 , and | whoever | themselves |    in this respects    |    really worries makes    | , |  could  |  in gold  |              indeed be the most reliable hedge              | . 
 , and | whoever | themselves | in |   this respects   |  really  |  worries makes  | , |  could  | in | gold |    indeed    |          be the most reliable hedge          | . 
 , and | whoever | themselves | in |   this respects   |  really  |  worries makes  | , |  could  | in | gold |    indeed    |       found in the most reliable hedge       | . 
 , and | whoever | themselves | in |  this  | respects |  really  | worries | makes | , |  could  | in | gold |    indeed    |       the most reliable hedge       | found  | . 
 , and | whoever | themselves | in |  this  | respects |  really  | worries | makes | , |  could  | in | gold |    indeed    | the |      most reliable hedge      | found  | . 
 , and | whoever | themselves | in |  this  | respects |  really  | worries | makes | , |  could  | in | gold |    indeed    | the |  most reliable  |    hedge    | found  | . 
  und  |   wer   |    sich    | in | dieser | Hinsicht | wirklich |  Sorgen | macht | , | könnte | in | Gold | tatsächlich | die | verlässlichste | Absicherung | finden | . 

