                           San FRANCISCO – It has never been easy to have a rational conversation about the value of gold .                          
                          San FRANCISCO – There was never easily , a rational conversation about the value of gold waging .                          
                         San FRANCISCO – There was never easily , a rational conversation about the value of gold waging                         | . 
  San FRANCISCO  |                       – There was never easily , a rational conversation about the value of gold waging                       | . 
  San FRANCISCO  |                       – There easily , was never a rational conversation about the value of gold waging                       | . 
 San | FRANCISCO | – |                      There easily , was never a rational conversation about the value of gold waging                      | . 
 San | FRANCISCO | – |                        easily , was never a rational conversation about the value of gold waging It                       | . 
 San | FRANCISCO | – | It |                      easily , was never a rational conversation about the value of gold waging                       | . 
 San | FRANCISCO | – | It |                      was never easily , a rational conversation about the value of gold waging                       | . 
 San | FRANCISCO | – | It | was |                     never easily , a rational conversation about the value of gold waging                      | . 
 San | FRANCISCO | – | It | was |                     never easily , a rational conversation about the value of gold to lead                     | . 
 San | FRANCISCO | – | It | was |     never     |                easily , a rational conversation about the value of gold to lead                | . 
 San | FRANCISCO | – | It | was |  still never  |                easily , a rational conversation about the value of gold to lead                | . 
 San | FRANCISCO | – | It | was | still | never | easily |               , a rational conversation about the value of gold to lead               | . 
 San | FRANCISCO | – | It | was | still | never | easily | , |              a rational conversation about the value of gold to lead              | . 
 San | FRANCISCO | – | It | was | still | never | easily | , |     a rational conversation     |         about the value of gold to lead         | . 
 San | FRANCISCO | – | It | was | still | never | easily | , |     a rational conversation     |         lead to the value of gold above         | . 
 San | FRANCISCO | – | It | was | still | never | easily | , |  a  |   rational conversation   | above |        lead to the value of gold        | . 
 San | FRANCISCO | – | It | was | still | never | easily | , |  a  |   rational conversation   | above |        the value of gold to lead        | . 
 San | FRANCISCO | – | It | was | still | never | easily | , |  a  |  rational  | conversation | above |    the value of gold     |   to lead    | . 
 San | FRANCISCO | – | It | was | still | never | easily | , |  a  |  rational  | conversation | above | the |   value of gold    | to |   lead  | . 
 San | FRANCISCO | – | It | was | still | never | easily | , |  a  |  rational  | conversation | above | the | value |  of gold   | to |   lead  | . 
 San | FRANCISCO | – | It | was | still | never | easily | , |  a  |  rational  | conversation | above | the | value |  of | gold | to |   lead  | . 
 San | FRANCISCO | – | Es | war |  noch |  nie  | leicht | , | ein | rationales |  Gespräch   | über | den |  Wert | von | Gold | zu | führen | . 

                                                lately , with gold prices up more than 300 % over the last decade , it is harder than ever .                                                
                                             lately , however difficult , but because the last decade gold prices to exceed percent increased .                                             
                                            lately , however difficult , but because the last decade gold prices to exceed percent increased                                            | . 
                                             lately however difficult this is because the gold , but the last decade to exceed % increased                                              | . 
                 lately however difficult this is because the                 |                             gold , but the last decade to exceed % increased                            | . 
                  lately however this is because the harder                   |                            , gold , but the last decade to exceed % increased                           | . 
        lately       |           however this is because the harder           | , |                           gold , but the last decade to exceed % increased                          | . 
   in his recently   |             however this is difficult ever             | , |                        is the gold but the last decade to exceed % increased                        | . 
 in |    recently    |  however   |           this is difficult ever          | , |  is |                         gold but the last decade to exceed % increased                        | . 
 in |    last era    |  however   |           is this difficult ever          | , |  is |                         but gold in the last decade exceed % increased                        | . 
 in |   last  | era  |  however   |  is |         this difficult ever         | , |  is | but  |                       gold in the last decade exceed % increased                       | . 
 in |   last  | era  |  however   |  is |           this harder ever          | , |  is | but  |                gold prices the last decade to exceed percent increased                 | . 
 in |   last  | era  |  however   |  is | this |         harder ever          | , |  is | but  |   gold prices    |               last decade to exceed percent increased               | . 
 in |   last  | era  |  however   |  is | this |         ever harder          | , |  is | but  |  the gold price  |                 last decade or more than 300 % over                 | . 
 in |   last  | era  |  however   |  is | this |    harder   |      ever      | , |  is | but  | the | gold price |       last decade        |           more than 300 % over           | . 
 in |   last  | era  |  however   |  is | this |    harder   |  because ever  | , |  is | but  | the | gold price |      last decade in      |         risen by more than 300 %         | . 
 in |   last  | era  |  however   |  is | this |    harder   | because | ever | , |  is | but  | the | gold price | in |     last decade     |     by more than 300 %     |    risen    | . 
 in |   last  | era  |  however   |  is | this |    harder   | because | ever | , |  is | but  | the | gold price | in |     last decade     |       to over 300 %        |    risen    | . 
 in |   last  | era  |  however   |  is | this |    harder   | because | ever | , |  is | but  | the | gold price | in |   last  |   decade  | to |       over 300 %      |    risen    | . 
 in |   last  | era  |  however   |  is | this |    harder   | because | ever | , |  is | but  | the | gold price | in |   last  |   decade  | to |   over 300  |    %    |    risen    | . 
 in |   last  | era  |  however   |  is | this |    harder   | because | ever | , |  is | but  | the | gold price | in |   last  |   decade  | to |  above 300  |    %    |    risen    | . 
 in |   last  | era  |  however   |  is | this |    harder   | because | ever | , |  is | but  | the | gold price | in |   last  |   decade  | to | above | 300 |    %    |    risen    | . 
 in | letzter | Zeit | allerdings | ist | dies | schwieriger |   denn  |  je  | , | ist | doch | der | Goldpreis  | im | letzten | Jahrzehnt | um | über | 300 | Prozent | angestiegen | . 

               wouldn ’ t you know it ?              
            and came as coming discovered .            
           and came as coming discovered           | . 
               and , , bound to come               | . 
 and |              , , bound to come              | . 
 and |           it came , bound to come           | . 
 and | it |          came , bound to come          | . 
 and | it | came |         , bound to come         | . 
 and | it | came |          , like to come         | . 
 and | it | came | , |         like to come        | . 
 and | it | came | , |       like had to come      | . 
 and | it | came | , | like |     had to come      | . 
 and | it | came | , | like |   bound to come it   | . 
 and | it | came | , | like | it |  bound to come  | . 
 and | it | came | , | like | it |  coming had to  | . 
 and | it | came | , | like | it | coming | had to | . 
 und | es | kam  | , | wie  | es | kommen | musste | . 

                since their articles appeared , the price of gold has moved up still further .                
                              since their articles , gold prices further risen .                              
                             since their articles , gold prices further risen                             | . 
                          since the their articles is gold prices further risen                           | . 
              since the their articles             |             is gold prices further risen             | . 
              since the their articles             |             gold prices further risen is             | . 
 since |             the their articles            |  is |           gold prices further risen            | . 
 since | the |            their articles           |  is |   gold prices    |        further risen        | . 
 since | the |      their Article publication      |  is |  the gold price  |     still further risen     | . 
 since | the |    publication    |  their Article  |  is | the | gold price | still |    further risen    | . 
 since | the |    publication    | their | Article |  is | the | gold price | still | further |   risen   | . 
  seit | der | Veröffentlichung | ihrer | Artikel | ist | der | Goldpreis  |  noch |  weiter | gestiegen | . 

                  gold prices even hit a record-high $ 1,300 recently .                  
                   recently reached even a record-high 1.300 dollars .                   
                  recently reached even a record-high 1.300 dollars                  | . 
 recently |                 reached even a record-high 1.300 dollars                 | . 
 recently |              reached being even a record-high 1.300 dollars              | . 
 recently |  reached  |            being even a record-high 1.300 dollars            | . 
 recently |  reached  |              even a record-high $ 1.300 stating              | . 
 recently |  reached  | stating |             even a record-high $ 1.300             | . 
 recently |  reached  | stating |  even |           a record-high $ 1.300            | . 
 recently |  reached  | stating |  even |  a  |         record-high $ 1.300          | . 
 recently |  reached  | stating |  even |  a  |       all-time high of $ 1.300       | . 
 recently |  reached  | stating |  even |  a  | all-time high |      of $ 1.300      | . 
 recently |  reached  | stating |  even |  a  | all-time high |      of 1.300 $      | . 
 recently |  reached  | stating |  even |  a  | all-time high |  of |    1.300 $     | . 
 recently |  reached  | stating |  even |  a  | all-time high |  of | 1.300 |   $    | . 
 jüngst  | erreichte |    er   | sogar | ein |   Rekordhoch  | von | 1.300 | Dollar | . 

                              last December , many gold bugs were arguing that the price was inevitably headed for $ 2,000 .                             
                                     Goldbugs the last December arguing that the price undoubtedly towards $ 2,000 .                                     
                                    Goldbugs the last December arguing that the price undoubtedly towards $ 2,000                                    | . 
                                       last December argued that the Goldbugs price undoubtedly towards $ 2,000                                      | . 
      last December      |                                 argued that the Goldbugs price undoubtedly towards $ 2,000                                | . 
     last December in    |                              argued that the Goldbugs that price undoubtedly towards $ 2,000                              | . 
 in |   last December    |     argued     |                           the Goldbugs that price undoubtedly towards $ 2,000                            | . 
 in |   last December    |     argued     |                         the Goldbugs that the price undoubtedly towards $ 2,000                          | . 
 in |   last  | December |     argued     |  the Goldbugs  |                        that the price undoubtedly towards $ 2,000                       | . 
 in |   last  | December |     argued     |  the Goldbugs  |                       , that the price undoubtedly towards $ 2,000                      | . 
 in |   last  | December |     argued     | the | Goldbugs | , |                      that the price undoubtedly towards $ 2,000                     | . 
 in |   last  | December |     argued     | the | Goldbugs | , |                      the price undoubtedly towards $ 2,000 that                     | . 
 in |   last  | December |     argued     | the | Goldbugs | , | that |                    the price undoubtedly towards $ 2,000                     | . 
 in |   last  | December |     argued     | the | Goldbugs | , | that |                  undoubtedly direction in $ 2,000 the price                  | . 
 in |   last  | December |     argued     | the | Goldbugs | , | that |  the price  |                undoubtedly direction in $ 2,000                | . 
 in |   last  | December |     argued     | the | Goldbugs | , | that |  the price  |             undoubtedly towards $ 2,000 walk would             | . 
 in |   last  | December |     argued     | the | Goldbugs | , | that | the | price |            undoubtedly towards $ 2,000 walk           | would  | . 
 in |   last  | December |     argued     | the | Goldbugs | , | that | the | price |             undoubtedly towards $ 2,000 go            | would  | . 
 in |   last  | December |     argued     | the | Goldbugs | , | that | the | price | undoubtedly |            towards $ 2,000 go           | would  | . 
 in |   last  | December |     argued     | the | Goldbugs | , | that | the | price | undoubtedly |         direction in $ 2,000 go         | would  | . 
 in |   last  | December |     argued     | the | Goldbugs | , | that | the | price | undoubtedly |       direction in $ 2,000      |   go  | would  | . 
 in |   last  | December |     argued     | the | Goldbugs | , | that | the | price | undoubtedly |       direction $ 2,000 in      |   go  | would  | . 
 in |   last  | December |     argued     | the | Goldbugs | , | that | the | price | undoubtedly | in |     direction $ 2,000      |   go  | would  | . 
 in |   last  | December |     argued     | the | Goldbugs | , | that | the | price | undoubtedly | in | direction |    $ 2,000     |   go  | would  | . 
 in |   last  | December |     argued     | the | Goldbugs | , | that | the | price | undoubtedly | in | direction |    2,000 $     |   go  | would  | . 
 in |   last  | December |     argued     | the | Goldbugs | , | that | the | price | undoubtedly | in | direction | 2,000 |   $    |   go  | would  | . 
 im | letzten | Dezember | argumentierten | die | Goldbugs | , | dass | der | Preis |  zweifellos | in |  Richtung | 2.000 | Dollar | gehen | würde | . 

                         now , emboldened by continuing appreciation , some are suggesting that gold could be headed even higher than that .                          
                                       fueled owing continuing upward , means having elsewhere , even higher gold could rise .                                        
                                      fueled owing continuing upward , means having elsewhere , even higher gold could rise                                       | . 
                                       fires owing ongoing upward believes , having elsewhere , even higher gold could rise                                       | . 
                  fires owing ongoing upward                 |                     believes , having elsewhere , even higher gold could rise                      | . 
               fires due to the ongoing upward               |                     , believes having elsewhere , even higher gold could rise                      | . 
   fires    |           due to the ongoing upward            | , |                    believes having elsewhere , even higher gold could rise                     | . 
   fires    |           owing of continuing uptick           | , |                      says having elsewhere , even higher gold could rise                       | . 
   fires    |  owing   |         of continuing uptick        | , |  says |                     having elsewhere , even higher gold could rise                     | . 
   fires    |  owing   |          ongoing uptick of          | , |  says |                 to constituted elsewhere , even higher gold could rise                 | . 
   fires    |  owing   |  of |         ongoing uptick        | , |  says |  to |               constituted elsewhere , even higher gold could rise                | . 
   fires    |  owing   |  of |         ongoing uptick        | , |  says |  to |                   now elsewhere , even higher gold could rise                    | . 
   fires    |  owing   |  of |   ongoing   |      uptick     | , |  says |  to | now |                  elsewhere , even higher gold could rise                   | . 
   fires    |  owing   |  of |   ongoing   |      uptick     | , |  says |  to | now |                     some , even higher gold could rise                     | . 
   fires    |  owing   |  of |   ongoing   |      uptick     | , |  says |  to | now |     some    |                , even higher gold could rise                 | . 
   fires    |  owing   |  of |   ongoing   |      uptick     | , |  says |  to | now |     some    |              , that gold could rise even higher              | . 
   fires    |  owing   |  of |   ongoing   |      uptick     | , |  says |  to | now |     some    | , |             that gold could rise even higher             | . 
   fires    |  owing   |  of |   ongoing   |      uptick     | , |  says |  to | now |     some    | , |             even higher gold could rise that             | . 
   fires    |  owing   |  of |   ongoing   |      uptick     | , |  says |  to | now |     some    | , | that |            even higher gold could rise            | . 
   fires    |  owing   |  of |   ongoing   |      uptick     | , |  says |  to | now |     some    | , | that |            even higher rise could gold            | . 
   fires    |  owing   |  of |   ongoing   |      uptick     | , |  says |  to | now |     some    | , | that | gold |           even higher rise could           | . 
   fires    |  owing   |  of |   ongoing   |      uptick     | , |  says |  to | now |     some    | , | that | gold |         even higher rise         |  could  | . 
   fires    |  owing   |  of |   ongoing   |      uptick     | , |  says |  to | now |     some    | , | that | gold |      even even higher rise       |  could  | . 
   fires    |  owing   |  of |   ongoing   |      uptick     | , |  says |  to | now |     some    | , | that | gold |  even |     even higher rise     |  could  | . 
   fires    |  owing   |  of |   ongoing   |      uptick     | , |  says |  to | now |     some    | , | that | gold |  even |    still higher rise     |  could  | . 
   fires    |  owing   |  of |   ongoing   |      uptick     | , |  says |  to | now |     some    | , | that | gold |  even | still |   higher rise    |  could  | . 
   fires    |  owing   |  of |   ongoing   |      uptick     | , |  says |  to | now |     some    | , | that | gold |  even | still | higher |   rise  |  could  | . 
 beflügelt | aufgrund | des | anhaltenden | Aufwärtstrends | , | meint | man | nun | mancherorts | , | dass | Gold | sogar |  noch | höher | steigen | könnte | . 

               since then , the index has climbed above 10,000 .                
                  since then , he points above 10,000 risen .                   
                 since then , he points above 10,000 risen                  | . 
                since then he points above 10,000 increased                 | . 
   since then   |              he points above 10,000 increased             | . 
   since then   |            is having risen above 10,000 points            | . 
 since |  then  |  is |           having risen above 10,000 points          | . 
 since |  then  |  is |          stating above 10,000 points risen          | . 
 since |  then  |  is | stating |         above 10,000 points risen         | . 
 since |  then  |  is | stating |          over 10,000 points risen         | . 
 since |  then  |  is | stating |       over 10,000 points      |   risen   | . 
 since |  then  |  is | stating |     on points above 10,000    |   risen   | . 
 since |  then  |  is | stating |  on |   points above 10,000   |   risen   | . 
 since |  then  |  is | stating |  on |   above 10,000 points   |   risen   | . 
 since |  then  |  is | stating |  on | above |  10,000 points  |   risen   | . 
 since |  then  |  is | stating |  on | above | 10,000 | points |   risen   | . 
  seit | damals | ist |    er   | auf | über | 10.000 | Punkte | gestiegen | . 

                                          now that gold has crossed the magic $ 1,000 barrier , why can ’ t it increase ten-fold , too ?                                          
                                           gold border , so the magic $ 1,000 crossed ought to be worth therefore &apos;t verzehnfachen ?                                           
                                          gold border , so the magic $ 1,000 crossed ought to be worth therefore &apos;t verzehnfachen                                          | ? 
                                           gold border , so the magic $ 1,000 crossed why should be worth therefore not verzehnfachen                                           | ? 
                     gold border , so the magic $ 1,000 crossed                     |                      why should be worth therefore not verzehnfachen                      | ? 
                    gold border , the magic $ 1,000 crossed now                     |                 , accounts should be worth thus cannot also verzehnfachen                 | ? 
 now |                   gold border , the magic $ 1,000 crossed                    | , |                accounts should be worth thus cannot also verzehnfachen                | ? 
 now |                has the gold border the magic $ 1,000 crossed                 | , |                why should be worth therefore cannot also verzehnfachen                | ? 
 now | has |                 gold border the magic $ 1,000 crossed                  | , |  why  |              should be worth therefore cannot also verzehnfachen              | ? 
 now | has |                 gold border the magic $ 1,000 crossed                  | , |  why  |                  should its value thus &apos;t verzehnfachen                  | ? 
 now | has | gold |                 border the magic $ 1,000 crossed                | , |  why  | should |                 its value thus &apos;t verzehnfachen                 | ? 
 now | has | gold |                 border the magic $ 1,000 crossed                | , |  why  | should |           therefore not be worth verzehnfachen themselves            | ? 
 now | has | gold |            border the magic $ 1,000            |    crossed     | , |  why  | should | themselves |           therefore not be worth verzehnfachen          | ? 
 now | has | gold |            the border magic $ 1,000            |    crossed     | , |  why  | should | themselves |       therefore cannot also verzehnfachen be worth      | ? 
 now | has | gold | the |           border magic $ 1,000           |    crossed     | , |  why  | should | themselves |   be worth   |   therefore cannot also verzehnfachen    | ? 
 now | has | gold | the |           magic border $ 1,000           |    crossed     | , |  why  | should | themselves |   be value   |     therefore not also verzehnfachen     | ? 
 now | has | gold | the |  magic   |         border $ 1,000        |    crossed     | , |  why  | should | themselves |  be  | value | therefore |    not also verzehnfachen    | ? 
 now | has | gold | the |  magic   | border |       $ 1,000        |    crossed     | , |  why  | should | themselves |  be  | value | therefore |   not also   | verzehnfachen | ? 
 now | has | gold | the |  magic   | border |      $ 1,000 of      |    crossed     | , |  why  | should | themselves |  be  | value | therefore |   not also   | verzehnfachen | ? 
 now | has | gold | the |  magic   | border |  of |    $ 1,000     |    crossed     | , |  why  | should | themselves |  be  | value | therefore |  not  | also | verzehnfachen | ? 
 now | has | gold | the |  magic   | border |  of |    1,000 $     |    crossed     | , |  why  | should | themselves |  be  | value | therefore |  not  | also | verzehnfachen | ? 
 now | has | gold | the |  magic   | border |  of | 1,000 |   $    |    crossed     | , |  why  | should | themselves |  be  | value | therefore |  not  | also | verzehnfachen | ? 
 nun | hat | Gold | die | magische | Grenze | von | 1.000 | Dollar | überschritten | , | warum | sollte |    sich    | sein |  Wert |   daher   | nicht | auch | verzehnfachen | ? 

                   admittedly , getting to a much higher price for gold is not quite the leap of imagination that it seems .                   
                                    granted : require neither large imagination to a higher gold consider .                                    
                                   granted : require neither large imagination to a higher gold consider                                   | . 
                                  admittedly needed : neither large imagination to a higher gold consider                                  | . 
 admittedly |                                 needed : neither large imagination to a higher gold consider                                 | . 
 admittedly |                              : needed neither large imagination to a higher gold price consider                              | . 
 admittedly | : |                             needed neither large imagination to a higher gold price consider                             | . 
 admittedly | : |                          it requires neither large imagination to a higher gold price consider                           | . 
 admittedly | : | it |                          requires neither large imagination to a higher gold price consider                         | . 
 admittedly | : | it |                          requires neither large imagination to a much higher price consider                         | . 
 admittedly | : | it | requires |                        neither large imagination to a much higher price consider                         | . 
 admittedly | : | it | requires |                          large imagination to a much higher price consider none                          | . 
 admittedly | : | it | requires |  none  |                        large imagination to a much higher price consider                        | . 
 admittedly | : | it | requires |  none  |                           large fantasy to a much higher gold consider                          | . 
 admittedly | : | it | requires |  none  |   large fantasy    |                       to a much higher gold consider                       | . 
 admittedly | : | it | requires |  none  |   large fantasy    |                      , to a much higher gold consider                      | . 
 admittedly | : | it | requires |  none  |  large  | fantasy  | , |                     to a much higher gold consider                     | . 
 admittedly | : | it | requires |  none  |  large  | fantasy  | , | to |                    a much higher gold consider                    | . 
 admittedly | : | it | requires |  none  |  large  | fantasy  | , | to |              an even higher gold consider themselves              | . 
 admittedly | : | it | requires |  none  |  large  | fantasy  | , | to | themselves |             an even higher gold consider             | . 
 admittedly | : | it | requires |  none  |  large  | fantasy  | , | to | themselves |          an even higher gold          |   consider   | . 
 admittedly | : | it | requires |  none  |  large  | fantasy  | , | to | themselves |       a still higher gold price       |   consider   | . 
 admittedly | : | it | requires |  none  |  large  | fantasy  | , | to | themselves |   a   |    still higher gold price    |   consider   | . 
 admittedly | : | it | requires |  none  |  large  | fantasy  | , | to | themselves |   a   |   still higher   | gold price |   consider   | . 
 admittedly | : | it | requires |  none  |  large  | fantasy  | , | to | themselves |   a   | still |  higher  | gold price |   consider   | . 
 zugegeben  | : | es |  bedarf  | keiner | großen | Fantasie | , | um |    sich    | einen |  noch | höheren | Goldpreis  | vorzustellen | . 

                      after adjusting for inflation , today ’ s price is nowhere near the all-time high of January 1980 .                       
                  in inflation-adjusted dollars for gold prices reached nowadays nowhere near the Allzeithoch of January 1980 .                   
                 in inflation-adjusted dollars for gold prices reached nowadays nowhere near the Allzeithoch of January 1980                  | . 
               because in inflation-adjusted dollars reached gold prices nowadays nowhere near the Allzeithoch of January 1980                | . 
 because |              in inflation-adjusted dollars reached gold prices nowadays nowhere near the Allzeithoch of January 1980               | . 
 because |                  gold prices reached nowadays nowhere near the Allzeithoch of January 1980 adjusted for inflation                  | . 
 because | adjusted for inflation |                 gold prices reached nowadays nowhere near the Allzeithoch of January 1980                 | . 
 because | adjusted for inflation |                 achieved gold prices nowadays nowhere near the Allzeithoch of January 1980                | . 
 because | adjusted for inflation | achieved |               gold prices nowadays nowhere near the Allzeithoch of January 1980                | . 
 because | adjusted for inflation | achieved |   gold prices    |            nowadays nowhere near the Allzeithoch of January 1980            | . 
 because | adjusted for inflation | achieved |  the gold price  |             the Allzeithoch of January 1980 nowadays not nearly             | . 
 because | adjusted for inflation | achieved | the | gold price |       nowadays not nearly        |     the Allzeithoch of January 1980      | . 
 because | adjusted for inflation | achieved | the | gold price |      of nowadays not nearly      |     the Allzeithoch of January 1980      | . 
 because | adjusted for inflation | achieved | the | gold price |  of |    nowadays not nearly     | the |    Allzeithoch of January 1980     | . 
 because | adjusted for inflation | achieved | the | gold price |  of |      not nearly today      | the |    Allzeithoch of January 1980     | . 
 because | adjusted for inflation | achieved | the | gold price |  of | today |     not nearly     | the | Allzeithoch |   of January 1980    | . 
 because | adjusted for inflation | achieved | the | gold price |  of | today |  not  |   nearly   | the | Allzeithoch |  of |  January 1980  | . 
 because | adjusted for inflation | achieved | the | gold price |  of | today |  not  |   nearly   | the | Allzeithoch |  of | January | 1980 | . 
   denn  |  inflationsbereinigt   | erreicht | der | Goldpreis  | von | heute | nicht | annähernd | das | Allzeithoch | von |  Januar | 1980 | . 

                            back then , gold hit $ 850 , or well over $ 2,000 in today ’ s dollars .                            
                              then , gold hit $ 850 , or in today ’ s considerably above $ 2,000 .                              
                             then , gold hit $ 850 , or in today ’ s considerably above $ 2,000                             | . 
                             then , gold hit $ 850 , or in today ’ s considerably than 2,000 $                              | . 
  then  |                            , gold hit $ 850 , or in today ’ s considerably than 2,000 $                           | . 
  then  |                           was gold hit $ 850 , or in today ’ s considerably than 2,000 $                          | . 
  then  | was |                          gold hit $ 850 , or in today ’ s considerably than 2,000 $                         | . 
  then  | was |                          gold in $ 850 , so in today ’ s considerably than 2,000 $                          | . 
  then  | was |                   gold in $ 850 , so in today ’ s                   |       considerably than 2,000 $       | . 
  then  | was |                   gold hit $ 850 , or in today ’ s                  |       much more than 2,000 $ to       | . 
  then  | was | gold |                 hit $ 850 , or in today ’ s                  | to |      much more than 2,000 $      | . 
  then  | was | gold |                  $ 850 , so in today ’ s in                  | to |      much more than 2,000 $      | . 
  then  | was | gold |  in |                $ 850 , so in today ’ s                 | to |   much more than 2,000  |   $    | . 
  then  | was | gold |  in |             850 dollars , so in today ’ s              | to |   much more than 2,000  |   $    | . 
  then  | was | gold |  in | 850 |            dollars , so in today ’ s             | to |   much  |   than 2,000  |   $    | . 
  then  | was | gold |  in | 850 |               $ , so in today ’ s                | to |   much  |  above 2,000  |   $    | . 
  then  | was | gold |  in | 850 |   $    |            , so in today ’ s            | to |   much  | above | 2,000 |   $    | . 
  then  | was | gold |  in | 850 |   $    | , |           so in today ’ s           | to |   much  | above | 2,000 |   $    | . 
  then  | was | gold |  in | 850 |   $    | , |  so  |         in today ’ s         | to |   much  | above | 2,000 |   $    | . 
  then  | was | gold |  in | 850 |   $    | , |  so  | in |        today ’ s        | to |   much  | above | 2,000 |   $    | . 
  then  | was | gold |  in | 850 |   $    | , |  so  | in |    monetary value today   | to |   much  | above | 2,000 |   $    | . 
  then  | was | gold |  in | 850 |   $    | , |  so  | in |  today   | monetary value | to |   much  | above | 2,000 |   $    | . 
 damals | lag | Gold | bei | 850 | Dollar | , | also | in | heutigem |    Geldwert    | um | einiges | über | 2.000 | Dollar | . 

                                but January 1980 was arguably a “ freak peak ” during a period of heightened geo-political instability .                                
                                    but January 1980 was arguably a “ freak peak ” in an era heightened geo-political instability .                                     
                                   but January 1980 was arguably a “ freak peak ” in an era heightened geo-political instability                                    | . 
                                however January 1980 was arguably a “ freak peak ” in a time of heightened geo-political instability                                | . 
  however   |                              January 1980 was arguably a “ freak peak ” in a time of heightened geo-political instability                             | . 
  however   |                                  gave in January 1980 a “ freak peak ” in an era heightened geo-political instability                                 | . 
  however   | gave |                                in January 1980 a “ freak peak ” in an era heightened geo-political instability                                 | . 
  however   | gave |                             it in January 1980 a “ freak peak ” in a time of heightened geo-political instability                              | . 
  however   | gave | it |                              January 1980 a “ freak peak ” in a time of heightened geo-political instability                              | . 
  however   | gave | it |                             a “ freak peak ” in a time of heightened geo-political instability in January 1980                            | . 
  however   | gave | it |   in January 1980   |                          a “ freak peak ” in a time of heightened geo-political instability                         | . 
  however   | gave | it |   in January 1980   |                      obviously an “ Freak peak ” in an era heightened geo-political instability                     | . 
  however   | gave | it | in |  January 1980  |   obviously    |                  an “ Freak peak ” in an era heightened geo-political instability                  | . 
  however   | gave | it | in |  January 1980  |   obviously    |                  a “ Freak peak ” in an era heightened geo-political instability                   | . 
  however   | gave | it | in | January | 1980 |   obviously    |         a “ Freak peak ”         |          in an era heightened geo-political instability         | . 
  however   | gave | it | in | January | 1980 |   obviously    |         a “ Freak peak ”         |       in a period of heightened geo-political instability       | . 
  however   | gave | it | in | January | 1980 |   obviously    |   a   |      “ Freak peak ”      | in |      a period of heightened geo-political instability      | . 
  however   | gave | it | in | January | 1980 |   obviously    |   a   | “ |     Freak peak ”     | in |   a   |   period of heightened geo-political instability   | . 
  however   | gave | it | in | January | 1980 |   obviously    |   a   | “ |     Freak peak ”     | in |   a   |    era of heightened geo-political instability     | . 
  however   | gave | it | in | January | 1980 |   obviously    |   a   | “ | Freak |    peak ”    | in |   a   | era  |     heightened geo-political instability    | . 
  however   | gave | it | in | January | 1980 |   obviously    |   a   | “ | Freak |  peak oil ”  | in |   a   | era  |     heightened geo-political instability    | . 
  however   | gave | it | in | January | 1980 |   obviously    |   a   | “ | Freak | peak oil | ” | in |   a   | era  |   heightened geo-political  |  instability  | . 
  however   | gave | it | in | January | 1980 |   obviously    |   a   | “ | Freak | peak oil | ” | in |   a   | era  |   heightened geopolitical   |  instability  | . 
  however   | gave | it | in | January | 1980 |   obviously    |   a   | “ | Freak | peak oil | ” | in |   a   | era  | heightened |  geopolitical  |  instability  | . 
 allerdings | gab  | es | im |  Januar | 1980 | offensichtlich | einen | „ | Freak |   Peak   | “ | in | einer | Zeit | erhöhter  | geopolitischer | Instabilität | . 

                                          at $ 1,300 , today ’ s price is probably more than double very long-term , inflation-adjusted , average gold prices .                                          
                                              at $ 1,300 , today ’ s price is probably twice very long-term , inflation-adjusted Durchschnitts-Goldpreise .                                              
                                             at $ 1,300 , today ’ s price is probably twice very long-term , inflation-adjusted Durchschnitts-Goldpreise                                             | . 
                 at $ 1,300                 |                            , today ’ s price is probably twice very long-term , inflation-adjusted Durchschnitts-Goldpreise                            | . 
                 $ 1,300 in                 |                             is today ’ s price arguably twice very long-term , inflation-adjusted Durchschnitts-Goldpreise                             | . 
  in |               $ 1,300                |  is |                           today ’ s price arguably twice very long-term , inflation-adjusted Durchschnitts-Goldpreise                            | . 
  in |          a value of $ 1.300          |  is |                           arguably twice very long-term , inflation-adjusted Durchschnitts-Goldpreise today ’ s price                            | . 
  in |   a   |       value of $ 1.300       |  is |   today ’ s price   |                        arguably twice very long-term , inflation-adjusted Durchschnitts-Goldpreise                         | . 
  in |   a   |       value of $ 1.300       |  is |    the today price    |                 arguably twice as offsetting very long-term , inflation-adjusted Durchschnitts-Goldpreise                  | . 
  in |   a   | value |      of $ 1.300      |  is | the |   today price   |    arguably twice as    |             offsetting very long-term , inflation-adjusted Durchschnitts-Goldpreise              | . 
  in |   a   | value |      of 1.300 $      |  is | the |   price today   |    arguably twice as    |            high quite as the long-term , inflation-adjusted Durchschnitts-Goldpreise             | . 
  in |   a   | value |  of |    1.300 $     |  is | the |  today  | price | arguably |   twice as   | high |            quite as the long-term , inflation-adjusted Durchschnitts-Goldpreise           | . 
  in |   a   | value |  of |    1.300 $     |  is | the |  today  | price | arguably |  doubly so   | high |             very long-term , inflation-adjusted Durchschnitts-Goldpreise like             | . 
  in |   a   | value |  of | 1.300 |   $    |  is | the |  today  | price | arguably |  doubly | so | high | like |            very long-term , inflation-adjusted Durchschnitts-Goldpreise            | . 
  in |   a   | value |  of | 1.300 |   $    |  is | the |  today  | price | arguably |  doubly | so | high | like |          the quite long-run , inflation-adjusted Durchschnitts-Goldpreise          | . 
  in |   a   | value |  of | 1.300 |   $    |  is | the |  today  | price | arguably |  doubly | so | high | like | the |         quite long-run , inflation-adjusted Durchschnitts-Goldpreise         | . 
  in |   a   | value |  of | 1.300 |   $    |  is | the |  today  | price | arguably |  doubly | so | high | like | the |     quite long-run    |    , inflation-adjusted Durchschnitts-Goldpreise     | . 
  in |   a   | value |  of | 1.300 |   $    |  is | the |  today  | price | arguably |  doubly | so | high | like | the |    quite long-term    |    , inflation-adjusted Durchschnitts-Goldpreise     | . 
  in |   a   | value |  of | 1.300 |   $    |  is | the |  today  | price | arguably |  doubly | so | high | like | the | quite |   long-term   | , |   inflation-adjusted  | Durchschnitts-Goldpreise | . 
  in |   a   | value |  of | 1.300 |   $    |  is | the |  today  | price | arguably |  doubly | so | high | like | the | quite |   long-term   | , |   inflation-adjusted Durchschnitts-Goldpreise    | . 
 bei | einem |  Wert | von | 1.300 | Dollar | ist | der | heutige | Preis |   wohl   | doppelt | so | hoch | wie  | die |  sehr | langfristigen | , | inflationsbereinigten | Durchschnitts-Goldpreise | . 

                                 so what could justify another huge increase in gold prices from here ?                                 
                               what could further colossal increase in gold prices from here establish ?                                
                              what could further colossal increase in gold prices from here establish                               | ? 
                          implying could thus further colossal increase in gold prices from here establish                          | ? 
 implying |                         could thus further colossal increase in gold prices from here establish                         | ? 
 implying |                          could further colossal increase in gold prices from here establish so                          | ? 
 implying |  so  |                        could further colossal increase in gold prices from here establish                        | ? 
 implying |  so  |  could  |                      further colossal increase in gold prices from here establish                      | ? 
 implying |  so  |  could  |                           further colossal rise of gold from here establish                            | ? 
 implying |  so  |  could  |                further colossal rise of gold                |           from here establish            | ? 
 implying |  so  |  could  |               a colossal further rise of gold               |           establish from here            | ? 
 implying |  so  |  could  |   a   |            colossal further rise of gold            |          from here          | establish  | ? 
 implying |  so  |  could  |   a   |            further colossal rise of gold            |     of the value of this    | establish  | ? 
 implying |  so  |  could  |   a   | further  |          colossal rise of gold           |  of |     value of this     | establish  | ? 
 implying |  so  |  could  |   a   | further  |          colossal rise of gold           |  of |     this value of     | establish  | ? 
 implying |  so  |  could  |   a   | further  |  colossal  |         rise of gold        |  of |  this  |   value of   | establish  | ? 
 implying |  so  |  could  |   a   | further  |  colossal  |         rise of gold        |  of |  this  |  value from  | establish  | ? 
 implying |  so  |  could  |   a   | further  |  colossal  |   rise  |      of gold      |  of |  this  | value | from | establish  | ? 
 implying |  so  |  could  |   a   | further  |  colossal  |   rise  |  of |     gold    |  of |  this  | value | from | establish  | ? 
   was    | also | könnte | einen | weiteren | kolossalen | Anstieg | des | Goldpreises | von | diesem |  Wert | aus  | begründen | ? 

               one answer , of course , is a complete collapse of the US dollar .               
                 a possibility of course complete collapse of the US dollars .                  
                a possibility of course complete collapse of the US dollars                 | . 
             a possibility would obviously a complete collapse of the US dollar             | . 
    a possibility    |         would obviously a complete collapse of the US dollar         | . 
    a possibility    |         would of course complete collapse of the US dollars          | . 
  a   | possibility  | would |        of course complete collapse of the US dollars         | . 
  a   | possibility  | would |      of course is a complete collapse of the US dollar       | . 
  a   | possibility  | would | of course  |       a complete collapse of the US dollar      | . 
  a   | possibility  | would | of course  |      the complete collapse of the US dollar     | . 
  a   | possibility  | would | of course  | the |     complete collapse of the US dollar    | . 
  a   | possibility  | would | of course  | the |      total collapse of the US dollar      | . 
  a   | possibility  | would | of course  | the | total  |    collapse of the US dollar     | . 
  a   | possibility  | would | of course  | the | total  |    collapse   |  of | US dollar  | . 
  a   | possibility  | would | of course  | the | total  |    collapse   | of the US dollar | . 
 eine | Möglichkeit | wäre | natürlich | der | totale | Zusammenbruch | des | US-Dollars | . 

                                        and if you are really worried about that , gold might indeed be the most reliable hedge .                                         
                                           , and who really worried about that , gold might indeed be the most reliable hedge .                                           
                                          , and who really worried about that , gold might indeed be the most reliable hedge                                          | . 
                                     and themselves who really worried about that , gold might indeed be the most reliable hedge                                      | . 
 and |                                    themselves who really worried about that , gold might indeed be the most reliable hedge                                     | . 
 and |                                 whoever in these respects really worries makes , gold might indeed be the most reliable hedge                                  | . 
 and |             whoever in these respects really worries makes             |                     , gold might indeed be the most reliable hedge                    | . 
 and |               who in these respects really worries makes               |                     , gold might indeed be the most reliable hedge                    | . 
 and | who |              in these respects really worries makes              | , |                    gold might indeed be the most reliable hedge                   | . 
 and | who |               themselves here really worries makes               | , |                  could in gold indeed be the most reliable hedge                  | . 
 and | who | themselves |              here really worries makes              | , |  could  |                in gold indeed be the most reliable hedge                | . 
 and | who | themselves |        in these respects really worries makes       | , |  could  |                indeed be the most reliable hedge in gold                | . 
 and | who | themselves |   in these respects    |    really worries makes    | , |  could  |  in gold  |              indeed be the most reliable hedge              | . 
 and | who | themselves | in |   these respects  |  really  |  worries makes  | , |  could  | in | gold |    indeed    |          be the most reliable hedge          | . 
 and | who | themselves | in |   this respects   |  really  |  worries makes  | , |  could  | in | gold |    indeed    |        the most reliable hedge found         | . 
 and | who | themselves | in |  this  | respects |  really  | worries | makes | , |  could  | in | gold |    indeed    |       the most reliable hedge       | found  | . 
 and | who | themselves | in |  this  | respects |  really  | worries | makes | , |  could  | in | gold |    indeed    | the |      most reliable hedge      | found  | . 
 and | who | themselves | in |  this  | respects |  really  | worries | makes | , |  could  | in | gold |    indeed    | the |  most reliable  |    hedge    | found  | . 
 und | wer |    sich    | in | dieser | Hinsicht | wirklich |  Sorgen | macht | , | könnte | in | Gold | tatsächlich | die | verlässlichste | Absicherung | finden | . 

