                                                    San FRANCISCO – It has never been easy to have a rational conversation about the value of gold .                                                    
                                                   San FRANCISCO – There , was never easily rational conversation about the value of gold waging and                                                    
                                                  San FRANCISCO – There , was never easily rational conversation about the value of gold waging                                                   | and 
                                                 , San FRANCISCO – There was never easily a rational conversation about the value of gold waging                                                  | and 
 , San FRANCISCO |                                                – There was never easily a rational conversation about the value of gold waging                                                 | and 
  San FRANCISCO  |                                           references Whether easily , was never a rational conversation about the value of gold waging                                           | and 
 San | FRANCISCO | references |                                          Whether easily , was never a rational conversation about the value of gold waging                                          | and 
 San | FRANCISCO | references |                                           A easily , was never have a rational conversation about the value of gold waging                                          | and 
 San | FRANCISCO | references | A  |                                         easily , was never have a rational conversation about the value of gold waging                                         | and 
 San | FRANCISCO | references | A  |                                      presided easily , never have a rational conversation about the value of gold waging                                       | and 
 San | FRANCISCO | references | A  | presided |                                      easily , never have a rational conversation about the value of gold waging                                     | and 
 San | FRANCISCO | references | A  | presided |                                    remains never slightly a rational conversation about the value of gold to lead                                   | and 
 San | FRANCISCO | references | A  | presided |    remains never    |                                slightly a rational conversation about the value of gold to lead                               | and 
 San | FRANCISCO | references | A  | presided |  exacerbating ever  |                              can easily , an rational conversation about the value of gold waging                             | and 
 San | FRANCISCO | references | A  | presided | exacerbating | ever | can easily |                            , an rational conversation about the value of gold waging                             | and 
 San | FRANCISCO | references | A  | presided | exacerbating | ever | can easily |                            rational conversation about the value of waging gold aimed                            | and 
 San | FRANCISCO | references | A  | presided | exacerbating | ever | can easily | aimed |                           rational conversation about the value of waging gold                           | and 
 San | FRANCISCO | references | A  | presided | exacerbating | ever | can easily | aimed |                          rational conversation above lead to the value of gold                           | and 
 San | FRANCISCO | references | A  | presided | exacerbating | ever | can easily | aimed |      rational conversation       |                    above lead to the value of gold                    | and 
 San | FRANCISCO | references | A  | presided | exacerbating | ever | can easily | aimed |achieve conversation , rationality|                   possess the value of gold to cause                  | and 
 San | FRANCISCO | references | A  | presided | exacerbating | ever | can easily | aimed | achieve |conversation , rationality| possess |                  the value of gold to cause                 | and 
 San | FRANCISCO | references | A  | presided | exacerbating | ever | can easily | aimed | achieve |    Hamas discourse     | possess |               from the value of gold to fight               | and 
 San | FRANCISCO | references | A  | presided | exacerbating | ever | can easily | aimed | achieve |   Hamas    | discourse | possess |         from the value of gold         |      to fight      | and 
 San | FRANCISCO | references | A  | presided | exacerbating | ever | can easily | aimed | achieve |   Hamas    | discourse | possess |          recent of gold worth          |  causing generate  | and 
 San | FRANCISCO | references | A  | presided | exacerbating | ever | can easily | aimed | achieve |   Hamas    | discourse | possess | recent |         of gold worth         | causing | generate | and 
 San | FRANCISCO | references | A  | presided | exacerbating | ever | can easily | aimed | achieve |   Hamas    | discourse | possess | recent |       merits of gold of       | causing | generate | and 
 San | FRANCISCO | references | A  | presided | exacerbating | ever | can easily | aimed | achieve |   Hamas    | discourse | possess | recent | merits |      of gold of      | causing | generate | and 
 San | FRANCISCO | references | A  | presided | exacerbating | ever | can easily | aimed | achieve |   Hamas    | discourse | possess | recent | merits |  dependent and gold  | causing | generate | and 
 San | FRANCISCO | references | A  | presided | exacerbating | ever | can easily | aimed | achieve |   Hamas    | discourse | possess | recent | merits | dependent | and gold | causing | generate | and 
 San | FRANCISCO |    –     | Es |   war    |     noch     | nie  |   leicht   |   ,   |   ein   | rationales | Gespräch |  über  |  den   |  Wert  |    von    |   Gold   |    zu   | führen  |  .  

                                                                           lately , with gold prices up more than 300 % over the last decade , it is harder than ever .                                                                          
                                                                     lately , however difficult , but because the gold prices over the decade to exceed percent increased and                                                                    
                                                                    lately , however difficult , but because the gold prices over the decade to exceed percent increased                                                                   | and 
                                                                       recent however difficult this is because the price , but the last decade to exceed % increased                                                                      | and 
                        recent however difficult this is because the                       |                                               price , but the last decade to exceed % increased                                               | and 
                     , in recently though this is because the difficult                    |                                          holding gold , but the last decade to exceed percent soared                                          | and 
        , in recently         |            though this is because the difficult            | holding |                                         gold , but the last decade to exceed percent soared                                         | and 
      era recently enter      |         upholding , this is because the difficult          | holding |                                      gold last but the decade to exceed percent increased went                                      | and 
 enter |     era recently     | upholding  |        , this is because the difficult        | holding | went |                                     gold last but the decade to exceed percent increased                                     | and 
 enter |   have castigated    | upholding  |            went this as the harder            | holding | went |                                    spike gold in the last decade exceed increased percent                                    | and 
 enter |   have  | castigated | upholding  | went |           this as the harder           | holding | went | spike |                                   gold in the last decade exceed increased percent                                   | and 
 enter |   have  | castigated | upholding  | went |         resign harder for the          | holding | went | spike |                              gold price of in the last decade exceed percent increased                               | and 
 enter |   have  | castigated | upholding  | went | resign |         harder for the        | holding | went | spike |    gold price of    |                          in the last decade exceed percent increased                           | and 
 enter |   have  | castigated | upholding  | went | resign |       it harder for vary      | holding | went | spike |  gold prices among  |                             to 300 % increased the last decade of                              | and 
 enter |   have  | castigated | upholding  | went | resign |  it harder  |     for vary    | holding | went | spike | among | gold prices |          last decade of         |                      to 300 % increased                      | and 
 enter |   have  | castigated | upholding  | went | resign |  it harder  |  indeed placed  | holding | went | spike | among | gold prices |    generally decade-long last   |            has been increasing to percent exceed             | and 
 enter |   have  | castigated | upholding  | went | resign |  it harder  | indeed | placed | holding | went | spike | among | gold prices | generally |   decade-long last  |           to percent exceed            | has been increasing | and 
 enter |   have  | castigated | upholding  | went | resign |  it harder  | indeed | placed | holding | went | spike | among | gold prices | generally |       last , s      |             fell on 300 %              | has been increasing | and 
 enter |   have  | castigated | upholding  | went | resign |  it harder  | indeed | placed | holding | went | spike | among | gold prices | generally |  last , |     s     | fell |             on 300 %            | has been increasing | and 
 enter |   have  | castigated | upholding  | went | resign |  it harder  | indeed | placed | holding | went | spike | among | gold prices | generally |  last , |     s     | fell |          300 across in          | has been increasing | and 
 enter |   have  | castigated | upholding  | went | resign |  it harder  | indeed | placed | holding | went | spike | among | gold prices | generally |  last , |     s     | fell |       300 across      |    in   | has been increasing | and 
 enter |   have  | castigated | upholding  | went | resign |  it harder  | indeed | placed | holding | went | spike | among | gold prices | generally |  last , |     s     | fell |  than 300 discussing  |    in   | has been increasing | and 
 enter |   have  | castigated | upholding  | went | resign |  it harder  | indeed | placed | holding | went | spike | among | gold prices | generally |  last , |     s     | fell | discussing | than 300 |    in   | has been increasing | and 
   in  | letzter |    Zeit    | allerdings | ist  |  dies  | schwieriger |  denn  |   je   |    ,    | ist  |  doch |  der  |  Goldpreis  |     im    | letzten | Jahrzehnt |  um  |   über    |   300    | Prozent |     angestiegen     |  .  

                          wouldn ’ t you know it ?                          
                      and came , coming discovered . in                       
                      and came , coming discovered                     | . in 
                       arguing , coming as needed                      | . in 
 arguing |                      , coming as needed                     | . in 
 arguing |                allow came as enter discovered               | . in 
 arguing | allow |               came as enter discovered              | . in 
 arguing | allow |               took as occur discovered              | . in 
 arguing | allow | took |             as occur discovered              | . in 
 arguing | allow | took |           seeking as coming needed           | . in 
 arguing | allow | took | seeking |          as coming needed          | . in 
 arguing | allow | took | seeking |       it coming endured type       | . in 
 arguing | allow | took | seeking | type |      it coming endured      | . in 
 arguing | allow | took | seeking | type |    enabled endured coming   | . in 
 arguing | allow | took | seeking | type | enabled |   endured coming  | . in 
 arguing | allow | took | seeking | type | enabled |  enjoys bound to  | . in 
 arguing | allow | took | seeking | type | enabled | enjoys | bound to | . in 
   und   |   es  | kam  |    ,    | wie  |    es   | kommen |  musste  |  .   

                       since their articles appeared , the price of gold has moved up still further .                       
                                      since their articles , gold increased further ?                                       
                                     since their articles , gold increased further                                      | ? 
                                   for of their articles is gold prices rise further                                    | ? 
                 for of their articles                 |                  is gold prices rise further                   | ? 
             publication its Article , for             |               gold prices increased further went               | ? 
 , for |            publication its Article            | went |              gold prices increased further              | ? 
 , for |         carbon publication her Article        | went |                gold of further increased                | ? 
 , for | carbon |       publication her Article        | went |       gold of       |         further increased         | ? 
 , for | carbon |        disclosure Article her        | went |  gold prices among  |      continue continues risen     | ? 
 , for | carbon |     disclosure    |   Article her    | went | among | gold prices | continue |    continues risen     | ? 
 , for | carbon |     disclosure    |  them , Nature   | went | among | gold prices | continue |  continuing has grown  | ? 
 , for | carbon |     disclosure    | them , |  Nature | went | among | gold prices | continue | continuing | has grown | ? 
  seit |  der   | Veröffentlichung | ihrer  | Artikel | ist  |  der  |  Goldpreis  |   noch   |   weiter   | gestiegen | . 

                          gold prices even hit a record-high $ 1,300 recently .                          
                            recently reached a record-high $ indeed 1.300 and                            
                           recently reached a record-high $ indeed 1.300                           | and 
                             newly indeed reached a record-high $ 1.300                            | and 
  newly  |                           indeed reached a record-high $ 1.300                          | and 
  newly  |                     stating indeed a record-high dollars 1.300 came                     | and 
  newly  |    came   |                  stating indeed a record-high dollars 1.300                 | and 
  newly  |    came   |                 declaring indeed a record-high dollars 1.300                | and 
  newly  |    came   | declaring |                indeed a record-high dollars 1.300               | and 
  newly  |    came   | declaring |               are even 1.300 dollars a record-high              | and 
  newly  |    came   | declaring | are even |             1.300 dollars a record-high              | and 
  newly  |    came   | declaring | are even |          included 1.300 all-time high of $           | and 
  newly  |    came   | declaring | are even | included |          1.300 all-time high of $         | and 
  newly  |    came   | declaring | are even | included |       highest they of dollars 1.300       | and 
  newly  |    came   | declaring | are even | included | highest they |      of dollars 1.300      | and 
  newly  |    came   | declaring | are even | included | highest they |    dependent , $ 1.300     | and 
  newly  |    came   | declaring | are even | included | highest they | dependent |   , $ 1.300    | and 
  newly  |    came   | declaring | are even | included | highest they | dependent |   1.300 of $   | and 
  newly  |    came   | declaring | are even | included | highest they | dependent | 1.300 |  of $  | and 
 jüngst | erreichte |     er    |  sogar   |   ein    |  Rekordhoch  |    von    | 1.300 | Dollar |  .  

                                                      last December , many gold bugs were arguing that the price was inevitably headed for $ 2,000 .                                                     
                                                              Goldbugs the last December arguing that price undoubtedly towards $ 2,000 and                                                              
                                                             Goldbugs the last December arguing that price undoubtedly towards $ 2,000                                                             | and 
                                                            last December of Goldbugs arguing that the price undoubtedly towards $ 2,000                                                           | and 
           last December of          |                                                 Goldbugs arguing that the price undoubtedly towards $ 2,000                                                 | and 
      generally of last December     |                                               were &apos;s Goldbugs that the price undoubtedly towards $ 2,000                                              | and 
 generally |     of last December    |      were      |                                        &apos;s Goldbugs that the price undoubtedly towards $ 2,000                                         | and 
 generally |   December will dying   |      were      |                                             cut Goldbugs doubt that the price towards $ 2,000                                              | and 
 generally |  dying  | December will |      were      |    cut Goldbugs    |                                          doubt that the price towards $ 2,000                                         | and 
 generally |  dying  | December will |      were      |  capital Goldbugs  |                                      price the undoubtedly towards $ 2,000 aimed                                      | and 
 generally |  dying  | December will |      were      | capital | Goldbugs | aimed |                                     price the undoubtedly towards $ 2,000                                     | and 
 generally |  dying  | December will |      were      | capital | Goldbugs | aimed |                                   being of undoubtedly price towards $ 2,000                                  | and 
 generally |  dying  | December will |      were      | capital | Goldbugs | aimed | being |                                  of undoubtedly price towards $ 2,000                                 | and 
 generally |  dying  | December will |      were      | capital | Goldbugs | aimed | being |                                   price towards undoubtedly $ 2,000                                   | and 
 generally |  dying  | December will |      were      | capital | Goldbugs | aimed | being |        price         |                          towards undoubtedly $ 2,000                           | and 
 generally |  dying  | December will |      were      | capital | Goldbugs | aimed | being |  popular price paid  |                  undoubtedly towards $ 2,000 going reassured                   | and 
 generally |  dying  | December will |      were      | capital | Goldbugs | aimed | being | popular | price paid |                 undoubtedly towards $ 2,000 going                  | reassured | and 
 generally |  dying  | December will |      were      | capital | Goldbugs | aimed | being | popular | price paid |                   certainly towards 2,000 $ walk                   | reassured | and 
 generally |  dying  | December will |      were      | capital | Goldbugs | aimed | being | popular | price paid | certainly  |                  towards 2,000 $ walk                 | reassured | and 
 generally |  dying  | December will |      were      | capital | Goldbugs | aimed | being | popular | price paid | certainly  |           direction in dollars 2,000 betray           | reassured | and 
 generally |  dying  | December will |      were      | capital | Goldbugs | aimed | being | popular | price paid | certainly  |          direction in dollars 2,000          | betray | reassured | and 
 generally |  dying  | December will |      were      | capital | Goldbugs | aimed | being | popular | price paid | certainly  |       &apos;s direction 2,000 dollars        | betray | reassured | and 
 generally |  dying  | December will |      were      | capital | Goldbugs | aimed | being | popular | price paid | certainly  | &apos;s |      direction 2,000 dollars       | betray | reassured | and 
 generally |  dying  | December will |      were      | capital | Goldbugs | aimed | being | popular | price paid | certainly  | &apos;s |      dollar 2,000 , presages       | betray | reassured | and 
 generally |  dying  | December will |      were      | capital | Goldbugs | aimed | being | popular | price paid | certainly  | &apos;s | presages |      dollar 2,000 ,     | betray | reassured | and 
 generally |  dying  | December will |      were      | capital | Goldbugs | aimed | being | popular | price paid | certainly  | &apos;s | presages |  two thousand dollar ,  | betray | reassured | and 
 generally |  dying  | December will |      were      | capital | Goldbugs | aimed | being | popular | price paid | certainly  | &apos;s | presages | two thousand | dollar , | betray | reassured | and 
     im    | letzten |    Dezember   | argumentierten |   die   | Goldbugs |   ,   |  dass |   der   |   Preis    | zweifellos |    in   | Richtung |    2.000     |  Dollar  | gehen  |   würde  |  .  

                                                   now , emboldened by continuing appreciation , some are suggesting that gold could be headed even higher than that .                                                   
                                                              fueled given continuing upward believes , having elsewhere , even higher gold could increase ?                                                             
                                                             fueled given continuing upward believes , having elsewhere , even higher gold could increase                                                            | ? 
                                                                  owing fueled ongoing upward , having said elsewhere , even higher gold could rise                                                                  | ? 
                     owing fueled ongoing upward                     |                                             , having said elsewhere , even higher gold could rise                                             | ? 
                     ongoing owing upward driven                     |                                          holding means having elsewhere , even higher gold rise could                                         | ? 
   driven   |                  ongoing owing upward                  | holding |                                         means having elsewhere , even higher gold rise could                                        | ? 
   driven   |               arising of ongoing upward                | holding |                                       declaring having elsewhere , even higher gold might rise                                      | ? 
   driven   | arising  |              of ongoing upward              | holding | declaring |                                      having elsewhere , even higher gold might rise                                     | ? 
   driven   | arising  |        consumption uptick persistent        | holding | declaring |                               considering forward elsewhere , even higher gold could rise                               | ? 
   driven   | arising  | consumption |       uptick persistent       | holding | declaring | considering |                              forward elsewhere , even higher gold could rise                              | ? 
   driven   | arising  | consumption |       of ongoing uptick       | holding | declaring | considering |                             instead of elsewhere , gold even higher rise might                            | ? 
   driven   | arising  | consumption |  of ongoing |      uptick     | holding | declaring | considering | instead |                             elsewhere , gold even higher rise might                             | ? 
   driven   | arising  | consumption |  of ongoing |      uptick     | holding | declaring | considering | instead |                                 in gold , even higher rise might                                | ? 
   driven   | arising  | consumption |  of ongoing |      uptick     | holding | declaring | considering | instead |      in     |                           gold , even higher rise might                           | ? 
   driven   | arising  | consumption |  of ongoing |      uptick     | holding | declaring | considering | instead |      in     |                       aimed gold that would rise even higher                      | ? 
   driven   | arising  | consumption |  of ongoing |      uptick     | holding | declaring | considering | instead |      in     | aimed |                      gold that would rise even higher                     | ? 
   driven   | arising  | consumption |  of ongoing |      uptick     | holding | declaring | considering | instead |      in     | aimed |                    expected even higher gold might rise                   | ? 
   driven   | arising  | consumption |  of ongoing |      uptick     | holding | declaring | considering | instead |      in     | aimed | expected |                  even higher gold might rise                   | ? 
   driven   | arising  | consumption |  of ongoing |      uptick     | holding | declaring | considering | instead |      in     | aimed | expected |                 and gold may rise even higher                  | ? 
   driven   | arising  | consumption |  of ongoing |      uptick     | holding | declaring | considering | instead |      in     | aimed | expected | and gold |                 may rise even higher                | ? 
   driven   | arising  | consumption |  of ongoing |      uptick     | holding | declaring | considering | instead |      in     | aimed | expected | and gold |          increase even higher uncontrolled          | ? 
   driven   | arising  | consumption |  of ongoing |      uptick     | holding | declaring | considering | instead |      in     | aimed | expected | and gold |         increase even higher         | uncontrolled | ? 
   driven   | arising  | consumption |  of ongoing |      uptick     | holding | declaring | considering | instead |      in     | aimed | expected | and gold |       and even rise higher nor       | uncontrolled | ? 
   driven   | arising  | consumption |  of ongoing |      uptick     | holding | declaring | considering | instead |      in     | aimed | expected | and gold | and even |      rise higher nor      | uncontrolled | ? 
   driven   | arising  | consumption |  of ongoing |      uptick     | holding | declaring | considering | instead |      in     | aimed | expected | and gold | and even |     deeper rise larger    | uncontrolled | ? 
   driven   | arising  | consumption |  of ongoing |      uptick     | holding | declaring | considering | instead |      in     | aimed | expected | and gold | and even | deeper |   rise larger    | uncontrolled | ? 
   driven   | arising  | consumption |  of ongoing |      uptick     | holding | declaring | considering | instead |      in     | aimed | expected | and gold | and even | deeper |   above spike    | uncontrolled | ? 
   driven   | arising  | consumption |  of ongoing |      uptick     | holding | declaring | considering | instead |      in     | aimed | expected | and gold | and even | deeper | above  |  spike  | uncontrolled | ? 
 beflügelt | aufgrund |     des     | anhaltenden | Aufwärtstrends |    ,    |   meint   |     man     |   nun   | mancherorts |   ,   |   dass   |   Gold   |  sogar   |  noch  | höher | steigen |   könnte    | . 

                       since then , the index has climbed above 10,000 .                       
                           since then , he above 10,000 points rise ?                          
                          since then , he above 10,000 points rise                         | ? 
                      since earlier deserve risen above 10,000 points                      | ? 
 since earlier  |                    deserve risen above 10,000 points                     | ? 
  , for it was  |                 happened being risen above 10,000 points                 | ? 
 , for |  was   | happened |                being risen above 10,000 points                | ? 
 , for |  was   | happened |              saying above 10,000 points increased             | ? 
 , for |  was   | happened | saying |            above 10,000 points increased             | ? 
 , for |  was   | happened | saying |           10,000 points above increased by           | ? 
 , for |  was   | happened | saying |          10,000 points above          | increased by | ? 
 , for |  was   | happened | saying |       across counts above 10,000      | increased by | ? 
 , for |  was   | happened | saying | across |     counts above 10,000      | increased by | ? 
 , for |  was   | happened | saying | across |   concerning points 11,000   | increased by | ? 
 , for |  was   | happened | saying | across | concerning |  points 11,000  | increased by | ? 
 , for |  was   | happened | saying | across | concerning |   11,000 here   | increased by | ? 
 , for |  was   | happened | saying | across | concerning | 11,000 |  here  | increased by | ? 
  seit | damals |   ist    |   er   |  auf   |   über    | 10.000 | Punkte |  gestiegen   | . 

                                                       now that gold has crossed the magic $ 1,000 barrier , why can ’ t it increase ten-fold , too ?                                                      
                                                         stuck gold border , the magic $ 1,000 crossed ought to be worth thus &apos;t verzehnfachen .                                                        
                                                        stuck gold border , the magic $ 1,000 crossed ought to be worth thus &apos;t verzehnfachen                                                       | . 
                                                      gold instead , the magic $ 1,000 border crossed why should be worth thus &apos;t verzehnfachen                                                     | . 
                             gold instead , the magic $ 1,000 border crossed                              |                        why should be worth thus &apos;t verzehnfachen                        | . 
                             border , gold the magic $ 1,000 crossed becoming                             |               seeking accounts should be worth verzehnfachen therefore &apos;t               | . 
 becoming |                            border , gold the magic $ 1,000 crossed                            | seeking |              accounts should be worth verzehnfachen therefore &apos;t              | . 
 becoming |                          makes gold the magic $ 1,000 border exceeded                         | seeking |                for should be worth therefore &apos;t verzehnfachen                 | . 
 becoming | makes |                         gold the magic $ 1,000 border exceeded                        | seeking |  for  |              should be worth therefore &apos;t verzehnfachen               | . 
 becoming | makes |                       and gold border the magic $ 1,000 exceeded                      | seeking |  for  |                  is his thus worth &apos;t verzehnfachen                   | . 
 becoming | makes | and gold |                     border the magic $ 1,000 exceeded                      | seeking |  for  |   is   |                his thus worth &apos;t verzehnfachen               | . 
 becoming | makes | and gold |                       magic $ 1,000 the border time                        | seeking |  for  |   is   |               turns worth not be thus verzehnfachen               | . 
 becoming | makes | and gold |                  magic $ 1,000 the border                 |      time      | seeking |  for  |   is   | turns |              worth not be thus verzehnfachen              | . 
 becoming | makes | and gold |               prices border magical $ 1,000               |      time      | seeking |  for  |   is   | turns |         reflect worth verzehnfachen therefore not         | . 
 becoming | makes | and gold | prices |              border magical $ 1,000              |      time      | seeking |  for  |   is   | turns |  reflect worth   |      verzehnfachen therefore not       | . 
 becoming | makes | and gold | prices |           magical from $ 1,000 border            |      time      | seeking |  for  |   is   | turns |  whose sanctity  |    result verzehnfachen cannot also    | . 
 becoming | makes | and gold | prices | magical  |          from $ 1,000 border          |      time      | seeking |  for  |   is   | turns | whose | sanctity | result |   verzehnfachen cannot also   | . 
 becoming | makes | and gold | prices | magical  |         Frontier $ 1,000 from         |      time      | seeking |  for  |   is   | turns | whose | sanctity | result |   &apos;t also verzehnfachen  | . 
 becoming | makes | and gold | prices | magical  | Frontier |        $ 1,000 from        |      time      | seeking |  for  |   is   | turns | whose | sanctity | result |  &apos;t also | verzehnfachen | . 
 becoming | makes | and gold | prices | magical  | Frontier | dependent of dollars 1,000 |      time      | seeking |  for  |   is   | turns | whose | sanctity | result |  hardly both  | verzehnfachen | . 
 becoming | makes | and gold | prices | magical  | Frontier | dependent |of dollars 1,000|      time      | seeking |  for  |   is   | turns | whose | sanctity | result | hardly | both | verzehnfachen | . 
 becoming | makes | and gold | prices | magical  | Frontier | dependent |    per of $    |      time      | seeking |  for  |   is   | turns | whose | sanctity | result | hardly | both | verzehnfachen | . 
 becoming | makes | and gold | prices | magical  | Frontier | dependent |  per  |  of $  |      time      | seeking |  for  |   is   | turns | whose | sanctity | result | hardly | both | verzehnfachen | . 
   nun    |  hat  |   Gold   |  die   | magische |  Grenze  |    von    | 1.000 | Dollar | überschritten |    ,    | warum | sollte |  sich |  sein |   Wert   | daher  | nicht  | auch | verzehnfachen | ? 

                              admittedly , getting to a much higher price for gold is not quite the leap of imagination that it seems .                               
                                             admittedly , needed neither large imagination to a higher gold consider and                                              
                                            admittedly , needed neither large imagination to a higher gold consider                                             | and 
                                                to : nobody require large imagination to a higher gold consider                                                 | and 
     to    |                                            : nobody require large imagination to a higher gold consider                                            | and 
     to    |                                         saying , needed nobody large imagination to a higher gold consider                                         | and 
     to    | saying , |                                        needed nobody large imagination to a higher gold consider                                        | and 
     to    | saying , |                                   managed requires nobody large imagination to a higher gold consider                                   | and 
     to    | saying , | managed |                                  requires nobody large imagination to a higher gold consider                                  | and 
     to    | saying , | managed |                                    takes nobody large imagination to a higher gold consider                                   | and 
     to    | saying , | managed | takes  |                                  nobody large imagination to a higher gold consider                                  | and 
     to    | saying , | managed | takes  |                                   any large imagination to a higher gold consider                                    | and 
     to    | saying , | managed | takes  |  any   |                                 large imagination to a higher gold consider                                 | and 
     to    | saying , | managed | takes  |  any   |                                 large conjecture , to a higher gold consider                                | and 
     to    | saying , | managed | takes  |  any   |   large conjecture   |                             , to a higher gold consider                              | and 
     to    | saying , | managed | takes  |  any   |   deep conjecture    |                       to a higher gold price consider holding                        | and 
     to    | saying , | managed | takes  |  any   |   deep  | conjecture | holding |                      to a higher gold price consider                       | and 
     to    | saying , | managed | takes  |  any   |   deep  | conjecture | holding |                      grew nor a higher price consider                      | and 
     to    | saying , | managed | takes  |  any   |   deep  | conjecture | holding | grew |                     nor a higher price consider                     | and 
     to    | saying , | managed | takes  |  any   |   deep  | conjecture | holding | grew |                  consider a higher gold price look                  | and 
     to    | saying , | managed | takes  |  any   |   deep  | conjecture | holding | grew | look |                 consider a higher gold price                 | and 
     to    | saying , | managed | takes  |  any   |   deep  | conjecture | holding | grew | look |                 a higher price nor consider                  | and 
     to    | saying , | managed | takes  |  any   |   deep  | conjecture | holding | grew | look |               a higher price nor              |   consider   | and 
     to    | saying , | managed | takes  |  any   |   deep  | conjecture | holding | grew | look |              higher nor gold look             |   consider   | and 
     to    | saying , | managed | takes  |  any   |   deep  | conjecture | holding | grew | look |  look |            higher nor gold            |   consider   | and 
     to    | saying , | managed | takes  |  any   |   deep  | conjecture | holding | grew | look |  look |           higher , nor price          |   consider   | and 
     to    | saying , | managed | takes  |  any   |   deep  | conjecture | holding | grew | look |  look |        higher , nor       |   price   |   consider   | and 
     to    | saying , | managed | takes  |  any   |   deep  | conjecture | holding | grew | look |  look |  deeper achieving higher  |   price   |   consider   | and 
     to    | saying , | managed | takes  |  any   |   deep  | conjecture | holding | grew | look |  look | deeper | achieving higher |   price   |   consider   | and 
 zugegeben |    :     |    es   | bedarf | keiner | großen |  Fantasie  |    ,    |  um  | sich | einen |  noch  |     höheren     | Goldpreis | vorzustellen |  .  

                                          after adjusting for inflation , today ’ s price is nowhere near the all-time high of January 1980 .                                           
                                        reached in inflation-adjusted dollars for gold prices nowadays nowhere Allzeithoch of the January 1980 and                                        
                                       reached in inflation-adjusted dollars for gold prices nowadays nowhere Allzeithoch of the January 1980                                       | and 
                                    possibly in inflation-adjusted dollars reached gold prices nowadays nowhere the Allzeithoch of January 1980                                     | and 
 possibly |                                    in inflation-adjusted dollars reached gold prices nowadays nowhere the Allzeithoch of January 1980                                   | and 
 possibly |                             calculated in inflation-adjusted terms reached gold prices nowadays nowhere near Allzeithoch of the January 1980                            | and 
 possibly | calculated in inflation-adjusted terms |                           reached gold prices nowadays nowhere near Allzeithoch of the January 1980                            | and 
 possibly | calculated in inflation-adjusted terms |                           achieve gold prices nowadays nowhere near Allzeithoch of the 1980 January                            | and 
 possibly | calculated in inflation-adjusted terms | achieve  |                          gold prices nowadays nowhere near Allzeithoch of the 1980 January                          | and 
 possibly | calculated in inflation-adjusted terms | achieve  |                            gold of nowadays nowhere near of the Allzeithoch January 1980                            | and 
 possibly | calculated in inflation-adjusted terms | achieve  |       gold of       |                     nowadays nowhere near of the Allzeithoch January 1980                     | and 
 possibly | calculated in inflation-adjusted terms | achieve  |  gold prices among  |                     nowhere near nowadays of the Allzeithoch January 1980                     | and 
 possibly | calculated in inflation-adjusted terms | achieve  | among | gold prices |            nowhere near nowadays            |         of the Allzeithoch January 1980         | and 
 possibly | calculated in inflation-adjusted terms | achieve  | among | gold prices |          dependent nowadays nowhere         |       annual from January 1980 Allzeithoch      | and 
 possibly | calculated in inflation-adjusted terms | achieve  | among | gold prices | dependent |         nowadays nowhere        | annual |     from January 1980 Allzeithoch      | and 
 possibly | calculated in inflation-adjusted terms | achieve  | among | gold prices | dependent |          hinder nowhere         | annual |     Allzeithoch from January 1980      | and 
 possibly | calculated in inflation-adjusted terms | achieve  | among | gold prices | dependent | hinder |        nowhere         | annual | Allzeithoch |    from January 1980     | and 
 possibly | calculated in inflation-adjusted terms | achieve  | among | gold prices | dependent | hinder |  unless approximately  | annual | Allzeithoch |    tax 1980 January ,    | and 
 possibly | calculated in inflation-adjusted terms | achieve  | among | gold prices | dependent | hinder | unless | approximately | annual | Allzeithoch | tax |   1980 January ,   | and 
 possibly | calculated in inflation-adjusted terms | achieve  | among | gold prices | dependent | hinder | unless | approximately | annual | Allzeithoch | tax |    in in 1980 ,    | and 
 possibly | calculated in inflation-adjusted terms | achieve  | among | gold prices | dependent | hinder | unless | approximately | annual | Allzeithoch | tax |   in   | in 1980 , | and 
   denn   |          inflationsbereinigt           | erreicht |  der  |  Goldpreis  |    von    | heute  | nicht  |   annähernd  |  das   | Allzeithoch | von | Januar |    1980   |  .  

                                                      back then , gold hit $ 850 , or well over $ 2,000 in today ’ s dollars .                                                      
                                                    then , gold hit $ 850 , or in today ’ s considerably above 2,000 dollars and                                                    
                                                   then , gold hit $ 850 , or in today ’ s considerably above 2,000 dollars                                                   | and 
                                                     placed , gold hit $ 850 , or considerably in today ’ s above $ 2,000                                                     | and 
 placed |                                                    , gold hit $ 850 , or considerably in today ’ s above $ 2,000                                                    | and 
 placed |                                                the trick gold hit $ 850 , or considerably in today ’ s above $ 2,000                                                | and 
 placed | the trick |                                               gold hit $ 850 , or considerably in today ’ s above $ 2,000                                               | and 
 placed | the trick |                                                 gold in $ 850 , so today ’ s 2,000 $ considerably above                                                 | and 
 placed | the trick |                                gold in $ 850 , so today ’ s                                |                 2,000 $ considerably above                 | and 
 placed | the trick |                                Gold $ 850 , so in today ’ s                                |            dropped $ 2,000 significantly above             | and 
 placed | the trick | Gold |                               $ 850 , so in today ’ s                               | dropped |           $ 2,000 significantly above            | and 
 placed | the trick | Gold |                         involving , $ 850 thus in today ’ s                         | dropped |       significantly above 2,000 , dollars        | and 
 placed | the trick | Gold | involving |                        , $ 850 thus in today ’ s                        | dropped |      significantly above 2,000       | , dollars | and 
 placed | the trick | Gold | involving |                      850 in dollars , so today ’ s                      | dropped |      considerable above 2,000 ,      | , dollars | and 
 placed | the trick | Gold | involving | 850 |                     in dollars , so today ’ s                     | dropped | considerable |     above 2,000 ,     | , dollars | and 
 placed | the trick | Gold | involving | 850 |                      to $ thus , in today ’ s                     | dropped | considerable |  exceed two thousand  | , dollars | and 
 placed | the trick | Gold | involving | 850 |  to $  |                   thus , in today ’ s                    | dropped | considerable | exceed | two thousand | , dollars | and 
 placed | the trick | Gold | involving | 850 |  to $  |                seeking thus in today ’ s                 | dropped | considerable | exceed | two thousand | , dollars | and 
 placed | the trick | Gold | involving | 850 |  to $  | seeking |               thus in today ’ s                | dropped | considerable | exceed | two thousand | , dollars | and 
 placed | the trick | Gold | involving | 850 |  to $  | seeking |          utterly today ’ s value , in          | dropped | considerable | exceed | two thousand | , dollars | and 
 placed | the trick | Gold | involving | 850 |  to $  | seeking | utterly |         today ’ s value , in         | dropped | considerable | exceed | two thousand | , dollars | and 
 placed | the trick | Gold | involving | 850 |  to $  | seeking | utterly |         throughout ’ s today         | dropped | considerable | exceed | two thousand | , dollars | and 
 placed | the trick | Gold | involving | 850 |  to $  | seeking | utterly | throughout |        ’ s today        | dropped | considerable | exceed | two thousand | , dollars | and 
 placed | the trick | Gold | involving | 850 |  to $  | seeking | utterly | throughout |    monetary value today   | dropped | considerable | exceed | two thousand | , dollars | and 
 placed | the trick | Gold | involving | 850 |  to $  | seeking | utterly | throughout |  today   | monetary value | dropped | considerable | exceed | two thousand | , dollars | and 
 damals |    lag    | Gold |    bei    | 850 | Dollar |    ,    |   also  |     in     | heutigem |    Geldwert    |    um   |   einiges    | über  |    2.000     |   Dollar  |  .  

                                               but January 1980 was arguably a “ freak peak ” during a period of heightened geo-political instability .                                              
                                                  however January 1980 was arguably a “ freak peak ” in a era heightened geo-political instability ?                                                 
                                                 however January 1980 was arguably a “ freak peak ” in a era heightened geo-political instability                                                | ? 
                                                   January 1980 was arguably a “ freak peak ” an era in heightened geo-political instability ,                                                   | ? 
     ,      |                                             January 1980 was arguably a “ freak peak ” an era in heightened geo-political instability                                              | ? 
     ,      |                                            announced being January 1980 a “ freak peak ” in an era heightened geo-political instability                                            | ? 
     ,      | announced |                                           being January 1980 a “ freak peak ” in an era heightened geo-political instability                                           | ? 
     ,      | announced |                                          managed January 1980 a “ freak peak ” era in a heightened geo-political instability                                           | ? 
     ,      | announced | managed |                                         January 1980 a “ freak peak ” era in a heightened geo-political instability                                          | ? 
     ,      | announced | managed |                                       in January , 1980 a “ freak peak ” era in a heightened geo-political instability                                       | ? 
     ,      | announced | managed |       in January , 1980        |                                a “ freak peak ” era in a heightened geo-political instability                               | ? 
     ,      | announced | managed |  generally in 1980 , January   |                           plainly Freak “ peak ” in an era of heightened geo-political instability                          | ? 
     ,      | announced | managed | generally |   1980 , January   |    plainly     |                      Freak “ peak ” in an era of heightened geo-political instability                      | ? 
     ,      | announced | managed | generally |    in in 1980 ,    |    plainly     |                    a “ peak oil ” Freak days in a heightened geo-political instability                     | ? 
     ,      | announced | managed | generally |   in   | in 1980 , |    plainly     |        a “ peak oil ” Freak        |             days in a heightened geo-political instability            | ? 
     ,      | announced | managed | generally |   in   | in 1980 , |    plainly     |      look Freak “ peak oil ”       |           &apos;s a era heightened geo-political instability          | ? 
     ,      | announced | managed | generally |   in   | in 1980 , |    plainly     |  look |     Freak “ peak oil ”     | &apos;s |          a era heightened geo-political instability         | ? 
     ,      | announced | managed | generally |   in   | in 1980 , |    plainly     |  look |       ‘ peak Freak ”       | &apos;s |        sound heightened geo-political age instability       | ? 
     ,      | announced | managed | generally |   in   | in 1980 , |    plainly     |  look | ‘ |      peak Freak ”      | &apos;s | sound |       heightened geo-political age instability      | ? 
     ,      | announced | managed | generally |   in   | in 1980 , |    plainly     |  look | ‘ |   Freak , ” peak oil   | &apos;s | sound |      tenure heightened instability geopolitical     | ? 
     ,      | announced | managed | generally |   in   | in 1980 , |    plainly     |  look | ‘ | Freak |  , ” peak oil  | &apos;s | sound | tenure |    heightened instability geopolitical     | ? 
     ,      | announced | managed | generally |   in   | in 1980 , |    plainly     |  look | ‘ | Freak |  peak oil , “  | &apos;s | sound | tenure |    geo-political of heightened unstable    | ? 
     ,      | announced | managed | generally |   in   | in 1980 , |    plainly     |  look | ‘ | Freak | peak oil | , “ | &apos;s | sound | tenure |geo-political of heightened |    unstable   | ? 
     ,      | announced | managed | generally |   in   | in 1980 , |    plainly     |  look | ‘ | Freak | peak oil | , “ | &apos;s | sound | tenure |   greater geo-political    |    unstable   | ? 
     ,      | announced | managed | generally |   in   | in 1980 , |    plainly     |  look | ‘ | Freak | peak oil | , “ | &apos;s | sound | tenure |  greater  | geo-political  |    unstable   | ? 
 allerdings |    gab    |    es   |     im    | Januar |    1980   | offensichtlich | einen | „ | Freak |   Peak   |  “  |    in   | einer |  Zeit  | erhöhter | geopolitischer | Instabilität | . 

                                                         at $ 1,300 , today ’ s price is probably more than double very long-term , inflation-adjusted , average gold prices .                                                         
                                                           at $ 1,300 , today ’ s price is probably twice the long-term , inflation-adjusted quite Durchschnitts-Goldpreise ?                                                          
                                                          at $ 1,300 , today ’ s price is probably twice the long-term , inflation-adjusted quite Durchschnitts-Goldpreise                                                         | ? 
                                                              , in $ 1,300 , nowadays price arguably twice very long-term , inflation-adjusted Durchschnitts-Goldpreise                                                              | ? 
                     , in $ 1,300                    |                                          , nowadays price arguably twice very long-term , inflation-adjusted Durchschnitts-Goldpreise                                         | ? 
                     amid $ 1,300                    |                                         stands ’ s costs arguably twice very long-term , inflation-adjusted Durchschnitts-Goldpreise                                        | ? 
 amid |                   $ 1,300                    | stands |                                       ’ s costs arguably twice very long-term , inflation-adjusted Durchschnitts-Goldpreise                                        | ? 
 amid |       change as dollars worth of 1.300       | stands |                                         ’ s price ease twice very long-term , inflation-adjusted Durchschnitts-Goldpreise                                          | ? 
 amid | change |        dollars worth of 1.300       | stands |         ’ s price          |                                ease twice very long-term , inflation-adjusted Durchschnitts-Goldpreise                                | ? 
 amid | change |       virtue of dollars 1.300       | stands |    among nowadays , price    |                        doubly arguably quite large as the long-term inflation-adjusted Durchschnitts-Goldpreise                       | ? 
 amid | change | virtue |      of dollars 1.300      | stands | among |   nowadays , price   |      doubly arguably       |                 quite large as the long-term inflation-adjusted Durchschnitts-Goldpreise                 | ? 
 amid | change | virtue |    dependent , $ 1.300     | stands | among |    price paid now    |   presumably twice that    |               tall harshly as the long-term , inflation-adjusted Durchschnitts-Goldpreise                | ? 
 amid | change | virtue | dependent |   , $ 1.300    | stands | among |   now   | price paid | presumably |   twice that  | tall |               harshly as the long-term , inflation-adjusted Durchschnitts-Goldpreise              | ? 
 amid | change | virtue | dependent |   1.300 of $   | stands | among |   now   | price paid | presumably |     a for     | tall |                  type very long-term inflation-adjusted Durchschnitts-Goldpreise                  | ? 
 amid | change | virtue | dependent | 1.300 |  of $  | stands | among |   now   | price paid | presumably |    a    | for | tall | type |                 very long-term inflation-adjusted Durchschnitts-Goldpreise                 | ? 
 amid | change | virtue | dependent | 1.300 |  of $  | stands | among |   now   | price paid | presumably |    a    | for | tall | type |            nuclear long-run , quite inflation-adjusted Durchschnitts-Goldpreise            | ? 
 amid | change | virtue | dependent | 1.300 |  of $  | stands | among |   now   | price paid | presumably |    a    | for | tall | type | nuclear |           long-run , quite inflation-adjusted Durchschnitts-Goldpreise           | ? 
 amid | change | virtue | dependent | 1.300 |  of $  | stands | among |   now   | price paid | presumably |    a    | for | tall | type | nuclear |         harshly long-run Durchschnitts-Goldpreise , inflation-corrected          | ? 
 amid | change | virtue | dependent | 1.300 |  of $  | stands | among |   now   | price paid | presumably |    a    | for | tall | type | nuclear |    harshly long-run    |      Durchschnitts-Goldpreise , inflation-corrected     | ? 
 amid | change | virtue | dependent | 1.300 |  of $  | stands | among |   now   | price paid | presumably |    a    | for | tall | type | nuclear |     deeply durable     |             , in , Durchschnitts-Goldpreise             | ? 
 amid | change | virtue | dependent | 1.300 |  of $  | stands | among |   now   | price paid | presumably |    a    | for | tall | type | nuclear | deeply |    durable    | , in |            , Durchschnitts-Goldpreise            | ? 
 amid | change | virtue | dependent | 1.300 |  of $  | stands | among |   now   | price paid | presumably |    a    | for | tall | type | nuclear | deeply |    durable    | , in |   inflation-adjusted Durchschnitts-Goldpreise    | ? 
 amid | change | virtue | dependent | 1.300 |  of $  | stands | among |   now   | price paid | presumably |    a    | for | tall | type | nuclear | deeply |    durable    | , in |   inflation-adjusted  | Durchschnitts-Goldpreise | ? 
 bei  | einem  |  Wert  |    von    | 1.300 | Dollar |  ist   |  der  | heutige |   Preis    |    wohl    | doppelt |  so | hoch | wie  |   die   |  sehr  | langfristigen |  ,   | inflationsbereinigten | Durchschnitts-Goldpreise | . 

                                                 so what could justify another huge increase in gold prices from here ?                                                
                                                what could colossal further increase in gold prices from here justify .                                                
                                               what could colossal further increase in gold prices from here justify                                               | . 
                                             adding could thus further colossal rise in gold prices from here establish                                            | . 
 adding |                                           could thus further colossal rise in gold prices from here establish                                            | . 
 adding |                                         utterly may further colossal increase in gold prices from here establish                                         | . 
 adding | utterly |                                        may further colossal increase in gold prices from here establish                                        | . 
 adding | utterly |                                     uncontrolled colossal further rise in gold prices from here establish                                      | . 
 adding | utterly | uncontrolled |                                     colossal further rise in gold prices from here establish                                    | . 
 adding | utterly | uncontrolled |                                     colossal further increase in gold prices of here justify                                    | . 
 adding | utterly | uncontrolled |                colossal further increase in gold prices                |                    of here justify                     | . 
 adding | utterly | uncontrolled |             look colossal further increase in gold prices              |                      here by case                      | . 
 adding | utterly | uncontrolled |  look |            colossal further increase in gold prices            |                  here by                  |    case    | . 
 adding | utterly | uncontrolled |  look |              a further colossal increase of gold               |         greenhouse this figure of         |    case    | . 
 adding | utterly | uncontrolled |  look | a further |             colossal increase of gold              | greenhouse |        this figure of        |    case    | . 
 adding | utterly | uncontrolled |  look | a further |               huge rise in the gold                | greenhouse |         a ratio from         |    case    | . 
 adding | utterly | uncontrolled |  look | a further |    huge    |            rise in the gold           | greenhouse |   a    |      ratio from     |    case    | . 
 adding | utterly | uncontrolled |  look | a further |    huge    |          surge in gold of the         | greenhouse |   a    |  merits sufficient  |    case    | . 
 adding | utterly | uncontrolled |  look | a further |    huge    | surge in |        gold of the         | greenhouse |   a    | merits | sufficient |    case    | . 
 adding | utterly | uncontrolled |  look | a further |    huge    | surge in |     depreciation gold      | greenhouse |   a    | merits | sufficient |    case    | . 
 adding | utterly | uncontrolled |  look | a further |    huge    | surge in | depreciation |     gold    | greenhouse |   a    | merits | sufficient |    case    | . 
  was   |   also  |   könnte    | einen |  weiteren | kolossalen | Anstieg  |     des      | Goldpreises |    von     | diesem |  Wert  |    aus     | begründen | ? 

                     one answer , of course , is a complete collapse of the US dollar .                     
                     a possibility obviously a complete collapse of the US dollars and                      
                    a possibility obviously a complete collapse of the US dollars                     | and 
                    one option would obviously complete the collapse of US dollars                    | and 
      one option      |              would obviously complete the collapse of US dollars              | and 
  among other means   |             complete course , the collapse of the US dollars makes            | and 
 among |    means     | makes |            complete course , the collapse of the US dollars           | and 
 among |    means     | makes |            obviously , complete the collapse of US dollars            | and 
 among |    means     | makes | obviously , |           complete the collapse of US dollars           | and 
 among |    means     | makes | obviously , |       popular collapse of the US dollars complete       | and 
 among |    means     | makes | obviously , | popular |      collapse of the US dollars complete      | and 
 among |    means     | makes | obviously , | popular |       issues breakdown of the US dollars      | and 
 among |    means     | makes | obviously , | popular | issues |     breakdown of the US dollars      | and 
 among |    means     | makes | obviously , | popular | issues |    collapsed , of the US dollars     | and 
 among |    means     | makes | obviously , | popular | issues |  collapsed ,  |  of the US dollars   | and 
 among |    means     | makes | obviously , | popular | issues |  collapsed ,  | decline of US dollar | and 
 among |    means     | makes | obviously , | popular | issues |  collapsed ,  | decline | US dollar  | and 
  eine | Möglichkeit | wäre |  natürlich |   der   | totale | Zusammenbruch |   des   | US-Dollars |  .  

                                                        and if you are really worried about that , gold might indeed be the most reliable hedge .                                                         
                                                         whoever , and really worried about that , gold might indeed be the most reliable hedge ?                                                         
                                                        whoever , and really worried about that , gold might indeed be the most reliable hedge                                                        | ? 
                                                      store who himself really worried about that , gold might indeed be the most reliable hedge                                                      | ? 
 store |                                                     who himself really worried about that , gold might indeed be the most reliable hedge                                                     | ? 
 store |                                                  whoever this really worries makes respects in gold could indeed be the most reliable hedge                                                  | ? 
 store |                   whoever this really worries makes respects                  |                               in gold could indeed be the most reliable hedge                                | ? 
 store |                    which this makes respects really worries                   |                             gold could indeed be the most reliable hedge seeking                             | ? 
 store | which |                   this makes respects really worries                  | seeking |                            gold could indeed be the most reliable hedge                            | ? 
 store | which |                    turns really makes worries here                    | seeking |                     uncontrolled indeed gold in the most reliable hedge found                      | ? 
 store | which | turns |                   really makes worries here                   | seeking | uncontrolled |                     indeed gold in the most reliable hedge found                    | ? 
 store | which | turns |              respects this makes really concerns              | seeking | uncontrolled |                     in gold of really be the most reliable hedge                    | ? 
 store | which | turns |        respects this         |     makes really concerns      | seeking | uncontrolled |    in gold of    |                really be the most reliable hedge                 | ? 
 store | which | turns |      this field &apos;s      |really the makes preoccupations | seeking | uncontrolled |  enter and gold  |            genuinely found , the most reliable hedge             | ? 
 store | which | turns | &apos;s |     this field     | really the |makes preoccupations| seeking | uncontrolled | enter | and gold |  genuinely   |          found , the most reliable hedge          | ? 
 store | which | turns | &apos;s |   viewing senses   | really the |   puts concerned  | seeking | uncontrolled | enter | and gold |  genuinely   |         the most reliable hedging recruit         | ? 
 store | which | turns | &apos;s | viewing |  senses  | really the | concerned |  puts | seeking | uncontrolled | enter | and gold |  genuinely   |        the most reliable hedging        | recruit | ? 
 store | which | turns | &apos;s | viewing |  senses  | really the | concerned |  puts | seeking | uncontrolled | enter | and gold |  genuinely   |      nuclear hedging most reliable      | recruit | ? 
 store | which | turns | &apos;s | viewing |  senses  | really the | concerned |  puts | seeking | uncontrolled | enter | and gold |  genuinely   | nuclear |     hedging most reliable     | recruit | ? 
 store | which | turns | &apos;s | viewing |  senses  | really the | concerned |  puts | seeking | uncontrolled | enter | and gold |  genuinely   | nuclear |     most reliable insuring    | recruit | ? 
 store | which | turns | &apos;s | viewing |  senses  | really the | concerned |  puts | seeking | uncontrolled | enter | and gold |  genuinely   | nuclear |  most reliable  |   insuring  | recruit | ? 
  und  |  wer  |  sich |    in   |  dieser | Hinsicht |  wirklich  |   Sorgen  | macht |    ,    |   könnte    |   in  |   Gold   | tatsächlich |   die   | verlässlichste | Absicherung |  finden | . 

