                                              San FRANCISCO – It has never been easy to have a rational conversation about the value of gold .                                              
                                            San FRANCISCO – Whether easily , was never rational conversation about the value of gold waging and                                             
                                           San FRANCISCO – Whether easily , was never rational conversation about the value of gold waging                                            | and 
                                           FRANCISCO – There easily , was never rational conversation about the value of gold waging , San                                            | and 
 , San |                                          FRANCISCO – There easily , was never rational conversation about the value of gold waging                                           | and 
 , San |                                         – There easily , was never a rational conversation about the value of gold waging FRANCISCO                                          | and 
 , San | FRANCISCO |                                        – There easily , was never a rational conversation about the value of gold waging                                         | and 
 , San | FRANCISCO |                                     There slightly , was never a rational conversation about the value of gold waging whittled                                     | and 
 , San | FRANCISCO | whittled |                                    There slightly , was never a rational conversation about the value of gold waging                                    | and 
 , San | FRANCISCO | whittled |                                   Whether easily , was never rational conversation about the value of gold to generate                                  | and 
 , San | FRANCISCO | whittled |                                 Whether easily , was never rational conversation about the value of gold to                                  | generate | and 
 , San | FRANCISCO | whittled |                             Whether easily , was never a rational conversation about the value of gold producing                             | generate | and 
 , San | FRANCISCO | whittled |                            Whether easily , was never a rational conversation about the value of gold                            | producing | generate | and 
 , San | FRANCISCO | whittled |                             It , was never easily rational conversation about the value of and gold                              | producing | generate | and 
 , San | FRANCISCO | whittled |                             It , was never easily rational conversation about the value of                            | and gold | producing | generate | and 
 , San | FRANCISCO | whittled |                       tax There slightly , was never a rational conversation about the value of                       | and gold | producing | generate | and 
 , San | FRANCISCO | whittled |                      There slightly , was never a rational conversation about the value of                      | tax | and gold | producing | generate | and 
 , San | FRANCISCO | whittled |                         There was never slightly a rational conversation about the thumb                        | tax | and gold | producing | generate | and 
 , San | FRANCISCO | whittled |                        There was never slightly a rational conversation about the                       | thumb | tax | and gold | producing | generate | and 
 , San | FRANCISCO | whittled |                          The easily , was never rational conversation about the                         | thumb | tax | and gold | producing | generate | and 
 , San | FRANCISCO | whittled | The |                         easily , was never rational conversation about the                        | thumb | tax | and gold | producing | generate | and 
 , San | FRANCISCO | whittled | The |                      presided never , easily rational conversation about the                      | thumb | tax | and gold | producing | generate | and 
 , San | FRANCISCO | whittled | The | presided |                     never , easily rational conversation about the                     | thumb | tax | and gold | producing | generate | and 
 , San | FRANCISCO | whittled | The | presided |                    easily , never have a rational conversation add                     | thumb | tax | and gold | producing | generate | and 
 , San | FRANCISCO | whittled | The | presided | add  |                   easily , never have a rational conversation                   | thumb | tax | and gold | producing | generate | and 
 , San | FRANCISCO | whittled | The | presided | add  |                 ever , slightly rational conversation about the                 | thumb | tax | and gold | producing | generate | and 
 , San | FRANCISCO | whittled | The | presided | add  | ever |                , slightly rational conversation about the                | thumb | tax | and gold | producing | generate | and 
 , San | FRANCISCO | whittled | The | presided | add  | ever |               slightly in , rational conversation over the               | thumb | tax | and gold | producing | generate | and 
 , San | FRANCISCO | whittled | The | presided | add  | ever | slightly in |              , rational conversation over the              | thumb | tax | and gold | producing | generate | and 
 , San | FRANCISCO | whittled | The | presided | add  | ever | slightly in |          about the rational conversation seeking           | thumb | tax | and gold | producing | generate | and 
 , San | FRANCISCO | whittled | The | presided | add  | ever | slightly in | seeking |         about the rational conversation          | thumb | tax | and gold | producing | generate | and 
 , San | FRANCISCO | whittled | The | presided | add  | ever | slightly in | seeking |         conversation about rational give         | thumb | tax | and gold | producing | generate | and 
 , San | FRANCISCO | whittled | The | presided | add  | ever | slightly in | seeking |        conversation about rational        | give | thumb | tax | and gold | producing | generate | and 
 , San | FRANCISCO | whittled | The | presided | add  | ever | slightly in | seeking |  conversation about rationality included  | give | thumb | tax | and gold | producing | generate | and 
 , San | FRANCISCO | whittled | The | presided | add  | ever | slightly in | seeking | included | conversation about rationality | give | thumb | tax | and gold | producing | generate | and 
 , San | FRANCISCO | whittled | The | presided | add  | ever | slightly in | seeking | included |   conversation across Hamas    | give | thumb | tax | and gold | producing | generate | and 
 , San | FRANCISCO | whittled | The | presided | add  | ever | slightly in | seeking | included |   Hamas    |conversation across| give | thumb | tax | and gold | producing | generate | and 
 , San | FRANCISCO | whittled | The | presided | add  | ever | slightly in | seeking | included |   Hamas    |      of about     | give | thumb | tax | and gold | producing | generate | and 
 , San | FRANCISCO | whittled | The | presided | add  | ever | slightly in | seeking | included |   Hamas    |   about   |   of  | give | thumb | tax | and gold | producing | generate | and 
  San  | FRANCISCO |   –    |  Es |   war    | noch | nie  |    leicht   |    ,    |   ein    | rationales | Gespräch | über | den  |  Wert | von |   Gold   |     zu    | führen  |  .  

                                                                   lately , with gold prices up more than 300 % over the last decade , it is harder than ever .                                                                   
                                                                 : lately , however difficult , but because the gold prices in the decade to exceed percent risen                                                                 
                                                                lately , however difficult , but because the gold prices in the decade to exceed percent risen                                                                | : 
                                                          &apos;s recently , however difficult , but because the last decade gold prices to exceed percent increased                                                          | : 
 &apos;s |                                                         recently , however difficult , but because the last decade gold prices to exceed percent increased                                                         | : 
 &apos;s |                                                       era , however difficult , but because the gold prices over the decade to exceed percent increased have                                                       | : 
 &apos;s |   have  |                                                    era , however difficult , but because the gold prices over the decade to exceed percent increased                                                     | : 
 &apos;s |   have  |                                                     era , however difficult , but because the decade of gold in more than 300 % have been increasing                                                     | : 
 &apos;s |   have  |                                                      era , however difficult , but because the decade of gold in more than 300 %                                                       | been increasing | : 
 &apos;s |   have  |                                                       one era , however difficult , but because the gold in the decade to exceed                                                       | been increasing | : 
 &apos;s |   have  |                                                    era , however difficult , but because the gold in the decade to exceed                                                    |   one   | been increasing | : 
 &apos;s |   have  |                                                   era , however difficult , but because the decade in gold prices to $ 300                                                   |   one   | been increasing | : 
 &apos;s |   have  |                                                  era , however difficult , but because the decade in gold prices to                                                  | $ 300 |   one   | been increasing | : 
 &apos;s |   have  |                                                exceed age , however difficult , but because the gold in the decade to                                                | $ 300 |   one   | been increasing | : 
 &apos;s |   have  |                                               age , however difficult , but because the gold in the decade to                                               | exceed | $ 300 |   one   | been increasing | : 
 &apos;s |   have  |                                          seeking era , however difficult , but because the price of the last decade                                         | exceed | $ 300 |   one   | been increasing | : 
 &apos;s |   have  |                                         era , however difficult , but because the price of the last decade                                        | seeking | exceed | $ 300 |   one   | been increasing | : 
 &apos;s |   have  |                                            era , however difficult , but because the gold prices last s                                           | seeking | exceed | $ 300 |   one   | been increasing | : 
 &apos;s |   have  |                                       era , however difficult , but because the gold prices last                                      |     s     | seeking | exceed | $ 300 |   one   | been increasing | : 
 &apos;s |   have  |                                   era , this is because the difficult , but the price in the latest                                   |     s     | seeking | exceed | $ 300 |   one   | been increasing | : 
 &apos;s |   have  |                                    era , this is because the difficult , but the price in                                   |  latest |     s     | seeking | exceed | $ 300 |   one   | been increasing | : 
 &apos;s |   have  |                                 broadly age , it is difficult , but because the gold prices                                 |  latest |     s     | seeking | exceed | $ 300 |   one   | been increasing | : 
 &apos;s |   have  |                                age , it is difficult , but because the gold prices                                | broadly |  latest |     s     | seeking | exceed | $ 300 |   one   | been increasing | : 
 &apos;s |   have  |                                   era , this is because the difficult but price                                   | broadly |  latest |     s     | seeking | exceed | $ 300 |   one   | been increasing | : 
 &apos;s |   have  |                                era , this is because the difficult but                                |   price   | broadly |  latest |     s     | seeking | exceed | $ 300 |   one   | been increasing | : 
 &apos;s |   have  |                             popular era , this difficult , but because the                            |   price   | broadly |  latest |     s     | seeking | exceed | $ 300 |   one   | been increasing | : 
 &apos;s |   have  |                            era , this difficult , but because the                           | popular |   price   | broadly |  latest |     s     | seeking | exceed | $ 300 |   one   | been increasing | : 
 &apos;s |   have  |                       spike days however difficult this is because the                      | popular |   price   | broadly |  latest |     s     | seeking | exceed | $ 300 |   one   | been increasing | : 
 &apos;s |   have  |                      days however difficult this is because the                     | spike | popular |   price   | broadly |  latest |     s     | seeking | exceed | $ 300 |   one   | been increasing | : 
 &apos;s |   have  |                     makes era , this is difficult , because the                     | spike | popular |   price   | broadly |  latest |     s     | seeking | exceed | $ 300 |   one   | been increasing | : 
 &apos;s |   have  |                    era , this is difficult , because the                    | makes | spike | popular |   price   | broadly |  latest |     s     | seeking | exceed | $ 300 |   one   | been increasing | : 
 &apos;s |   have  |              days however difficult this is because the holding             | makes | spike | popular |   price   | broadly |  latest |     s     | seeking | exceed | $ 300 |   one   | been increasing | : 
 &apos;s |   have  |             days however difficult this is because the            | holding | makes | spike | popular |   price   | broadly |  latest |     s     | seeking | exceed | $ 300 |   one   | been increasing | : 
 &apos;s |   have  |               placed age , however difficult because              | holding | makes | spike | popular |   price   | broadly |  latest |     s     | seeking | exceed | $ 300 |   one   | been increasing | : 
 &apos;s |   have  |             age , however difficult because              | placed | holding | makes | spike | popular |   price   | broadly |  latest |     s     | seeking | exceed | $ 300 |   one   | been increasing | : 
 &apos;s |   have  |               era , this difficult anybody               | placed | holding | makes | spike | popular |   price   | broadly |  latest |     s     | seeking | exceed | $ 300 |   one   | been increasing | : 
 &apos;s |   have  |              era , this difficult              | anybody | placed | holding | makes | spike | popular |   price   | broadly |  latest |     s     | seeking | exceed | $ 300 |   one   | been increasing | : 
 &apos;s |   have  |               era however , more               | anybody | placed | holding | makes | spike | popular |   price   | broadly |  latest |     s     | seeking | exceed | $ 300 |   one   | been increasing | : 
 &apos;s |   have  |          era however ,           |     more    | anybody | placed | holding | makes | spike | popular |   price   | broadly |  latest |     s     | seeking | exceed | $ 300 |   one   | been increasing | : 
 &apos;s |   have  |           era is owing           |     more    | anybody | placed | holding | makes | spike | popular |   price   | broadly |  latest |     s     | seeking | exceed | $ 300 |   one   | been increasing | : 
 &apos;s |   have  |          era is          | owing |     more    | anybody | placed | holding | makes | spike | popular |   price   | broadly |  latest |     s     | seeking | exceed | $ 300 |   one   | been increasing | : 
 &apos;s |   have  |       went age but       | owing |     more    | anybody | placed | holding | makes | spike | popular |   price   | broadly |  latest |     s     | seeking | exceed | $ 300 |   one   | been increasing | : 
 &apos;s |   have  |      age but      | went | owing |     more    | anybody | placed | holding | makes | spike | popular |   price   | broadly |  latest |     s     | seeking | exceed | $ 300 |   one   | been increasing | : 
 &apos;s |   have  |       days ,      | went | owing |     more    | anybody | placed | holding | makes | spike | popular |   price   | broadly |  latest |     s     | seeking | exceed | $ 300 |   one   | been increasing | : 
 &apos;s |   have  | days |     ,      | went | owing |     more    | anybody | placed | holding | makes | spike | popular |   price   | broadly |  latest |     s     | seeking | exceed | $ 300 |   one   | been increasing | : 
    in   | letzter | Zeit | allerdings | ist  |  dies | schwieriger |   denn  |   je   |    ,    |  ist  |  doch |   der   | Goldpreis |    im   | letzten | Jahrzehnt |    um   | über  |  300  | Prozent |   angestiegen   | . 

                         wouldn ’ t you know it ?                        
                    and came coping coming discovered :                    
                   and came coping coming discovered                   | : 
                      , as coming needed to store                      | : 
 store |                       , as coming needed                      | : 
 store |              came as arrive discovered succeeded              | : 
 store | succeeded |             came as arrive discovered             | : 
 store | succeeded |           took coping discovered coming           | : 
 store | succeeded | took |          coping discovered coming          | : 
 store | succeeded | took |        seeking as discovered coming        | : 
 store | succeeded | took | seeking |       as discovered coming       | : 
 store | succeeded | took | seeking |           to come seen           | : 
 store | succeeded | took | seeking | seen |          to come          | : 
 store | succeeded | took | seeking | seen | managed discovered coming | : 
 store | succeeded | took | seeking | seen | managed |discovered coming| : 
 store | succeeded | took | seeking | seen | managed |   arise needed  | : 
 store | succeeded | took | seeking | seen | managed | arise  | needed | : 
  und  |     es    | kam  |    ,    | wie  |    es   | kommen | musste | . 

                    since their articles appeared , the price of gold has moved up still further .                    
                                  . in since their articles , gold further increased                                  
                                 since their articles , gold further increased                                 | . in 
                          , for some of their articles , gold prices further increased                         | . in 
 , for |                           of their articles , gold prices further increased                           | . in 
 , for |                             among their articles is gold further increased                            | . in 
 , for | among |                            their articles is gold further increased                           | . in 
 , for | among |                         Article them , gold prices further risen paper                        | . in 
 , for | among |       paper       |                  Article them , gold prices further risen                 | . in 
 , for | among |       paper       |                Article of the gold price further has grown                | . in 
 , for | among |       paper       |               Article of the gold price further               | has grown | . in 
 , for | among |       paper       |                 forth of the gold nor Article                 | has grown | . in 
 , for | among |       paper       |               of the gold nor Article                | forth  | has grown | . in 
 , for | among |       paper       |             remains its articles , gold              | forth  | has grown | . in 
 , for | among |       paper       |            its articles , gold             | remains | forth  | has grown | . in 
 , for | among |       paper       |            of Article is price             | remains | forth  | has grown | . in 
 , for | among |       paper       |         of Article is          |   price   | remains | forth  | has grown | . in 
 , for | among |       paper       |      among of articles is      |   price   | remains | forth  | has grown | . in 
 , for | among |       paper       |     of articles is     | among |   price   | remains | forth  | has grown | . in 
 , for | among |       paper       |   blunt Article isn    | among |   price   | remains | forth  | has grown | . in 
 , for | among |       paper       | blunt |  Article isn   | among |   price   | remains | forth  | has grown | . in 
 , for | among |       paper       | blunt |  Nature went   | among |   price   | remains | forth  | has grown | . in 
 , for | among |       paper       | blunt |  Nature | went | among |   price   | remains | forth  | has grown | . in 
  seit |  der  | Veröffentlichung | ihrer | Artikel | ist  |  der  | Goldpreis |   noch  | weiter | gestiegen |  .   

                         gold prices even hit a record-high $ 1,300 recently .                          
                    reached indeed a record-high 1.300 dollars . it recently offered                    
 recently offered |                     reached indeed a record-high 1.300 dollars .                    
 recently offered |               having a record-high indeed 1.300 dollars . some reached              
 recently offered |  reached  |               having a record-high indeed 1.300 dollars .               
 recently offered |  reached  |             stating indeed a record-high dollars 1.300 . in             
 recently offered |  reached  |            stating indeed a record-high dollars 1.300            | . in 
 recently offered |  reached  |            , $ indeed appointing a record-high 1.300             | . in 
 recently offered |  reached  |          indeed appointing a record-high 1.300          |  , $   | . in 
 recently offered |  reached  |            1.300 indeed stating a record-high           |  , $   | . in 
 recently offered |  reached  |           indeed stating a record-high          | 1.300 |  , $   | . in 
 recently offered |  reached  |      indeed appointing an all-time high tax     | 1.300 |  , $   | . in 
 recently offered |  reached  |     indeed appointing an all-time high    | tax | 1.300 |  , $   | . in 
 recently offered |  reached  |          having a indeed new high         | tax | 1.300 |  , $   | . in 
 recently offered |  reached  |       having a indeed        |  new high  | tax | 1.300 |  , $   | . in 
 recently offered |  reached  |   stating indeed included    |  new high  | tax | 1.300 |  , $   | . in 
 recently offered |  reached  |   stating indeed  | included |  new high  | tax | 1.300 |  , $   | . in 
 recently offered |  reached  |  saying indeed ,  | included |  new high  | tax | 1.300 |  , $   | . in 
 recently offered |  reached  | saying | indeed , | included |  new high  | tax | 1.300 |  , $   | . in 
     jüngst      | erreichte |   er   |  sogar   |   ein    | Rekordhoch | von | 1.300 | Dollar |  .   

                                                  last December , many gold bugs were arguing that the price was inevitably headed for $ 2,000 .                                                  
                                                           ? Goldbugs arguing the last December , the price undoubtedly towards $ 2,000                                                           
                                                          Goldbugs arguing the last December , the price undoubtedly towards $ 2,000                                                          | ? 
                                                   last December arguing that the Goldbugs price undoubtedly towards $ 2,000 walk despotism                                                   | ? 
                                                  last December arguing that the Goldbugs price undoubtedly towards $ 2,000 walk                                                  | despotism | ? 
                                                 arguing Goldbugs the last December , the price undoubtedly towards $ 2,000 take                                                  | despotism | ? 
                                                arguing Goldbugs the last December , the price undoubtedly towards $ 2,000                                                |  take | despotism | ? 
                                            , dollars last December arguing that the Goldbugs undoubtedly price towards 2,000                                             |  take | despotism | ? 
                                           last December arguing that the Goldbugs undoubtedly price towards 2,000                                            | , dollars |  take | despotism | ? 
                                        two thousand Goldbugs the last December arguing that price undoubtedly towards                                        | , dollars |  take | despotism | ? 
                                       Goldbugs the last December arguing that price undoubtedly towards                                       | two thousand | , dollars |  take | despotism | ? 
                                 within the last December , arguing that the Goldbugs undoubtedly price towards                                | two thousand | , dollars |  take | despotism | ? 
 within |                                 last December , arguing that the Goldbugs undoubtedly price towards                                  | two thousand | , dollars |  take | despotism | ? 
 within |                             previous Goldbugs the December , arguing that the price undoubtedly towards                              | two thousand | , dollars |  take | despotism | ? 
 within | previous |                             Goldbugs the December , arguing that the price undoubtedly towards                            | two thousand | , dollars |  take | despotism | ? 
 within | previous |                                 argued that the December Goldbugs price certainly in lines                                | two thousand | , dollars |  take | despotism | ? 
 within | previous |                              argued that the December Goldbugs price certainly in                              |  lines   | two thousand | , dollars |  take | despotism | ? 
 within | previous |                          arguing that the Goldbugs undoubtedly in price December will                          |  lines   | two thousand | , dollars |  take | despotism | ? 
 within | previous | December will |                         arguing that the Goldbugs undoubtedly in price                         |  lines   | two thousand | , dollars |  take | despotism | ? 
 within | previous | December will |                       within the Goldbugs arguing that price undoubtedly                       |  lines   | two thousand | , dollars |  take | despotism | ? 
 within | previous | December will |                      the Goldbugs arguing that price undoubtedly                      | within |  lines   | two thousand | , dollars |  take | despotism | ? 
 within | previous | December will |                     arguing that the Goldbugs price undoubtedly to                    | within |  lines   | two thousand | , dollars |  take | despotism | ? 
 within | previous | December will |                   arguing that the Goldbugs price                    | undoubtedly to | within |  lines   | two thousand | , dollars |  take | despotism | ? 
 within | previous | December will |                  costs to the Goldbugs arguing that                  | undoubtedly to | within |  lines   | two thousand | , dollars |  take | despotism | ? 
 within | previous | December will |                  the Goldbugs arguing that                   | costs | undoubtedly to | within |  lines   | two thousand | , dollars |  take | despotism | ? 
 within | previous | December will |               arguing the Goldbugs that among                | costs | undoubtedly to | within |  lines   | two thousand | , dollars |  take | despotism | ? 
 within | previous | December will |              arguing the Goldbugs that               | among | costs | undoubtedly to | within |  lines   | two thousand | , dollars |  take | despotism | ? 
 within | previous | December will |           allowing Goldbugs , the arguing            | among | costs | undoubtedly to | within |  lines   | two thousand | , dollars |  take | despotism | ? 
 within | previous | December will |           Goldbugs , the arguing          | allowing | among | costs | undoubtedly to | within |  lines   | two thousand | , dollars |  take | despotism | ? 
 within | previous | December will |        holding the Goldbugs arguing       | allowing | among | costs | undoubtedly to | within |  lines   | two thousand | , dollars |  take | despotism | ? 
 within | previous | December will |       the Goldbugs arguing      | holding | allowing | among | costs | undoubtedly to | within |  lines   | two thousand | , dollars |  take | despotism | ? 
 within | previous | December will |      Goldbugs the , arguing     | holding | allowing | among | costs | undoubtedly to | within |  lines   | two thousand | , dollars |  take | despotism | ? 
 within | previous | December will |    the , arguing     | Goldbugs | holding | allowing | among | costs | undoubtedly to | within |  lines   | two thousand | , dollars |  take | despotism | ? 
 within | previous | December will |       were cut       | Goldbugs | holding | allowing | among | costs | undoubtedly to | within |  lines   | two thousand | , dollars |  take | despotism | ? 
 within | previous | December will |      were      | cut | Goldbugs | holding | allowing | among | costs | undoubtedly to | within |  lines   | two thousand | , dollars |  take | despotism | ? 
   im   | letzten  |    Dezember   | argumentierten | die | Goldbugs |    ,    |   dass   |  der  | Preis |   zweifellos   |   in   | Richtung |    2.000     |   Dollar  | gehen |   würde  | . 

                                       now , emboldened by continuing appreciation , some are suggesting that gold could be headed even higher than that .                                       
                                                   fires given continuing upward believes , having elsewhere , even higher gold could rise to :                                                  
                                                   fires given continuing upward believes , having elsewhere , even higher gold could rise                                                   | : 
                                               driven given continuing upward , having elsewhere suggests that gold even higher rise couldn ’                                              | : 
                                             driven given continuing upward , having elsewhere suggests that gold even higher rise                                              | couldn ’ | : 
                                            fires owing ongoing upward believes , having elsewhere , even higher gold to increase ,                                             | couldn ’ | : 
                                             fires owing ongoing upward believes , having elsewhere , even higher gold                                             | increase , | couldn ’ | : 
                                           more driven given continuing upward , having elsewhere suggests that gold even                                          | increase , | couldn ’ | : 
                                        driven given continuing upward , having elsewhere suggests that gold even                                         |  more  | increase , | couldn ’ | : 
                                        fueled owing ongoing upward believes , having elsewhere , gold indeed add                                         |  more  | increase , | couldn ’ | : 
                                       fueled owing ongoing upward believes , having elsewhere , gold indeed                                       | add  |  more  | increase , | couldn ’ | : 
                                     driven owing sustained upward , having elsewhere suggests that gold indeed                                    | add  |  more  | increase , | couldn ’ | : 
   driven   |                                 owing sustained upward , having elsewhere suggests that gold indeed                                  | add  |  more  | increase , | couldn ’ | : 
   driven   |                                   owing ongoing upward believes , having elsewhere , gold , indeed                                   | add  |  more  | increase , | couldn ’ | : 
   driven   |                                  owing ongoing upward believes , having elsewhere , gold                                  | , indeed | add  |  more  | increase , | couldn ’ | : 
   driven   |                                Gold given continuing upward having elsewhere , saying that                                | , indeed | add  |  more  | increase , | couldn ’ | : 
   driven   |                               given continuing upward having elsewhere , saying that                               | Gold | , indeed | add  |  more  | increase , | couldn ’ | : 
   driven   |                            owing prolonged upward believes , having elsewhere , causing                            | Gold | , indeed | add  |  more  | increase , | couldn ’ | : 
   driven   |                           owing prolonged upward believes , having elsewhere ,                           | causing | Gold | , indeed | add  |  more  | increase , | couldn ’ | : 
   driven   |                          owing ongoing upward saying , having elsewhere holding                          | causing | Gold | , indeed | add  |  more  | increase , | couldn ’ | : 
   driven   |                         owing ongoing upward saying , having elsewhere                         | holding | causing | Gold | , indeed | add  |  more  | increase , | couldn ’ | : 
   driven   |                   arising from continuing upward believes , having elsewhere                   | holding | causing | Gold | , indeed | add  |  more  | increase , | couldn ’ | : 
   driven   | arising  |                    continuing upward believes , having elsewhere                    | holding | causing | Gold | , indeed | add  |  more  | increase , | couldn ’ | : 
   driven   | arising  |                    th ongoing upward believes elsewhere , having                    | holding | causing | Gold | , indeed | add  |  more  | increase , | couldn ’ | : 
   driven   | arising  |  th |                   ongoing upward believes elsewhere , having                  | holding | causing | Gold | , indeed | add  |  more  | increase , | couldn ’ | : 
   driven   | arising  |  th |                  ongoing , uptick believes , having elsewhere                 | holding | causing | Gold | , indeed | add  |  more  | increase , | couldn ’ | : 
   driven   | arising  |  th |  ongoing ,  |                uptick believes , having elsewhere               | holding | causing | Gold | , indeed | add  |  more  | increase , | couldn ’ | : 
   driven   | arising  |  th |  ongoing ,  |                    upward means , having some                   | holding | causing | Gold | , indeed | add  |  more  | increase , | couldn ’ | : 
   driven   | arising  |  th |  ongoing ,  |      upward     |              means , having some              | holding | causing | Gold | , indeed | add  |  more  | increase , | couldn ’ | : 
   driven   | arising  |  th |  ongoing ,  |      upward     |            aimed means having some            | holding | causing | Gold | , indeed | add  |  more  | increase , | couldn ’ | : 
   driven   | arising  |  th |  ongoing ,  |      upward     | aimed |           means having some           | holding | causing | Gold | , indeed | add  |  more  | increase , | couldn ’ | : 
   driven   | arising  |  th |  ongoing ,  |      upward     | aimed |           in having believes          | holding | causing | Gold | , indeed | add  |  more  | increase , | couldn ’ | : 
   driven   | arising  |  th |  ongoing ,  |      upward     | aimed |     having believes     |      in     | holding | causing | Gold | , indeed | add  |  more  | increase , | couldn ’ | : 
   driven   | arising  |  th |  ongoing ,  |      upward     | aimed |    says mean putting    |      in     | holding | causing | Gold | , indeed | add  |  more  | increase , | couldn ’ | : 
   driven   | arising  |  th |  ongoing ,  |      upward     | aimed |  says |   mean putting  |      in     | holding | causing | Gold | , indeed | add  |  more  | increase , | couldn ’ | : 
   driven   | arising  |  th |  ongoing ,  |      upward     | aimed |  says |  stuck looking  |      in     | holding | causing | Gold | , indeed | add  |  more  | increase , | couldn ’ | : 
   driven   | arising  |  th |  ongoing ,  |      upward     | aimed |  says | looking | stuck |      in     | holding | causing | Gold | , indeed | add  |  more  | increase , | couldn ’ | : 
 beflügelt | aufgrund | des | anhaltenden | Aufwärtstrends |   ,   | meint |   man   |  nun  | mancherorts |    ,    |   dass  | Gold |  sogar   | noch | höher |  steigen   |  könnte   | . 

                     since then , the index has climbed above 10,000 .                      
                           , he points above 10,000 . risen have                            
 have |                           , he points above 10,000 . risen                          
 have |                        , it is above 10,000 points risen and                        
 have |                       , it is above 10,000 points risen                       | and 
 have |                   when it is over 11,000 points appreciated                   | and 
 have |                  when it is over 11,000 points                  | appreciated | and 
 have |                      , it is over 10,000 of                     | appreciated | and 
 have |                  , it is over 10,000                   |   of   | appreciated | and 
 have |                 11,000 when it is over                 |   of   | appreciated | and 
 have |                when it is over                | 11,000 |   of   | appreciated | and 
 have |               , it is to possess              | 11,000 |   of   | appreciated | and 
 have |              , it is to             | possess | 11,000 |   of   | appreciated | and 
 have |          across unwisely he         | possess | 11,000 |   of   | appreciated | and 
 have |        unwisely he         | across | possess | 11,000 |   of   | appreciated | and 
 have |     earlier is saying      | across | possess | 11,000 |   of   | appreciated | and 
 have |     earlier is    | saying | across | possess | 11,000 |   of   | appreciated | and 
 have |    consists was   | saying | across | possess | 11,000 |   of   | appreciated | and 
 have |  was   | consists | saying | across | possess | 11,000 |   of   | appreciated | and 
 seit | damals |   ist    |   er   |  auf   |  über  | 10.000 | Punkte |  gestiegen  |  .  

                                                now that gold has crossed the magic $ 1,000 barrier , why can ’ t it increase ten-fold , too ?                                                
                                             it ? gold instead , the magic $ 1,000 border crossed ought to be worth therefore &apos;t verzehnfachen                                             
                                            gold instead , the magic $ 1,000 border crossed ought to be worth therefore &apos;t verzehnfachen                                            | it ? 
                                            becoming gold border , the magic $ 1,000 crossed ought to be worth therefore &apos;t verzehnfachen                                           | it ? 
                                           becoming gold border , the magic $ 1,000 crossed ought to be worth therefore &apos;t                                          | verzehnfachen | it ? 
                                            gold , the magic $ 1,000 crossed border ought to be worth therefore &apos;t stuck                                            | verzehnfachen | it ? 
 stuck |                                           gold , the magic $ 1,000 crossed border ought to be worth therefore &apos;t                                           | verzehnfachen | it ? 
 stuck |                                              gold border the magic $ 1,000 crossed ought to be worth thus not makes                                             | verzehnfachen | it ? 
 stuck | makes |                                             gold border the magic $ 1,000 crossed ought to be worth thus not                                            | verzehnfachen | it ? 
 stuck | makes |                                       the magic $ 1,000 crossed border ought to be worth therefore &apos;t of gold                                      | verzehnfachen | it ? 
 stuck | makes | of gold |                                      the magic $ 1,000 crossed border ought to be worth therefore &apos;t                                     | verzehnfachen | it ? 
 stuck | makes | of gold |                                       border magic $ 1,000 crossed ought to be worth thus &apos;t prices                                      | verzehnfachen | it ? 
 stuck | makes | of gold | prices |                                     border magic $ 1,000 crossed ought to be worth thus &apos;t                                      | verzehnfachen | it ? 
 stuck | makes | of gold | prices |                                  magic $ 1,000 crossed border ought to be worth therefore cannot ,                                   | verzehnfachen | it ? 
 stuck | makes | of gold | prices |                                magic $ 1,000 crossed border ought to be worth therefore cannot                                |  ,   | verzehnfachen | it ? 
 stuck | makes | of gold | prices |                              border exceeded $ 1,000 , why should be worth therefore cannot magic                             |  ,   | verzehnfachen | it ? 
 stuck | makes | of gold | prices |  magic   |                           border exceeded $ 1,000 , why should be worth therefore cannot                           |  ,   | verzehnfachen | it ? 
 stuck | makes | of gold | prices |  magic   |                                exceeded $ 1,000 ought to be worth thus not Frontier                                |  ,   | verzehnfachen | it ? 
 stuck | makes | of gold | prices |  magic   | Frontier |                               exceeded $ 1,000 ought to be worth thus not                               |  ,   | verzehnfachen | it ? 
 stuck | makes | of gold | prices |  magic   | Frontier |                         exceeded $ 1,000 why should be worth therefore cannot in                        |  ,   | verzehnfachen | it ? 
 stuck | makes | of gold | prices |  magic   | Frontier |  in |                       exceeded $ 1,000 why should be worth therefore cannot                       |  ,   | verzehnfachen | it ? 
 stuck | makes | of gold | prices |  magic   | Frontier |  in |                        per crossed dollars ought to be worth therefore not                        |  ,   | verzehnfachen | it ? 
 stuck | makes | of gold | prices |  magic   | Frontier |  in |  per  |                      crossed dollars ought to be worth therefore not                      |  ,   | verzehnfachen | it ? 
 stuck | makes | of gold | prices |  magic   | Frontier |  in |  per  |                       , $ crossed ought to be therefore cannot worth                      |  ,   | verzehnfachen | it ? 
 stuck | makes | of gold | prices |  magic   | Frontier |  in |  per  |  , $   |                    crossed ought to be therefore cannot worth                    |  ,   | verzehnfachen | it ? 
 stuck | makes | of gold | prices |  magic   | Frontier |  in |  per  |  , $   |                       why should be thus worth cannot time                       |  ,   | verzehnfachen | it ? 
 stuck | makes | of gold | prices |  magic   | Frontier |  in |  per  |  , $   |      time      |                 why should be thus worth cannot                 |  ,   | verzehnfachen | it ? 
 stuck | makes | of gold | prices |  magic   | Frontier |  in |  per  |  , $   |      time      |         &quot; accounts should be therefore cannot worth        |  ,   | verzehnfachen | it ? 
 stuck | makes | of gold | prices |  magic   | Frontier |  in |  per  |  , $   |      time      | &quot; |       accounts should be therefore cannot worth        |  ,   | verzehnfachen | it ? 
 stuck | makes | of gold | prices |  magic   | Frontier |  in |  per  |  , $   |      time      | &quot; |         nor should be worth accounts therefore         |  ,   | verzehnfachen | it ? 
 stuck | makes | of gold | prices |  magic   | Frontier |  in |  per  |  , $   |      time      | &quot; |       should be worth accounts therefore       |  nor  |  ,   | verzehnfachen | it ? 
 stuck | makes | of gold | prices |  magic   | Frontier |  in |  per  |  , $   |      time      | &quot; |            result is why its score             |  nor  |  ,   | verzehnfachen | it ? 
 stuck | makes | of gold | prices |  magic   | Frontier |  in |  per  |  , $   |      time      | &quot; |             why its score             | result |  nor  |  ,   | verzehnfachen | it ? 
 stuck | makes | of gold | prices |  magic   | Frontier |  in |  per  |  , $   |      time      | &quot; |          for should be score          | result |  nor  |  ,   | verzehnfachen | it ? 
 stuck | makes | of gold | prices |  magic   | Frontier |  in |  per  |  , $   |      time      | &quot; |  for  |        should be score        | result |  nor  |  ,   | verzehnfachen | it ? 
 stuck | makes | of gold | prices |  magic   | Frontier |  in |  per  |  , $   |      time      | &quot; |  for  |         thumb ought be        | result |  nor  |  ,   | verzehnfachen | it ? 
 stuck | makes | of gold | prices |  magic   | Frontier |  in |  per  |  , $   |      time      | &quot; |  for  |        ought be       | thumb | result |  nor  |  ,   | verzehnfachen | it ? 
 stuck | makes | of gold | prices |  magic   | Frontier |  in |  per  |  , $   |      time      | &quot; |  for  | themselves succeed was| thumb | result |  nor  |  ,   | verzehnfachen | it ? 
 stuck | makes | of gold | prices |  magic   | Frontier |  in |  per  |  , $   |      time      | &quot; |  for  |  was   |themselves succeed| thumb | result |  nor  |  ,   | verzehnfachen | it ? 
 stuck | makes | of gold | prices |  magic   | Frontier |  in |  per  |  , $   |      time      | &quot; |  for  |  was   |  feel moved  | thumb | result |  nor  |  ,   | verzehnfachen | it ? 
 stuck | makes | of gold | prices |  magic   | Frontier |  in |  per  |  , $   |      time      | &quot; |  for  |  was   | moved | feel | thumb | result |  nor  |  ,   | verzehnfachen | it ? 
  nun  |  hat  |   Gold  |  die   | magische |  Grenze  | von | 1.000 | Dollar | überschritten |   ,    | warum | sollte |  sich | sein |  Wert | daher  | nicht | auch | verzehnfachen |  ?   

                            admittedly , getting to a much higher price for gold is not quite the leap of imagination that it seems .                            
                                           in . admittedly needed : nobody large imagination to a higher price consider                                          
                                         admittedly needed : nobody large imagination to a higher price consider                                          | in . 
                                               to needed : neither large fantasy to a higher gold consider                                                | in . 
     to    |                                           needed : neither large fantasy to a higher gold consider                                           | in . 
     to    |                                        needed nobody large imagination to a higher gold consider that                                        | in . 
     to    | that |                                       needed nobody large imagination to a higher gold consider                                       | in . 
     to    | that |                                  managed large neither requires imagination to a higher gold consider                                 | in . 
     to    | that | managed |                                 large neither requires imagination to a higher gold consider                                | in . 
     to    | that | managed |                                   need large nobody imagination to a higher gold consider                                   | in . 
     to    | that | managed |  need  |                                 large nobody imagination to a higher gold consider                                 | in . 
     to    | that | managed |  need  |                                  any imagination to a large higher gold consider                                   | in . 
     to    | that | managed |  need  |  any   |                                imagination to a large higher gold consider                                | in . 
     to    | that | managed |  need  |  any   |                           tremendous imagination to a higher gold price consider                          | in . 
     to    | that | managed |  need  |  any   | tremendous |                         imagination to a higher gold price consider                          | in . 
     to    | that | managed |  need  |  any   | tremendous |                           imaginations , to a higher gold consider                           | in . 
     to    | that | managed |  need  |  any   | tremendous | imaginations |                          , to a higher gold consider                          | in . 
     to    | that | managed |  need  |  any   | tremendous | imaginations |                     to a higher gold price consider aimed                     | in . 
     to    | that | managed |  need  |  any   | tremendous | imaginations | aimed |                    to a higher gold price consider                    | in . 
     to    | that | managed |  need  |  any   | tremendous | imaginations | aimed |                      nor to a higher gold dropped                     | in . 
     to    | that | managed |  need  |  any   | tremendous | imaginations | aimed | dropped |                     nor to a higher gold                    | in . 
     to    | that | managed |  need  |  any   | tremendous | imaginations | aimed | dropped |                a higher gold price consider ,               | in . 
     to    | that | managed |  need  |  any   | tremendous | imaginations | aimed | dropped |  ,   |             a higher gold price consider             | in . 
     to    | that | managed |  need  |  any   | tremendous | imaginations | aimed | dropped |  ,   |           pushing nor consider higher gold           | in . 
     to    | that | managed |  need  |  any   | tremendous | imaginations | aimed | dropped |  ,   | pushing |          nor consider higher gold          | in . 
     to    | that | managed |  need  |  any   | tremendous | imaginations | aimed | dropped |  ,   | pushing |          gold higher consider add          | in . 
     to    | that | managed |  need  |  any   | tremendous | imaginations | aimed | dropped |  ,   | pushing | add  |         gold higher consider        | in . 
     to    | that | managed |  need  |  any   | tremendous | imaginations | aimed | dropped |  ,   | pushing | add  |         larger consider gold        | in . 
     to    | that | managed |  need  |  any   | tremendous | imaginations | aimed | dropped |  ,   | pushing | add  |  larger  |      consider gold       | in . 
     to    | that | managed |  need  |  any   | tremendous | imaginations | aimed | dropped |  ,   | pushing | add  |  larger  |         to gold          | in . 
     to    | that | managed |  need  |  any   | tremendous | imaginations | aimed | dropped |  ,   | pushing | add  |  larger  |    gold   |      to      | in . 
 zugegeben |  :   |    es   | bedarf | keiner |  großen   |   Fantasie   |   ,   |    um   | sich |  einen  | noch | höheren | Goldpreis | vorzustellen |  .   

                             after adjusting for inflation , today ’ s price is nowhere near the all-time high of January 1980 .                              
                           and in inflation-adjusted dollars for gold prices reached nowadays nowhere Allzeithoch of the 1980 January                           
                          in inflation-adjusted dollars for gold prices reached nowadays nowhere Allzeithoch of the 1980 January                          | and 
                           in in inflation-adjusted dollars for gold prices reached nowadays nowhere Allzeithoch of the January                           | and 
                         in inflation-adjusted dollars for gold prices reached nowadays nowhere Allzeithoch of the January                         |  in  | and 
                         in inflation-adjusted dollars reached after gold prices nowadays not by the nearly Allzeithoch day                        |  in  | and 
                      in inflation-adjusted dollars reached after gold prices nowadays not by the nearly Allzeithoch                      |  day   |  in  | and 
                        tax in inflation-adjusted dollars for gold prices reached nowadays nowhere the Allzeithoch                        |  day   |  in  | and 
                       in inflation-adjusted dollars for gold prices reached nowadays nowhere the Allzeithoch                       | tax |  day   |  in  | and 
                   after in inflation-adjusted dollars reached gold prices nowadays nowhere near the Allzeithoch                    | tax |  day   |  in  | and 
                  after in inflation-adjusted dollars reached gold prices nowadays nowhere near the                   | Allzeithoch | tax |  day   |  in  | and 
                     risk in inflation-adjusted dollars for gold prices reached nowhere nowadays                      | Allzeithoch | tax |  day   |  in  | and 
                     in inflation-adjusted dollars for gold prices reached nowhere nowadays                    | risk | Allzeithoch | tax |  day   |  in  | and 
                      gold prices reached after adjusting for inflation nowadays not close                     | risk | Allzeithoch | tax |  day   |  in  | and 
                  gold prices reached after adjusting for inflation nowadays not                  |   close    | risk | Allzeithoch | tax |  day   |  in  | and 
                in inflation-adjusted dollars for gold prices reached nowadays nor                |   close    | risk | Allzeithoch | tax |  day   |  in  | and 
              in inflation-adjusted dollars for gold prices reached nowadays              |  nor  |   close    | risk | Allzeithoch | tax |  day   |  in  | and 
          after gold prices reached in inflation-adjusted dollars of present-day          |  nor  |   close    | risk | Allzeithoch | tax |  day   |  in  | and 
         after gold prices reached in inflation-adjusted dollars of         | present-day |  nor  |   close    | risk | Allzeithoch | tax |  day   |  in  | and 
       greenhouse reached in inflation-adjusted dollars for the gold        | present-day |  nor  |   close    | risk | Allzeithoch | tax |  day   |  in  | and 
       reached in inflation-adjusted dollars for the gold      | greenhouse | present-day |  nor  |   close    | risk | Allzeithoch | tax |  day   |  in  | and 
      price for the in inflation-adjusted dollars reached      | greenhouse | present-day |  nor  |   close    | risk | Allzeithoch | tax |  day   |  in  | and 
   for the in inflation-adjusted dollars reached   |   price   | greenhouse | present-day |  nor  |   close    | risk | Allzeithoch | tax |  day   |  in  | and 
     ’ s reached after adjusted for inflation    |   price   | greenhouse | present-day |  nor  |   close    | risk | Allzeithoch | tax |  day   |  in  | and 
    reached after adjusted for inflation   | ’ s |   price   | greenhouse | present-day |  nor  |   close    | risk | Allzeithoch | tax |  day   |  in  | and 
   in inflation-adjusted dollars for met   | ’ s |   price   | greenhouse | present-day |  nor  |   close    | risk | Allzeithoch | tax |  day   |  in  | and 
in inflation-adjusted dollars for|   met    | ’ s |   price   | greenhouse | present-day |  nor  |   close    | risk | Allzeithoch | tax |  day   |  in  | and 
   for inflation and possibly   |   met    | ’ s |   price   | greenhouse | present-day |  nor  |   close    | risk | Allzeithoch | tax |  day   |  in  | and 
 possibly |    for inflation    |   met    | ’ s |   price   | greenhouse | present-day |  nor  |   close    | risk | Allzeithoch | tax |  day   |  in  | and 
   denn   | inflationsbereinigt | erreicht |  der  | Goldpreis |    von     |    heute    | nicht | annähernd | das  | Allzeithoch | von | Januar | 1980 |  .  

                                           back then , gold hit $ 850 , or well over $ 2,000 in today ’ s dollars .                                           
                                          , then , gold hit $ 850 , or in today ’ s dollars 2,000 considerably above                                          
                                         then , gold hit $ 850 , or in today ’ s dollars 2,000 considerably above                                         | , 
                                        , gold hit $ 850 , or in today ’ s value considerably above $ 2,000 primed                                        | , 
 primed |                                       , gold hit $ 850 , or in today ’ s value considerably above $ 2,000                                       | , 
 primed |                                      gold hit $ 850 , or in today ’ s above $ 2,000 considerably has stood                                      | , 
 primed | has stood |                                     gold hit $ 850 , or in today ’ s above $ 2,000 considerably                                     | , 
 primed | has stood |                                  hit $ 850 , or in today ’ s dollars considerably above 2,000 Gold                                  | , 
 primed | has stood | Gold |                                 hit $ 850 , or in today ’ s dollars considerably above 2,000                                 | , 
 primed | has stood | Gold |                             hit $ 850 , or in today ’ s value more than 2,000 considerably of $                              | , 
 primed | has stood | Gold |                            hit $ 850 , or in today ’ s value more than 2,000 considerably                           |  of $  | , 
 primed | has stood | Gold |                             $ 850 , thus in today ’ s considerably more than 2,000 upon                             |  of $  | , 
 primed | has stood | Gold | upon |                            $ 850 , thus in today ’ s considerably more than 2,000                            |  of $  | , 
 primed | has stood | Gold | upon |                          850 dollars , so in today ’ s considerably more than 2,000                          |  of $  | , 
 primed | has stood | Gold | upon | 850 |                         dollars , so in today ’ s considerably more than 2,000                         |  of $  | , 
 primed | has stood | Gold | upon | 850 |                         dollar , , i.e. in today ’ s considerably above 2,000                          |  of $  | , 
 primed | has stood | Gold | upon | 850 | dollar , |                         , i.e. in today ’ s considerably above 2,000                        |  of $  | , 
 primed | has stood | Gold | upon | 850 | dollar , |                     holding thus in today ’ s considerably across 2,000                     |  of $  | , 
 primed | has stood | Gold | upon | 850 | dollar , | holding |                    thus in today ’ s considerably across 2,000                    |  of $  | , 
 primed | has stood | Gold | upon | 850 | dollar , | holding |                 thus in today ’ s considerably across two thousand                |  of $  | , 
 primed | has stood | Gold | upon | 850 | dollar , | holding |               thus in today ’ s considerably across                | two thousand |  of $  | , 
 primed | has stood | Gold | upon | 850 | dollar , | holding |               fleet above considerably in today ’ s                | two thousand |  of $  | , 
 primed | has stood | Gold | upon | 850 | dollar , | holding | fleet |              above considerably in today ’ s               | two thousand |  of $  | , 
 primed | has stood | Gold | upon | 850 | dollar , | holding | fleet |             today ’ s above considerably enter             | two thousand |  of $  | , 
 primed | has stood | Gold | upon | 850 | dollar , | holding | fleet | enter |            today ’ s above considerably            | two thousand |  of $  | , 
 primed | has stood | Gold | upon | 850 | dollar , | holding | fleet | enter |            today above ’ s considerably            | two thousand |  of $  | , 
 primed | has stood | Gold | upon | 850 | dollar , | holding | fleet | enter |  today   |          above ’ s considerably         | two thousand |  of $  | , 
 primed | has stood | Gold | upon | 850 | dollar , | holding | fleet | enter |  today   |           ’ s a lot concerning          | two thousand |  of $  | , 
 primed | has stood | Gold | upon | 850 | dollar , | holding | fleet | enter |  today   |         ’ s a lot          | concerning | two thousand |  of $  | , 
 primed | has stood | Gold | upon | 850 | dollar , | holding | fleet | enter |  today   |some monetary value surrounding| concerning | two thousand |  of $  | , 
 primed | has stood | Gold | upon | 850 | dollar , | holding | fleet | enter |  today   |monetary value surrounding|   some  | concerning | two thousand |  of $  | , 
 primed | has stood | Gold | upon | 850 | dollar , | holding | fleet | enter |  today   |   ’ s seeking    |   some  | concerning | two thousand |  of $  | , 
 primed | has stood | Gold | upon | 850 | dollar , | holding | fleet | enter |  today   |  ’ s   | seeking |   some  | concerning | two thousand |  of $  | , 
 damals |    lag    | Gold | bei  | 850 |  Dollar  |    ,    |  also |   in  | heutigem | Geldwert |    um   | einiges |   über    |    2.000     | Dollar | . 

                                            but January 1980 was arguably a “ freak peak ” during a period of heightened geo-political instability .                                           
                                           . in however January 1980 was arguably a “ freak peak ” in an era of heightened geo-political instability                                           
                                          however January 1980 was arguably a “ freak peak ” in an era of heightened geo-political instability                                          | . in 
                                            volatility however January 1980 was arguably a “ freak peak ” in an era heightened geo-political                                            | . in 
                                         however January 1980 was arguably a “ freak peak ” in an era heightened geo-political                                          |   volatility  | . in 
                                     regional geopolitical however January 1980 was arguably a “ freak peak ” in an age heightened                                      |   volatility  | . in 
                                    however January 1980 was arguably a “ freak peak ” in an age heightened                                     | regional geopolitical |   volatility  | . in 
                                     increase however January 1980 was arguably a “ freak peak ” in an age                                      | regional geopolitical |   volatility  | . in 
                                    however January 1980 was arguably a “ freak peak ” in an age                                    |  increase | regional geopolitical |   volatility  | . in 
                                  castigated however January 1980 was arguably a “ freak peak ” a                                   |  increase | regional geopolitical |   volatility  | . in 
                                  however January 1980 was arguably a “ freak peak ” a                                 | castigated |  increase | regional geopolitical |   volatility  | . in 
                            missile however , January 1980 was arguably a “ freak peak ” in                            | castigated |  increase | regional geopolitical |   volatility  | . in 
                           however , January 1980 was arguably a “ freak peak ” in                           | missile | castigated |  increase | regional geopolitical |   volatility  | . in 
                              however witnessed January 1980 a “ freak peak ” of                             | missile | castigated |  increase | regional geopolitical |   volatility  | . in 
                            however witnessed January 1980 a “ freak peak ”                             | of | missile | castigated |  increase | regional geopolitical |   volatility  | . in 
                              &quot; however January 1980 was a “ freak peak                              | of | missile | castigated |  increase | regional geopolitical |   volatility  | . in 
                             however January 1980 was a “ freak peak                             | &quot; | of | missile | castigated |  increase | regional geopolitical |   volatility  | . in 
                             however was January 1980 a “ freak peak                             | &quot; | of | missile | castigated |  increase | regional geopolitical |   volatility  | . in 
                            however was January 1980 a “ freak                            | peak | &quot; | of | missile | castigated |  increase | regional geopolitical |   volatility  | . in 
                        however January 1980 was obviously “ Freak                        | peak | &quot; | of | missile | castigated |  increase | regional geopolitical |   volatility  | . in 
                       however January 1980 was obviously “                       | Freak | peak | &quot; | of | missile | castigated |  increase | regional geopolitical |   volatility  | . in 
                      ‘ but there January 1980 obviously an                       | Freak | peak | &quot; | of | missile | castigated |  increase | regional geopolitical |   volatility  | . in 
                     but there January 1980 obviously an                      | ‘ | Freak | peak | &quot; | of | missile | castigated |  increase | regional geopolitical |   volatility  | . in 
              joining however January 1980 was arguably obvious               | ‘ | Freak | peak | &quot; | of | missile | castigated |  increase | regional geopolitical |   volatility  | . in 
             however January 1980 was arguably obvious              | joining | ‘ | Freak | peak | &quot; | of | missile | castigated |  increase | regional geopolitical |   volatility  | . in 
            apparent , however January 1980 was arguably            | joining | ‘ | Freak | peak | &quot; | of | missile | castigated |  increase | regional geopolitical |   volatility  | . in 
        , however January 1980 was arguably        |    apparent    | joining | ‘ | Freak | peak | &quot; | of | missile | castigated |  increase | regional geopolitical |   volatility  | . in 
             however gave in January in            |    apparent    | joining | ‘ | Freak | peak | &quot; | of | missile | castigated |  increase | regional geopolitical |   volatility  | . in 
          however gave in January           |  in  |    apparent    | joining | ‘ | Freak | peak | &quot; | of | missile | castigated |  increase | regional geopolitical |   volatility  | . in 
              however was in ,              |  in  |    apparent    | joining | ‘ | Freak | peak | &quot; | of | missile | castigated |  increase | regional geopolitical |   volatility  | . in 
           however was in          |   ,    |  in  |    apparent    | joining | ‘ | Freak | peak | &quot; | of | missile | castigated |  increase | regional geopolitical |   volatility  | . in 
             gave the ,            |   ,    |  in  |    apparent    | joining | ‘ | Freak | peak | &quot; | of | missile | castigated |  increase | regional geopolitical |   volatility  | . in 
     ,      |       gave the       |   ,    |  in  |    apparent    | joining | ‘ | Freak | peak | &quot; | of | missile | castigated |  increase | regional geopolitical |   volatility  | . in 
     ,      |       , in the       |   ,    |  in  |    apparent    | joining | ‘ | Freak | peak | &quot; | of | missile | castigated |  increase | regional geopolitical |   volatility  | . in 
     ,      |  ,  |     in the     |   ,    |  in  |    apparent    | joining | ‘ | Freak | peak | &quot; | of | missile | castigated |  increase | regional geopolitical |   volatility  | . in 
     ,      |  ,  |  allow within  |   ,    |  in  |    apparent    | joining | ‘ | Freak | peak | &quot; | of | missile | castigated |  increase | regional geopolitical |   volatility  | . in 
     ,      |  ,  | allow | within |   ,    |  in  |    apparent    | joining | ‘ | Freak | peak | &quot; | of | missile | castigated |  increase | regional geopolitical |   volatility  | . in 
 allerdings | gab |   es  |   im   | Januar | 1980 | offensichtlich |  einen  | „ | Freak | Peak |  “   | in |  einer  |    Zeit    | erhöhter |     geopolitischer    | Instabilität |  .   

                                                      at $ 1,300 , today ’ s price is probably more than double very long-term , inflation-adjusted , average gold prices .                                                       
                                                            ? at $ 1,300 , today ’ s price arguably twice very long-term , inflation-adjusted Durchschnitts-Goldpreise                                                            
                                                           at $ 1,300 , today ’ s price arguably twice very long-term , inflation-adjusted Durchschnitts-Goldpreise                                                           | ? 
                                                 helped by $ 1,300 , today ’ s price is probably twice the long-term , inflation-adjusted extremely Durchschnitts-Goldpreise                                                  | ? 
 helped |                                                  $ 1,300 , today ’ s price is probably twice the long-term , inflation-adjusted extremely Durchschnitts-Goldpreise                                                  | ? 
 helped |                                              1.300 dollars worth of the current cost arguably twice very long-term , inflation-adjusted Durchschnitts-Goldpreise somewhat                                             | ? 
 helped | somewhat |                                            1.300 dollars worth of the current cost arguably twice very long-term , inflation-adjusted Durchschnitts-Goldpreise                                             | ? 
 helped | somewhat |                                             1.300 dollars of the current price guess twice very long-term , inflation-adjusted Durchschnitts-Goldpreise virtue                                             | ? 
 helped | somewhat | virtue |                                            1.300 dollars of the current price guess twice very long-term , inflation-adjusted Durchschnitts-Goldpreise                                            | ? 
 helped | somewhat | virtue |                                           Durchschnitts-Goldpreise 1.300 dollars of the current price arguably twice very long-term , inflation-adjusted                                          | ? 
 helped | somewhat | virtue |                                         1.300 dollars of the current price arguably twice very long-term , inflation-adjusted                                          | Durchschnitts-Goldpreise | ? 
 helped | somewhat | virtue |                                               1.300 dollars from the current price arguably twice the long-term quite ,                                                | Durchschnitts-Goldpreise | ? 
 helped | somewhat | virtue |                                    1.300 dollars from the current price arguably twice the long-term quite                                     |           ,           | Durchschnitts-Goldpreise | ? 
 helped | somewhat | virtue |                                      aimed 1.300 dollars of the nowadays price arguably twice a long-run                                       |           ,           | Durchschnitts-Goldpreise | ? 
 helped | somewhat | virtue |                                     1.300 dollars of the nowadays price arguably twice a long-run                                      | aimed |           ,           | Durchschnitts-Goldpreise | ? 
 helped | somewhat | virtue |                                   1.300 dollars from the current price arguably twice the quite long                                   | aimed |           ,           | Durchschnitts-Goldpreise | ? 
 helped | somewhat | virtue |                             1.300 dollars from the current price arguably twice the quite                              |      long     | aimed |           ,           | Durchschnitts-Goldpreise | ? 
 helped | somewhat | virtue |                               wary of the current price 1.300 dollars arguably twice the                               |      long     | aimed |           ,           | Durchschnitts-Goldpreise | ? 
 helped | somewhat | virtue |                              of the current price 1.300 dollars arguably twice the                              | wary |      long     | aimed |           ,           | Durchschnitts-Goldpreise | ? 
 helped | somewhat | virtue |                           financial 1.300 dollars of the price arguably nowadays twice                          | wary |      long     | aimed |           ,           | Durchschnitts-Goldpreise | ? 
 helped | somewhat | virtue |                          1.300 dollars of the price arguably nowadays twice                         | financial | wary |      long     | aimed |           ,           | Durchschnitts-Goldpreise | ? 
 helped | somewhat | virtue |                    type among 1.300 dollars , today ’ s price is probably twice                   | financial | wary |      long     | aimed |           ,           | Durchschnitts-Goldpreise | ? 
 helped | somewhat | virtue |                  among 1.300 dollars , today ’ s price is probably twice                   | type | financial | wary |      long     | aimed |           ,           | Durchschnitts-Goldpreise | ? 
 helped | somewhat | virtue |                  heavily 1.300 dollars of the nowadays price arguably twice                  | type | financial | wary |      long     | aimed |           ,           | Durchschnitts-Goldpreise | ? 
 helped | somewhat | virtue |                 1.300 dollars of the nowadays price arguably twice                 | heavily | type | financial | wary |      long     | aimed |           ,           | Durchschnitts-Goldpreise | ? 
 helped | somewhat | virtue |               of the current price 1.300 dollars arguably doubly for               | heavily | type | financial | wary |      long     | aimed |           ,           | Durchschnitts-Goldpreise | ? 
 helped | somewhat | virtue |              of the current price 1.300 dollars arguably doubly              | for | heavily | type | financial | wary |      long     | aimed |           ,           | Durchschnitts-Goldpreise | ? 
 helped | somewhat | virtue |                 of the dollar 1.300 current price arguably a                 | for | heavily | type | financial | wary |      long     | aimed |           ,           | Durchschnitts-Goldpreise | ? 
 helped | somewhat | virtue |             of the dollar 1.300 current price arguably             |    a    | for | heavily | type | financial | wary |      long     | aimed |           ,           | Durchschnitts-Goldpreise | ? 
 helped | somewhat | virtue |           of the dollar price 1.300 nowadays presumably            |    a    | for | heavily | type | financial | wary |      long     | aimed |           ,           | Durchschnitts-Goldpreise | ? 
 helped | somewhat | virtue |           of the dollar price 1.300 nowadays          | presumably |    a    | for | heavily | type | financial | wary |      long     | aimed |           ,           | Durchschnitts-Goldpreise | ? 
 helped | somewhat | virtue |          dollars 1.300 is nowadays price tax          | presumably |    a    | for | heavily | type | financial | wary |      long     | aimed |           ,           | Durchschnitts-Goldpreise | ? 
 helped | somewhat | virtue | tax |         dollars 1.300 is nowadays price         | presumably |    a    | for | heavily | type | financial | wary |      long     | aimed |           ,           | Durchschnitts-Goldpreise | ? 
 helped | somewhat | virtue | tax |         dollars is nowadays price 1.300         | presumably |    a    | for | heavily | type | financial | wary |      long     | aimed |           ,           | Durchschnitts-Goldpreise | ? 
 helped | somewhat | virtue | tax | 1.300 |        dollars is nowadays price        | presumably |    a    | for | heavily | type | financial | wary |      long     | aimed |           ,           | Durchschnitts-Goldpreise | ? 
 helped | somewhat | virtue | tax | 1.300 |           of $ is ’ s price           | presumably |    a    | for | heavily | type | financial | wary |      long     | aimed |           ,           | Durchschnitts-Goldpreise | ? 
 helped | somewhat | virtue | tax | 1.300 |  of $  |         is ’ s price         | presumably |    a    | for | heavily | type | financial | wary |      long     | aimed |           ,           | Durchschnitts-Goldpreise | ? 
 helped | somewhat | virtue | tax | 1.300 |  of $  |      is nowadays costs ,       | presumably |    a    | for | heavily | type | financial | wary |      long     | aimed |           ,           | Durchschnitts-Goldpreise | ? 
 helped | somewhat | virtue | tax | 1.300 |  of $  |     is nowadays      | costs , | presumably |    a    | for | heavily | type | financial | wary |      long     | aimed |           ,           | Durchschnitts-Goldpreise | ? 
 helped | somewhat | virtue | tax | 1.300 |  of $  |       is a now       | costs , | presumably |    a    | for | heavily | type | financial | wary |      long     | aimed |           ,           | Durchschnitts-Goldpreise | ? 
 helped | somewhat | virtue | tax | 1.300 |  of $  |    is a    |   now   | costs , | presumably |    a    | for | heavily | type | financial | wary |      long     | aimed |           ,           | Durchschnitts-Goldpreise | ? 
 helped | somewhat | virtue | tax | 1.300 |  of $  |  in went   |   now   | costs , | presumably |    a    | for | heavily | type | financial | wary |      long     | aimed |           ,           | Durchschnitts-Goldpreise | ? 
 helped | somewhat | virtue | tax | 1.300 |  of $  | went |  in |   now   | costs , | presumably |    a    | for | heavily | type | financial | wary |      long     | aimed |           ,           | Durchschnitts-Goldpreise | ? 
  bei   |  einem   |  Wert  | von | 1.300 | Dollar | ist  | der | heutige |  Preis  |    wohl    | doppelt |  so |   hoch  | wie  |    die    | sehr | langfristigen |   ,   | inflationsbereinigten | Durchschnitts-Goldpreise | . 

                                      so what could justify another huge increase in gold prices from here ?                                     
                                     what could further colossal rise in gold prices from here motivate ? the                                    
                                    what could further colossal rise in gold prices from here motivate                                   | ? the 
                                what might colossal further increase in gold prices from here to motivate                                | ? the 
                               what might colossal further increase in gold prices from here                                |  motivate  | ? the 
                              mix of what could further increase colossal of the value of gold                              |  motivate  | ? the 
                              what could further increase colossal of the value of gold                               | mix |  motivate  | ? the 
                           resulting thus might colossal further rise of the value of gold                            | mix |  motivate  | ? the 
 resulting |                          thus might colossal further rise of the value of gold                           | mix |  motivate  | ? the 
 resulting |                           thumb could thus further colossal rise in gold that                            | mix |  motivate  | ? the 
 resulting |                          could thus further colossal rise in gold that                           | thumb | mix |  motivate  | ? the 
 resulting |                      these , so further colossal increase in gold prices of                      | thumb | mix |  motivate  | ? the 
 resulting |                     , so further colossal increase in gold prices of                    | these  | thumb | mix |  motivate  | ? the 
 resulting |                     could further colossal rise of the gold utterly                     | these  | thumb | mix |  motivate  | ? the 
 resulting | utterly |                    could further colossal rise of the gold                    | these  | thumb | mix |  motivate  | ? the 
 resulting | utterly |                 among the colossal could further rise in gold                 | these  | thumb | mix |  motivate  | ? the 
 resulting | utterly |                  colossal could further rise in gold                  | among | these  | thumb | mix |  motivate  | ? the 
 resulting | utterly |                  gold might further rise of colossal                  | among | these  | thumb | mix |  motivate  | ? the 
 resulting | utterly |              might further rise of colossal             |     gold    | among | these  | thumb | mix |  motivate  | ? the 
 resulting | utterly |              pick colossal further rise of              |     gold    | among | these  | thumb | mix |  motivate  | ? the 
 resulting | utterly |   pick  |            colossal further rise of           |     gold    | among | these  | thumb | mix |  motivate  | ? the 
 resulting | utterly |   pick  |         look rise further colossal of         |     gold    | among | these  | thumb | mix |  motivate  | ? the 
 resulting | utterly |   pick  |  look |        rise further colossal of       |     gold    | among | these  | thumb | mix |  motivate  | ? the 
 resulting | utterly |   pick  |  look |        colossal rise further in       |     gold    | among | these  | thumb | mix |  motivate  | ? the 
 resulting | utterly |   pick  |  look |      colossal rise further      |  in |     gold    | among | these  | thumb | mix |  motivate  | ? the 
 resulting | utterly |   pick  |  look |     run-up further whopping     |  in |     gold    | among | these  | thumb | mix |  motivate  | ? the 
 resulting | utterly |   pick  |  look |    further whopping   |  run-up |  in |     gold    | among | these  | thumb | mix |  motivate  | ? the 
 resulting | utterly |   pick  |  look |       huge wider      |  run-up |  in |     gold    | among | these  | thumb | mix |  motivate  | ? the 
 resulting | utterly |   pick  |  look |  wider   |    huge    |  run-up |  in |     gold    | among | these  | thumb | mix |  motivate  | ? the 
    was    |   also  | könnte | einen | weiteren | kolossalen | Anstieg | des | Goldpreises |  von  | diesem |  Wert | aus | begründen |   ?   

                  one answer , of course , is a complete collapse of the US dollar .                 
                and opportunity would obviously a complete collapse of the US dollars                
               opportunity would obviously a complete collapse of the US dollars               | and 
                      a complete possibility , the collapse of US dollars                      | and 
                     a complete possibility , the collapse of                     | US dollars | and 
                opportunity is the collapse of course complete th                 | US dollars | and 
               opportunity is the collapse of course complete               |  th | US dollars | and 
             allow possibility obviously the complete breakdown             |  th | US dollars | and 
 allow |            possibility obviously the complete breakdown            |  th | US dollars | and 
 allow |             possibility the complete obviously breakup             |  th | US dollars | and 
 allow |         possibility the complete obviously         |    breakup    |  th | US dollars | and 
 allow |          possibility obviously the issues          |    breakup    |  th | US dollars | and 
 allow |         possibility obviously the         | issues |    breakup    |  th | US dollars | and 
 allow |        &apos;s would obviously owes       | issues |    breakup    |  th | US dollars | and 
 allow |     owes     |  &apos;s would obviously   | issues |    breakup    |  th | US dollars | and 
 allow |     owes     |   among would certainly    | issues |    breakup    |  th | US dollars | and 
 allow |     owes     |  would certainly   | among | issues |    breakup    |  th | US dollars | and 
 allow |     owes     |   fled obviously   | among | issues |    breakup    |  th | US dollars | and 
 allow |     owes     |  fled | obviously  | among | issues |    breakup    |  th | US dollars | and 
  eine | Möglichkeit | wäre | natürlich |  der  | totale | Zusammenbruch | des | US-Dollars |  .  

                                                       and if you are really worried about that , gold might indeed be the most reliable hedge .                                                       
                                                      whoever , and really worried about that , gold might indeed be the most reliable hedge . in                                                      
                                                     whoever , and really worried about that , gold might indeed be the most reliable hedge                                                     | . in 
                                            graduation themselves and whoever really worried about that , gold might indeed the most reliable hedge                                             | . in 
                                            themselves and whoever really worried about that , gold might indeed the most reliable hedge                                           | graduation | . in 
                                        protection , whoever and themselves really worried about that , gold might indeed the most reliable                                        | graduation | . in 
                                       whoever and themselves really worried about that , gold might indeed the most reliable                                       | protection , | graduation | . in 
                                           most reliable , and whoever really worried about that , gold might indeed the                                            | protection , | graduation | . in 
                                         , and whoever really worried about that , gold might indeed the                                          |  most reliable  | protection , | graduation | . in 
                                        prices , and whoever really worried about that , gold might indeed                                        |  most reliable  | protection , | graduation | . in 
                                       , and whoever really worried about that , gold might indeed                                       | prices |  most reliable  | protection , | graduation | . in 
                                 genuinely and whoever themselves really worried about that , gold might                                 | prices |  most reliable  | protection , | graduation | . in 
                              and whoever themselves really worried about that , gold might                               |  genuinely   | prices |  most reliable  | protection , | graduation | . in 
                              and gold and whoever himself really worried about that , could                              |  genuinely   | prices |  most reliable  | protection , | graduation | . in 
                             and whoever himself really worried about that , could                             | and gold |  genuinely   | prices |  most reliable  | protection , | graduation | . in 
                              and whoever this respects really concerns , makes of                             | and gold |  genuinely   | prices |  most reliable  | protection , | graduation | . in 
                            and whoever this respects really concerns , makes                             | of | and gold |  genuinely   | prices |  most reliable  | protection , | graduation | . in 
                            leaving whoever this is really worries makes might                            | of | and gold |  genuinely   | prices |  most reliable  | protection , | graduation | . in 
 leaving |                           whoever this is really worries makes might                           | of | and gold |  genuinely   | prices |  most reliable  | protection , | graduation | . in 
 leaving |                        which this respects really worries makes couldn                         | of | and gold |  genuinely   | prices |  most reliable  | protection , | graduation | . in 
 leaving | which |                       this respects really worries makes couldn                        | of | and gold |  genuinely   | prices |  most reliable  | protection , | graduation | . in 
 leaving | which |                         here really concerns makes could look                          | of | and gold |  genuinely   | prices |  most reliable  | protection , | graduation | . in 
 leaving | which | look |                         here really concerns makes could                        | of | and gold |  genuinely   | prices |  most reliable  | protection , | graduation | . in 
 leaving | which | look |                 enter respects this really worries makes shaping                | of | and gold |  genuinely   | prices |  most reliable  | protection , | graduation | . in 
 leaving | which | look | enter |                respects this really worries makes shaping               | of | and gold |  genuinely   | prices |  most reliable  | protection , | graduation | . in 
 leaving | which | look | enter |              respects makes this really worries couldn ’              | of | and gold |  genuinely   | prices |  most reliable  | protection , | graduation | . in 
 leaving | which | look | enter |             respects makes this really worries             | couldn ’ | of | and gold |  genuinely   | prices |  most reliable  | protection , | graduation | . in 
 leaving | which | look | enter |        seeking respects this really concerns makes         | couldn ’ | of | and gold |  genuinely   | prices |  most reliable  | protection , | graduation | . in 
 leaving | which | look | enter |       respects this really concerns makes        | seeking | couldn ’ | of | and gold |  genuinely   | prices |  most reliable  | protection , | graduation | . in 
 leaving | which | look | enter |         respects that really worries is          | seeking | couldn ’ | of | and gold |  genuinely   | prices |  most reliable  | protection , | graduation | . in 
 leaving | which | look | enter |       respects that really worries       |   is  | seeking | couldn ’ | of | and gold |  genuinely   | prices |  most reliable  | protection , | graduation | . in 
 leaving | which | look | enter |       this extent truly , worries        |   is  | seeking | couldn ’ | of | and gold |  genuinely   | prices |  most reliable  | protection , | graduation | . in 
 leaving | which | look | enter |      this extent truly       | , worries |   is  | seeking | couldn ’ | of | and gold |  genuinely   | prices |  most reliable  | protection , | graduation | . in 
 leaving | which | look | enter |       this field real        | , worries |   is  | seeking | couldn ’ | of | and gold |  genuinely   | prices |  most reliable  | protection , | graduation | . in 
 leaving | which | look | enter |     this field    |   real   | , worries |   is  | seeking | couldn ’ | of | and gold |  genuinely   | prices |  most reliable  | protection , | graduation | . in 
 leaving | which | look | enter |    cope extent    |   real   | , worries |   is  | seeking | couldn ’ | of | and gold |  genuinely   | prices |  most reliable  | protection , | graduation | . in 
 leaving | which | look | enter |  cope  |  extent  |   real   | , worries |   is  | seeking | couldn ’ | of | and gold |  genuinely   | prices |  most reliable  | protection , | graduation | . in 
   und   |  wer  | sich |   in  | dieser | Hinsicht | wirklich |   Sorgen  | macht |    ,    |  könnte   | in |   Gold   | tatsächlich |  die   | verlässlichste | Absicherung  |   finden   |  .   

